[0.729s] DEBUG:colcon:Command line arguments: ['/usr/bin/colcon', 'build']
[0.730s] DEBUG:colcon:Parsed command line arguments: Namespace(allow_overriding=[], ament_cmake_args=None, base_paths=['.'], build_base='build', catkin_cmake_args=None, catkin_skip_building_tests=False, cmake_args=None, cmake_clean_cache=False, cmake_clean_first=False, cmake_force_configure=False, cmake_target=None, cmake_target_skip_unavailable=False, continue_on_error=False, event_handlers=None, executor='parallel', ignore_user_meta=False, install_base='install', log_base=None, log_level=None, main=<bound method BuildVerb.main of <colcon_core.verb.build.BuildVerb object at 0x7f8b4dad1af0>>, merge_install=False, metas=['./colcon.meta'], packages_above=None, packages_above_and_dependencies=None, packages_above_depth=None, packages_end=None, packages_ignore=None, packages_ignore_regex=None, packages_select=None, packages_select_build_failed=False, packages_select_by_dep=None, packages_select_regex=None, packages_select_test_failures=False, packages_skip=None, packages_skip_build_finished=False, packages_skip_by_dep=None, packages_skip_regex=None, packages_skip_test_passed=False, packages_skip_up_to=None, packages_start=None, packages_up_to=None, packages_up_to_regex=None, parallel_workers=10, paths=None, symlink_install=False, test_result_base=None, verb_extension=<colcon_core.verb.build.BuildVerb object at 0x7f8b4dad1af0>, verb_name='build', verb_parser=<colcon_defaults.argument_parser.defaults.DefaultArgumentsDecorator object at 0x7f8b4dade040>)
[0.790s] Level 1:colcon.colcon_core.package_discovery:discover_packages(colcon_meta) check parameters
[0.791s] Level 1:colcon.colcon_core.package_discovery:discover_packages(recursive) check parameters
[0.791s] Level 1:colcon.colcon_core.package_discovery:discover_packages(ignore) check parameters
[0.791s] Level 1:colcon.colcon_core.package_discovery:discover_packages(path) check parameters
[0.791s] Level 1:colcon.colcon_core.package_discovery:discover_packages(colcon_meta) discover
[0.792s] Level 1:colcon.colcon_core.package_discovery:discover_packages(recursive) discover
[0.792s] INFO:colcon.colcon_core.package_discovery:Crawling recursively for packages in '/home/jg/farmbot_ws'
[0.792s] Level 1:colcon.colcon_core.package_identification:_identify(.) by extensions ['ignore', 'ignore_ament_install']
[0.793s] Level 1:colcon.colcon_core.package_identification:_identify(.) by extension 'ignore'
[0.793s] Level 1:colcon.colcon_core.package_identification:_identify(.) by extension 'ignore_ament_install'
[0.793s] Level 1:colcon.colcon_core.package_identification:_identify(.) by extensions ['colcon_pkg']
[0.794s] Level 1:colcon.colcon_core.package_identification:_identify(.) by extension 'colcon_pkg'
[0.794s] Level 1:colcon.colcon_core.package_identification:_identify(.) by extensions ['colcon_meta']
[0.794s] Level 1:colcon.colcon_core.package_identification:_identify(.) by extension 'colcon_meta'
[0.794s] Level 1:colcon.colcon_core.package_identification:_identify(.) by extensions ['ros']
[0.794s] Level 1:colcon.colcon_core.package_identification:_identify(.) by extension 'ros'
[0.835s] Level 1:colcon.colcon_core.package_identification:_identify(.) by extensions ['cmake', 'python']
[0.836s] Level 1:colcon.colcon_core.package_identification:_identify(.) by extension 'cmake'
[0.836s] Level 1:colcon.colcon_core.package_identification:_identify(.) by extension 'python'
[0.836s] Level 1:colcon.colcon_core.package_identification:_identify(.) by extensions ['python_setup_py']
[0.837s] Level 1:colcon.colcon_core.package_identification:_identify(.) by extension 'python_setup_py'
[0.838s] Level 1:colcon.colcon_core.package_identification:_identify(build) by extensions ['ignore', 'ignore_ament_install']
[0.838s] Level 1:colcon.colcon_core.package_identification:_identify(build) by extension 'ignore'
[0.838s] Level 1:colcon.colcon_core.package_identification:_identify(build) ignored
[0.839s] Level 1:colcon.colcon_core.package_identification:_identify(install) by extensions ['ignore', 'ignore_ament_install']
[0.839s] Level 1:colcon.colcon_core.package_identification:_identify(install) by extension 'ignore'
[0.840s] Level 1:colcon.colcon_core.package_identification:_identify(install) ignored
[0.840s] Level 1:colcon.colcon_core.package_identification:_identify(log) by extensions ['ignore', 'ignore_ament_install']
[0.841s] Level 1:colcon.colcon_core.package_identification:_identify(log) by extension 'ignore'
[0.841s] Level 1:colcon.colcon_core.package_identification:_identify(log) ignored
[0.841s] Level 1:colcon.colcon_core.package_identification:_identify(src) by extensions ['ignore', 'ignore_ament_install']
[0.842s] Level 1:colcon.colcon_core.package_identification:_identify(src) by extension 'ignore'
[0.842s] Level 1:colcon.colcon_core.package_identification:_identify(src) by extension 'ignore_ament_install'
[0.842s] Level 1:colcon.colcon_core.package_identification:_identify(src) by extensions ['colcon_pkg']
[0.842s] Level 1:colcon.colcon_core.package_identification:_identify(src) by extension 'colcon_pkg'
[0.842s] Level 1:colcon.colcon_core.package_identification:_identify(src) by extensions ['colcon_meta']
[0.843s] Level 1:colcon.colcon_core.package_identification:_identify(src) by extension 'colcon_meta'
[0.843s] Level 1:colcon.colcon_core.package_identification:_identify(src) by extensions ['ros']
[0.843s] Level 1:colcon.colcon_core.package_identification:_identify(src) by extension 'ros'
[0.843s] Level 1:colcon.colcon_core.package_identification:_identify(src) by extensions ['cmake', 'python']
[0.843s] Level 1:colcon.colcon_core.package_identification:_identify(src) by extension 'cmake'
[0.843s] Level 1:colcon.colcon_core.package_identification:_identify(src) by extension 'python'
[0.843s] Level 1:colcon.colcon_core.package_identification:_identify(src) by extensions ['python_setup_py']
[0.844s] Level 1:colcon.colcon_core.package_identification:_identify(src) by extension 'python_setup_py'
[0.844s] Level 1:colcon.colcon_core.package_identification:_identify(src/farmbot_description) by extensions ['ignore', 'ignore_ament_install']
[0.844s] Level 1:colcon.colcon_core.package_identification:_identify(src/farmbot_description) by extension 'ignore'
[0.844s] Level 1:colcon.colcon_core.package_identification:_identify(src/farmbot_description) by extension 'ignore_ament_install'
[0.845s] Level 1:colcon.colcon_core.package_identification:_identify(src/farmbot_description) by extensions ['colcon_pkg']
[0.845s] Level 1:colcon.colcon_core.package_identification:_identify(src/farmbot_description) by extension 'colcon_pkg'
[0.845s] Level 1:colcon.colcon_core.package_identification:_identify(src/farmbot_description) by extensions ['colcon_meta']
[0.845s] Level 1:colcon.colcon_core.package_identification:_identify(src/farmbot_description) by extension 'colcon_meta'
[0.845s] Level 1:colcon.colcon_core.package_identification:_identify(src/farmbot_description) by extensions ['ros']
[0.845s] Level 1:colcon.colcon_core.package_identification:_identify(src/farmbot_description) by extension 'ros'
[0.851s] DEBUG:colcon.colcon_core.package_identification:Package 'src/farmbot_description' with type 'ros.ament_python' and name 'farmbot_description'
[0.852s] Level 1:colcon.colcon_core.package_identification:_identify(src/farmbot_gazebo_plugin) by extensions ['ignore', 'ignore_ament_install']
[0.852s] Level 1:colcon.colcon_core.package_identification:_identify(src/farmbot_gazebo_plugin) by extension 'ignore'
[0.852s] Level 1:colcon.colcon_core.package_identification:_identify(src/farmbot_gazebo_plugin) by extension 'ignore_ament_install'
[0.852s] Level 1:colcon.colcon_core.package_identification:_identify(src/farmbot_gazebo_plugin) by extensions ['colcon_pkg']
[0.853s] Level 1:colcon.colcon_core.package_identification:_identify(src/farmbot_gazebo_plugin) by extension 'colcon_pkg'
[0.853s] Level 1:colcon.colcon_core.package_identification:_identify(src/farmbot_gazebo_plugin) by extensions ['colcon_meta']
[0.853s] Level 1:colcon.colcon_core.package_identification:_identify(src/farmbot_gazebo_plugin) by extension 'colcon_meta'
[0.853s] Level 1:colcon.colcon_core.package_identification:_identify(src/farmbot_gazebo_plugin) by extensions ['ros']
[0.853s] Level 1:colcon.colcon_core.package_identification:_identify(src/farmbot_gazebo_plugin) by extension 'ros'
[0.856s] DEBUG:colcon.colcon_core.package_identification:Package 'src/farmbot_gazebo_plugin' with type 'ros.ament_cmake' and name 'farmbot_gazebo_plugin'
[0.856s] Level 1:colcon.colcon_core.package_discovery:discover_packages(recursive) using defaults
[0.856s] Level 1:colcon.colcon_core.package_discovery:discover_packages(ignore) discover
[0.856s] Level 1:colcon.colcon_core.package_discovery:discover_packages(ignore) using defaults
[0.857s] Level 1:colcon.colcon_core.package_discovery:discover_packages(path) discover
[0.857s] Level 1:colcon.colcon_core.package_discovery:discover_packages(path) using defaults
[0.898s] Level 1:colcon.colcon_core.package_discovery:discover_packages(prefix_path) check parameters
[0.898s] Level 1:colcon.colcon_core.package_discovery:discover_packages(prefix_path) discover
[0.905s] DEBUG:colcon.colcon_installed_package_information.package_discovery:Found 6 installed packages in /home/jg/car_ws/install
[0.908s] DEBUG:colcon.colcon_installed_package_information.package_discovery:Found 3 installed packages in /home/jg/neor_mini/mini_sim20_ws/install
[0.912s] DEBUG:colcon.colcon_installed_package_information.package_discovery:Found 315 installed packages in /opt/ros/foxy
[0.917s] Level 1:colcon.colcon_core.package_discovery:discover_packages(prefix_path) using defaults
[1.095s] Level 5:colcon.colcon_core.verb:set package 'farmbot_description' build argument 'cmake_args' from command line to 'None'
[1.095s] Level 5:colcon.colcon_core.verb:set package 'farmbot_description' build argument 'cmake_target' from command line to 'None'
[1.095s] Level 5:colcon.colcon_core.verb:set package 'farmbot_description' build argument 'cmake_target_skip_unavailable' from command line to 'False'
[1.095s] Level 5:colcon.colcon_core.verb:set package 'farmbot_description' build argument 'cmake_clean_cache' from command line to 'False'
[1.095s] Level 5:colcon.colcon_core.verb:set package 'farmbot_description' build argument 'cmake_clean_first' from command line to 'False'
[1.095s] Level 5:colcon.colcon_core.verb:set package 'farmbot_description' build argument 'cmake_force_configure' from command line to 'False'
[1.095s] Level 5:colcon.colcon_core.verb:set package 'farmbot_description' build argument 'ament_cmake_args' from command line to 'None'
[1.095s] Level 5:colcon.colcon_core.verb:set package 'farmbot_description' build argument 'catkin_cmake_args' from command line to 'None'
[1.096s] Level 5:colcon.colcon_core.verb:set package 'farmbot_description' build argument 'catkin_skip_building_tests' from command line to 'False'
[1.096s] DEBUG:colcon.colcon_core.verb:Building package 'farmbot_description' with the following arguments: {'ament_cmake_args': None, 'build_base': '/home/jg/farmbot_ws/build/farmbot_description', 'catkin_cmake_args': None, 'catkin_skip_building_tests': False, 'cmake_args': None, 'cmake_clean_cache': False, 'cmake_clean_first': False, 'cmake_force_configure': False, 'cmake_target': None, 'cmake_target_skip_unavailable': False, 'install_base': '/home/jg/farmbot_ws/install/farmbot_description', 'merge_install': False, 'path': '/home/jg/farmbot_ws/src/farmbot_description', 'symlink_install': False, 'test_result_base': None}
[1.098s] Level 5:colcon.colcon_core.verb:set package 'farmbot_gazebo_plugin' build argument 'cmake_args' from command line to 'None'
[1.098s] Level 5:colcon.colcon_core.verb:set package 'farmbot_gazebo_plugin' build argument 'cmake_target' from command line to 'None'
[1.098s] Level 5:colcon.colcon_core.verb:set package 'farmbot_gazebo_plugin' build argument 'cmake_target_skip_unavailable' from command line to 'False'
[1.098s] Level 5:colcon.colcon_core.verb:set package 'farmbot_gazebo_plugin' build argument 'cmake_clean_cache' from command line to 'False'
[1.098s] Level 5:colcon.colcon_core.verb:set package 'farmbot_gazebo_plugin' build argument 'cmake_clean_first' from command line to 'False'
[1.098s] Level 5:colcon.colcon_core.verb:set package 'farmbot_gazebo_plugin' build argument 'cmake_force_configure' from command line to 'False'
[1.098s] Level 5:colcon.colcon_core.verb:set package 'farmbot_gazebo_plugin' build argument 'ament_cmake_args' from command line to 'None'
[1.098s] Level 5:colcon.colcon_core.verb:set package 'farmbot_gazebo_plugin' build argument 'catkin_cmake_args' from command line to 'None'
[1.098s] Level 5:colcon.colcon_core.verb:set package 'farmbot_gazebo_plugin' build argument 'catkin_skip_building_tests' from command line to 'False'
[1.098s] DEBUG:colcon.colcon_core.verb:Building package 'farmbot_gazebo_plugin' with the following arguments: {'ament_cmake_args': None, 'build_base': '/home/jg/farmbot_ws/build/farmbot_gazebo_plugin', 'catkin_cmake_args': None, 'catkin_skip_building_tests': False, 'cmake_args': None, 'cmake_clean_cache': False, 'cmake_clean_first': False, 'cmake_force_configure': False, 'cmake_target': None, 'cmake_target_skip_unavailable': False, 'install_base': '/home/jg/farmbot_ws/install/farmbot_gazebo_plugin', 'merge_install': False, 'path': '/home/jg/farmbot_ws/src/farmbot_gazebo_plugin', 'symlink_install': False, 'test_result_base': None}
[1.100s] INFO:colcon.colcon_core.executor:Executing jobs using 'parallel' executor
[1.108s] DEBUG:colcon.colcon_parallel_executor.executor.parallel:run_until_complete
[1.109s] INFO:colcon.colcon_ros.task.ament_python.build:Building ROS package in '/home/jg/farmbot_ws/src/farmbot_description' with build type 'ament_python'
[1.109s] Level 1:colcon.colcon_core.shell:create_environment_hook('farmbot_description', 'ament_prefix_path')
[1.118s] INFO:colcon.colcon_core.plugin_system:Skipping extension 'colcon_core.shell.bat': Not used on non-Windows systems
[1.119s] INFO:colcon.colcon_core.shell:Creating environment hook '/home/jg/farmbot_ws/install/farmbot_description/share/farmbot_description/hook/ament_prefix_path.ps1'
[1.120s] INFO:colcon.colcon_core.shell:Creating environment descriptor '/home/jg/farmbot_ws/install/farmbot_description/share/farmbot_description/hook/ament_prefix_path.dsv'
[1.121s] INFO:colcon.colcon_core.shell:Creating environment hook '/home/jg/farmbot_ws/install/farmbot_description/share/farmbot_description/hook/ament_prefix_path.sh'
[1.126s] INFO:colcon.colcon_core.shell:Skip shell extension 'powershell' for command environment: Not usable outside of PowerShell
[1.126s] DEBUG:colcon.colcon_core.shell:Skip shell extension 'dsv' for command environment
[1.141s] INFO:colcon.colcon_ros.task.ament_cmake.build:Building ROS package in '/home/jg/farmbot_ws/src/farmbot_gazebo_plugin' with build type 'ament_cmake'
[1.142s] INFO:colcon.colcon_cmake.task.cmake.build:Building CMake package in '/home/jg/farmbot_ws/src/farmbot_gazebo_plugin'
[1.145s] INFO:colcon.colcon_core.shell:Skip shell extension 'powershell' for command environment: Not usable outside of PowerShell
[1.146s] DEBUG:colcon.colcon_core.shell:Skip shell extension 'dsv' for command environment
[1.165s] WARNING:colcon.colcon_ros.task.ament_python.build:Package 'farmbot_description' doesn't explicitly install a marker in the package index (colcon-ros currently does it implicitly but that fallback will be removed in the future)
[1.166s] WARNING:colcon.colcon_ros.task.ament_python.build:Package 'farmbot_description' doesn't explicitly install the 'package.xml' file (colcon-ros currently does it implicitly but that fallback will be removed in the future)
[1.167s] INFO:colcon.colcon_core.task.python.build:Building Python package in '/home/jg/farmbot_ws/src/farmbot_description'
[1.170s] INFO:colcon.colcon_core.shell:Skip shell extension 'powershell' for command environment: Not usable outside of PowerShell
[1.171s] DEBUG:colcon.colcon_core.shell:Skip shell extension 'dsv' for command environment
[1.202s] DEBUG:colcon.colcon_core.event_handler.log_command:Invoking command in '/home/jg/farmbot_ws/build/farmbot_gazebo_plugin': CMAKE_PREFIX_PATH=${CMAKE_PREFIX_PATH}:/opt/ros/foxy /usr/bin/cmake --build /home/jg/farmbot_ws/build/farmbot_gazebo_plugin -- -j10 -l10
[35.509s] DEBUG:colcon.colcon_parallel_executor.executor.parallel:closing loop
[35.510s] DEBUG:colcon.colcon_parallel_executor.executor.parallel:loop closed
[35.510s] DEBUG:colcon.colcon_parallel_executor.executor.parallel:run_until_complete finished with 'Expected ['/usr/bin/python3', 'setup.py', '--help-commands'] to pass: /usr/bin/python3: can't open file 'setup.py': [Errno 2] No such file or directory
'
[35.510s] DEBUG:colcon.colcon_core.event_reactor:joining thread
[35.519s] INFO:colcon.colcon_core.plugin_system:Skipping extension 'colcon_notification.desktop_notification.terminal_notifier': Not used on non-Darwin systems
[35.519s] INFO:colcon.colcon_core.plugin_system:Skipping extension 'colcon_notification.desktop_notification.win32': Not used on non-Windows systems
[35.520s] INFO:colcon.colcon_notification.desktop_notification:Sending desktop notification using 'notify2'
[35.546s] DEBUG:colcon.colcon_core.event_reactor:joined thread
[35.549s] INFO:colcon.colcon_core.shell:Creating prefix script '/home/jg/farmbot_ws/install/local_setup.ps1'
[35.550s] INFO:colcon.colcon_core.shell:Creating prefix util module '/home/jg/farmbot_ws/install/_local_setup_util_ps1.py'
[35.553s] INFO:colcon.colcon_core.shell:Creating prefix chain script '/home/jg/farmbot_ws/install/setup.ps1'
[35.555s] INFO:colcon.colcon_core.shell:Creating prefix script '/home/jg/farmbot_ws/install/local_setup.sh'
[35.556s] INFO:colcon.colcon_core.shell:Creating prefix util module '/home/jg/farmbot_ws/install/_local_setup_util_sh.py'
[35.557s] INFO:colcon.colcon_core.shell:Creating prefix chain script '/home/jg/farmbot_ws/install/setup.sh'
[35.559s] INFO:colcon.colcon_core.shell:Creating prefix script '/home/jg/farmbot_ws/install/local_setup.bash'
[35.560s] INFO:colcon.colcon_core.shell:Creating prefix chain script '/home/jg/farmbot_ws/install/setup.bash'
[35.563s] INFO:colcon.colcon_core.shell:Creating prefix script '/home/jg/farmbot_ws/install/local_setup.zsh'
[35.563s] INFO:colcon.colcon_core.shell:Creating prefix chain script '/home/jg/farmbot_ws/install/setup.zsh'
