[0.037s] Invoking command in '/home/jg/farmbot_ws/build/farmbot_gazebo_plugin': CMAKE_PREFIX_PATH=${CMAKE_PREFIX_PATH}:/opt/ros/foxy /usr/bin/cmake /home/jg/farmbot_ws/src/farmbot_gazebo_plugin -DCMAKE_INSTALL_PREFIX=/home/jg/farmbot_ws/install/farmbot_gazebo_plugin
[0.113s] -- The C compiler identification is GNU 9.4.0
[0.192s] -- The CXX compiler identification is GNU 9.4.0
[0.199s] -- Check for working C compiler: /usr/bin/cc
[0.297s] -- Check for working C compiler: /usr/bin/cc -- works
[0.298s] -- Detecting C compiler ABI info
[0.402s] -- Detecting C compiler ABI info - done
[0.419s] -- Detecting C compile features
[0.419s] -- Detecting C compile features - done
[0.423s] -- Check for working CXX compiler: /usr/bin/c++
[0.543s] -- Check for working CXX compiler: /usr/bin/c++ -- works
[0.544s] -- Detecting CXX compiler ABI info
[0.663s] -- Detecting CXX compiler ABI info - done
[0.679s] -- Detecting CXX compile features
[0.680s] -- Detecting CXX compile features - done
[0.689s] -- Found PkgConfig: /usr/bin/pkg-config (found version "0.29.1") 
[0.695s] -- Checking for module 'bullet>=2.82'
[0.716s] --   Found bullet, version 2.88
[0.886s] -- Found ccd: /usr/include (found suitable version "2.0", minimum required is "2.0") 
[0.964s] -- Found fcl: /usr/include (found suitable version "0.5.0", minimum required is "0.3.2") 
[1.046s] -- Found assimp: /usr/include (found version "5.0.0") 
[1.081s] -- Found DART: /usr/include (Required is at least version "6.6") found components: dart 
[1.532s] -- Found Boost: /usr/lib/x86_64-linux-gnu/cmake/Boost-1.71.0/BoostConfig.cmake (found suitable version "1.71.0", minimum required is "1.40.0") found components: thread system filesystem program_options regex iostreams date_time 
[1.566s] -- Found Protobuf: /usr/lib/x86_64-linux-gnu/libprotobuf.so;-lpthread (found version "3.6.1") 
[1.573s] -- Looking for ignition-math6 -- found version 6.13.0
[1.582s] -- Searching for dependencies of ignition-math6
[1.585s] -- Looking for OGRE...
[1.585s] -- OGRE_PREFIX_WATCH changed.
[1.592s] -- Checking for module 'OGRE'
[1.614s] --   Found OGRE, version 1.9.0
[1.669s] -- Found Ogre Ghadamon (1.9.0)
[1.682s] -- Found OGRE: optimized;/usr/lib/x86_64-linux-gnu/libOgreMain.so;debug;/usr/lib/x86_64-linux-gnu/libOgreMain.so
[1.697s] -- Looking for OGRE_Paging...
[1.708s] -- Found OGRE_Paging: optimized;/usr/lib/x86_64-linux-gnu/libOgrePaging.so;debug;/usr/lib/x86_64-linux-gnu/libOgrePaging.so
[1.708s] -- Looking for OGRE_Terrain...
[1.718s] -- Found OGRE_Terrain: optimized;/usr/lib/x86_64-linux-gnu/libOgreTerrain.so;debug;/usr/lib/x86_64-linux-gnu/libOgreTerrain.so
[1.718s] -- Looking for OGRE_Property...
[1.728s] -- Found OGRE_Property: optimized;/usr/lib/x86_64-linux-gnu/libOgreProperty.so;debug;/usr/lib/x86_64-linux-gnu/libOgreProperty.so
[1.729s] -- Looking for OGRE_RTShaderSystem...
[1.739s] -- Found OGRE_RTShaderSystem: optimized;/usr/lib/x86_64-linux-gnu/libOgreRTShaderSystem.so;debug;/usr/lib/x86_64-linux-gnu/libOgreRTShaderSystem.so
[1.739s] -- Looking for OGRE_Volume...
[1.749s] -- Found OGRE_Volume: optimized;/usr/lib/x86_64-linux-gnu/libOgreVolume.so;debug;/usr/lib/x86_64-linux-gnu/libOgreVolume.so
[1.749s] -- Looking for OGRE_Overlay...
[1.760s] -- Found OGRE_Overlay: optimized;/usr/lib/x86_64-linux-gnu/libOgreOverlay.so;debug;/usr/lib/x86_64-linux-gnu/libOgreOverlay.so
[1.971s] -- Looking for ignition-math6 -- found version 6.13.0
[1.974s] -- Looking for ignition-transport8 -- found version 8.3.0
[1.975s] -- Searching for dependencies of ignition-transport8
[2.000s] -- Found Protobuf: /usr/lib/x86_64-linux-gnu/libprotobuf.so;-lpthread (found suitable version "3.6.1", minimum required is "3") 
[2.016s] -- Config-file not installed for ZeroMQ -- checking for pkg-config
[2.024s] -- Checking for module 'libzmq >= 4'
[2.046s] --   Found libzmq , version 4.3.2
[2.104s] -- Found ZeroMQ: TRUE (Required is at least version "4") 
[2.111s] -- Checking for module 'uuid'
[2.133s] --   Found uuid, version 2.34.0
[2.186s] -- Found UUID: TRUE  
[2.189s] -- Looking for ignition-msgs5 -- found version 5.10.0
[2.190s] -- Searching for dependencies of ignition-msgs5
[2.216s] -- Looking for ignition-math6 -- found version 6.13.0
[2.223s] -- Checking for module 'tinyxml2'
[2.245s] --   Found tinyxml2, version 6.2.0
[2.301s] -- Looking for ignition-msgs5 -- found version 5.10.0
[2.304s] -- Looking for ignition-common3 -- found version 3.14.2
[2.305s] -- Searching for dependencies of ignition-common3
[2.306s] -- Looking for dlfcn.h - found
[2.307s] -- Looking for libdl - found
[2.309s] -- Found DL: TRUE  
[2.321s] -- Searching for <ignition-common3> component [graphics]
[2.324s] -- Looking for ignition-common3-graphics -- found version 3.14.2
[2.325s] -- Searching for dependencies of ignition-common3-graphics
[2.325s] -- Looking for ignition-math6 -- found version 6.13.0
[2.330s] -- Looking for ignition-fuel_tools4 -- found version 4.6.0
[2.331s] -- Searching for dependencies of ignition-fuel_tools4
[2.438s] -- Found CURL: /usr/lib/x86_64-linux-gnu/libcurl.so (found version "7.68.0")  
[2.450s] -- Checking for module 'jsoncpp'
[2.471s] --   Found jsoncpp, version 1.7.4
[2.527s] -- Found JSONCPP: TRUE  
[2.536s] -- Checking for module 'libzip'
[2.558s] --   Found libzip, version 1.5.1
[2.617s] -- Found ZIP: TRUE  
[2.619s] -- Looking for ignition-common3 -- found version 3.14.2
[2.620s] -- Looking for ignition-math6 -- found version 6.13.0
[2.624s] -- Looking for ignition-msgs5 -- found version 5.10.0
[2.627s] -- Found gazebo_ros: 3.5.3 (/opt/ros/foxy/share/gazebo_ros/cmake)
[2.662s] -- Found PythonInterp: /usr/bin/python3 (found suitable version "3.8.10", minimum required is "3") 
[2.662s] -- Using PYTHON_EXECUTABLE: /usr/bin/python3
[3.060s] -- Using all available rosidl_typesupport_c: rosidl_typesupport_fastrtps_c;rosidl_typesupport_introspection_c
[3.071s] -- Found rosidl_adapter: 1.3.0 (/opt/ros/foxy/share/rosidl_adapter/cmake)
[3.189s] -- Found OpenSSL: /usr/lib/x86_64-linux-gnu/libcrypto.so (found version "1.1.1f")  
[3.230s] -- Found FastRTPS: /opt/ros/foxy/include  
[3.350s] -- Using all available rosidl_typesupport_cpp: rosidl_typesupport_fastrtps_cpp;rosidl_typesupport_introspection_cpp
[3.440s] -- Found rmw_implementation_cmake: 1.0.3 (/opt/ros/foxy/share/rmw_implementation_cmake/cmake)
[3.442s] -- Using RMW implementation 'rmw_fastrtps_cpp' as default
[3.445s] -- Found Threads: TRUE  
[3.679s] -- Gazebo version: 11.11
[3.691s] -- Found gazebo_ros_pkgs: 3.5.3 (/opt/ros/foxy/share/gazebo_ros_pkgs/cmake)
[3.694s] -- Found sensor_msgs: 2.0.5 (/opt/ros/foxy/share/sensor_msgs/cmake)
[3.866s] -- Found ackermann_msgs: 2.0.2 (/opt/ros/foxy/share/ackermann_msgs/cmake)
[3.917s] -- Found tf2: 0.13.13 (/opt/ros/foxy/share/tf2/cmake)
[3.934s] -- Found tf2_ros: 0.13.13 (/opt/ros/foxy/share/tf2_ros/cmake)
[4.444s] -- Found ament_lint_auto: 0.9.7 (/opt/ros/foxy/share/ament_lint_auto/cmake)
[4.542s] -- Configuring done
[4.590s] -- Generating done
[4.594s] -- Build files have been written to: /home/jg/farmbot_ws/build/farmbot_gazebo_plugin
[4.614s] Invoked command in '/home/jg/farmbot_ws/build/farmbot_gazebo_plugin' returned '0': CMAKE_PREFIX_PATH=${CMAKE_PREFIX_PATH}:/opt/ros/foxy /usr/bin/cmake /home/jg/farmbot_ws/src/farmbot_gazebo_plugin -DCMAKE_INSTALL_PREFIX=/home/jg/farmbot_ws/install/farmbot_gazebo_plugin
[4.621s] Invoking command in '/home/jg/farmbot_ws/build/farmbot_gazebo_plugin': CMAKE_PREFIX_PATH=${CMAKE_PREFIX_PATH}:/opt/ros/foxy /usr/bin/cmake --build /home/jg/farmbot_ws/build/farmbot_gazebo_plugin -- -j10 -l10
[4.683s] [35m[1mScanning dependencies of target farmbot_gazebo_plugin[0m
[4.894s] [ 50%] [32mBuilding CXX object CMakeFiles/farmbot_gazebo_plugin.dir/src/farmbot_gazebo_plugin.cpp.o[0m
[33.398s] [100%] [32m[1mLinking CXX shared library libfarmbot_gazebo_plugin.so[0m
[34.713s] [100%] Built target farmbot_gazebo_plugin
[34.731s] Invoked command in '/home/jg/farmbot_ws/build/farmbot_gazebo_plugin' returned '0': CMAKE_PREFIX_PATH=${CMAKE_PREFIX_PATH}:/opt/ros/foxy /usr/bin/cmake --build /home/jg/farmbot_ws/build/farmbot_gazebo_plugin -- -j10 -l10
[34.771s] Invoking command in '/home/jg/farmbot_ws/build/farmbot_gazebo_plugin': CMAKE_PREFIX_PATH=${CMAKE_PREFIX_PATH}:/opt/ros/foxy /usr/bin/cmake --install /home/jg/farmbot_ws/build/farmbot_gazebo_plugin
[34.782s] -- Install configuration: ""
[34.782s] -- Installing: /home/jg/farmbot_ws/install/farmbot_gazebo_plugin/share/farmbot_gazebo_plugin/libfarmbot_gazebo_plugin.so
[34.796s] -- Set runtime path of "/home/jg/farmbot_ws/install/farmbot_gazebo_plugin/share/farmbot_gazebo_plugin/libfarmbot_gazebo_plugin.so" to ""
[34.796s] -- Installing: /home/jg/farmbot_ws/install/farmbot_gazebo_plugin/share/ament_index/resource_index/package_run_dependencies/farmbot_gazebo_plugin
[34.797s] -- Installing: /home/jg/farmbot_ws/install/farmbot_gazebo_plugin/share/ament_index/resource_index/parent_prefix_path/farmbot_gazebo_plugin
[34.797s] -- Installing: /home/jg/farmbot_ws/install/farmbot_gazebo_plugin/share/farmbot_gazebo_plugin/environment/ament_prefix_path.sh
[34.797s] -- Installing: /home/jg/farmbot_ws/install/farmbot_gazebo_plugin/share/farmbot_gazebo_plugin/environment/ament_prefix_path.dsv
[34.797s] -- Installing: /home/jg/farmbot_ws/install/farmbot_gazebo_plugin/share/farmbot_gazebo_plugin/environment/path.sh
[34.798s] -- Installing: /home/jg/farmbot_ws/install/farmbot_gazebo_plugin/share/farmbot_gazebo_plugin/environment/path.dsv
[34.798s] -- Installing: /home/jg/farmbot_ws/install/farmbot_gazebo_plugin/share/farmbot_gazebo_plugin/local_setup.bash
[34.799s] -- Installing: /home/jg/farmbot_ws/install/farmbot_gazebo_plugin/share/farmbot_gazebo_plugin/local_setup.sh
[34.799s] -- Installing: /home/jg/farmbot_ws/install/farmbot_gazebo_plugin/share/farmbot_gazebo_plugin/local_setup.zsh
[34.799s] -- Installing: /home/jg/farmbot_ws/install/farmbot_gazebo_plugin/share/farmbot_gazebo_plugin/local_setup.dsv
[34.799s] -- Installing: /home/jg/farmbot_ws/install/farmbot_gazebo_plugin/share/farmbot_gazebo_plugin/package.dsv
[34.799s] -- Installing: /home/jg/farmbot_ws/install/farmbot_gazebo_plugin/share/ament_index/resource_index/packages/farmbot_gazebo_plugin
[34.799s] -- Installing: /home/jg/farmbot_ws/install/farmbot_gazebo_plugin/share/farmbot_gazebo_plugin/cmake/farmbot_gazebo_pluginConfig.cmake
[34.800s] -- Installing: /home/jg/farmbot_ws/install/farmbot_gazebo_plugin/share/farmbot_gazebo_plugin/cmake/farmbot_gazebo_pluginConfig-version.cmake
[34.800s] -- Installing: /home/jg/farmbot_ws/install/farmbot_gazebo_plugin/share/farmbot_gazebo_plugin/package.xml
[34.806s] Invoked command in '/home/jg/farmbot_ws/build/farmbot_gazebo_plugin' returned '0': CMAKE_PREFIX_PATH=${CMAKE_PREFIX_PATH}:/opt/ros/foxy /usr/bin/cmake --install /home/jg/farmbot_ws/build/farmbot_gazebo_plugin
