[0.039s] Invoking command in '/home/jg/farmbot_ws/build/farmbot_gazebo_plugin': CMAKE_PREFIX_PATH=${CMAKE_PREFIX_PATH}:/opt/ros/foxy /usr/bin/cmake /home/jg/farmbot_ws/src/farmbot_gazebo_plugin -DCMAKE_INSTALL_PREFIX=/home/jg/farmbot_ws/install/farmbot_gazebo_plugin
[0.116s] -- The C compiler identification is GNU 9.4.0
[0.196s] -- The CXX compiler identification is GNU 9.4.0
[0.203s] -- Check for working C compiler: /usr/bin/cc
[0.303s] -- Check for working C compiler: /usr/bin/cc -- works
[0.304s] -- Detecting C compiler ABI info
[0.405s] -- Detecting C compiler ABI info - done
[0.421s] -- Detecting C compile features
[0.422s] -- Detecting C compile features - done
[0.425s] -- Check for working CXX compiler: /usr/bin/c++
[0.544s] -- Check for working CXX compiler: /usr/bin/c++ -- works
[0.546s] -- Detecting CXX compiler ABI info
[0.662s] -- Detecting CXX compiler ABI info - done
[0.678s] -- Detecting CXX compile features
[0.679s] -- Detecting CXX compile features - done
[0.688s] -- Found PkgConfig: /usr/bin/pkg-config (found version "0.29.1") 
[0.695s] -- Checking for module 'bullet>=2.82'
[0.717s] --   Found bullet, version 2.88
[0.890s] -- Found ccd: /usr/include (found suitable version "2.0", minimum required is "2.0") 
[0.969s] -- Found fcl: /usr/include (found suitable version "0.5.0", minimum required is "0.3.2") 
[1.051s] -- Found assimp: /usr/include (found version "5.0.0") 
[1.086s] -- Found DART: /usr/include (Required is at least version "6.6") found components: dart 
[1.551s] -- Found Boost: /usr/lib/x86_64-linux-gnu/cmake/Boost-1.71.0/BoostConfig.cmake (found suitable version "1.71.0", minimum required is "1.40.0") found components: thread system filesystem program_options regex iostreams date_time 
[1.584s] -- Found Protobuf: /usr/lib/x86_64-linux-gnu/libprotobuf.so;-lpthread (found version "3.6.1") 
[1.592s] -- Looking for ignition-math6 -- found version 6.13.0
[1.601s] -- Searching for dependencies of ignition-math6
[1.604s] -- Looking for OGRE...
[1.604s] -- OGRE_PREFIX_WATCH changed.
[1.612s] -- Checking for module 'OGRE'
[1.634s] --   Found OGRE, version 1.9.0
[1.688s] -- Found Ogre Ghadamon (1.9.0)
[1.701s] -- Found OGRE: optimized;/usr/lib/x86_64-linux-gnu/libOgreMain.so;debug;/usr/lib/x86_64-linux-gnu/libOgreMain.so
[1.716s] -- Looking for OGRE_Paging...
[1.727s] -- Found OGRE_Paging: optimized;/usr/lib/x86_64-linux-gnu/libOgrePaging.so;debug;/usr/lib/x86_64-linux-gnu/libOgrePaging.so
[1.728s] -- Looking for OGRE_Terrain...
[1.738s] -- Found OGRE_Terrain: optimized;/usr/lib/x86_64-linux-gnu/libOgreTerrain.so;debug;/usr/lib/x86_64-linux-gnu/libOgreTerrain.so
[1.738s] -- Looking for OGRE_Property...
[1.748s] -- Found OGRE_Property: optimized;/usr/lib/x86_64-linux-gnu/libOgreProperty.so;debug;/usr/lib/x86_64-linux-gnu/libOgreProperty.so
[1.749s] -- Looking for OGRE_RTShaderSystem...
[1.759s] -- Found OGRE_RTShaderSystem: optimized;/usr/lib/x86_64-linux-gnu/libOgreRTShaderSystem.so;debug;/usr/lib/x86_64-linux-gnu/libOgreRTShaderSystem.so
[1.759s] -- Looking for OGRE_Volume...
[1.770s] -- Found OGRE_Volume: optimized;/usr/lib/x86_64-linux-gnu/libOgreVolume.so;debug;/usr/lib/x86_64-linux-gnu/libOgreVolume.so
[1.770s] -- Looking for OGRE_Overlay...
[1.780s] -- Found OGRE_Overlay: optimized;/usr/lib/x86_64-linux-gnu/libOgreOverlay.so;debug;/usr/lib/x86_64-linux-gnu/libOgreOverlay.so
[1.993s] -- Looking for ignition-math6 -- found version 6.13.0
[1.996s] -- Looking for ignition-transport8 -- found version 8.3.0
[1.997s] -- Searching for dependencies of ignition-transport8
[2.022s] -- Found Protobuf: /usr/lib/x86_64-linux-gnu/libprotobuf.so;-lpthread (found suitable version "3.6.1", minimum required is "3") 
[2.038s] -- Config-file not installed for ZeroMQ -- checking for pkg-config
[2.044s] -- Checking for module 'libzmq >= 4'
[2.066s] --   Found libzmq , version 4.3.2
[2.123s] -- Found ZeroMQ: TRUE (Required is at least version "4") 
[2.131s] -- Checking for module 'uuid'
[2.152s] --   Found uuid, version 2.34.0
[2.207s] -- Found UUID: TRUE  
[2.210s] -- Looking for ignition-msgs5 -- found version 5.10.0
[2.211s] -- Searching for dependencies of ignition-msgs5
[2.238s] -- Looking for ignition-math6 -- found version 6.13.0
[2.245s] -- Checking for module 'tinyxml2'
[2.267s] --   Found tinyxml2, version 6.2.0
[2.327s] -- Looking for ignition-msgs5 -- found version 5.10.0
[2.331s] -- Looking for ignition-common3 -- found version 3.14.2
[2.332s] -- Searching for dependencies of ignition-common3
[2.332s] -- Looking for dlfcn.h - found
[2.334s] -- Looking for libdl - found
[2.336s] -- Found DL: TRUE  
[2.350s] -- Searching for <ignition-common3> component [graphics]
[2.353s] -- Looking for ignition-common3-graphics -- found version 3.14.2
[2.353s] -- Searching for dependencies of ignition-common3-graphics
[2.354s] -- Looking for ignition-math6 -- found version 6.13.0
[2.359s] -- Looking for ignition-fuel_tools4 -- found version 4.6.0
[2.359s] -- Searching for dependencies of ignition-fuel_tools4
[2.469s] -- Found CURL: /usr/lib/x86_64-linux-gnu/libcurl.so (found version "7.68.0")  
[2.481s] -- Checking for module 'jsoncpp'
[2.502s] --   Found jsoncpp, version 1.7.4
[2.558s] -- Found JSONCPP: TRUE  
[2.568s] -- Checking for module 'libzip'
[2.590s] --   Found libzip, version 1.5.1
[2.646s] -- Found ZIP: TRUE  
[2.647s] -- Looking for ignition-common3 -- found version 3.14.2
[2.647s] -- Looking for ignition-math6 -- found version 6.13.0
[2.648s] -- Looking for ignition-msgs5 -- found version 5.10.0
[2.653s] -- Found gazebo_ros: 3.5.3 (/opt/ros/foxy/share/gazebo_ros/cmake)
[2.691s] -- Found PythonInterp: /usr/bin/python3 (found suitable version "3.8.10", minimum required is "3") 
[2.691s] -- Using PYTHON_EXECUTABLE: /usr/bin/python3
[3.097s] -- Using all available rosidl_typesupport_c: rosidl_typesupport_fastrtps_c;rosidl_typesupport_introspection_c
[3.109s] -- Found rosidl_adapter: 1.3.0 (/opt/ros/foxy/share/rosidl_adapter/cmake)
[3.228s] -- Found OpenSSL: /usr/lib/x86_64-linux-gnu/libcrypto.so (found version "1.1.1f")  
[3.267s] -- Found FastRTPS: /opt/ros/foxy/include  
[3.390s] -- Using all available rosidl_typesupport_cpp: rosidl_typesupport_fastrtps_cpp;rosidl_typesupport_introspection_cpp
[3.479s] -- Found rmw_implementation_cmake: 1.0.3 (/opt/ros/foxy/share/rmw_implementation_cmake/cmake)
[3.481s] -- Using RMW implementation 'rmw_fastrtps_cpp' as default
[3.484s] -- Found Threads: TRUE  
[3.710s] -- Gazebo version: 11.11
[3.722s] -- Found gazebo_ros_pkgs: 3.5.3 (/opt/ros/foxy/share/gazebo_ros_pkgs/cmake)
[3.725s] -- Found sensor_msgs: 2.0.5 (/opt/ros/foxy/share/sensor_msgs/cmake)
[3.891s] -- Found ackermann_msgs: 2.0.2 (/opt/ros/foxy/share/ackermann_msgs/cmake)
[3.942s] -- Found tf2: 0.13.13 (/opt/ros/foxy/share/tf2/cmake)
[3.960s] -- Found tf2_ros: 0.13.13 (/opt/ros/foxy/share/tf2_ros/cmake)
[4.466s] -- Found ament_lint_auto: 0.9.7 (/opt/ros/foxy/share/ament_lint_auto/cmake)
[4.566s] -- Configuring done
[4.612s] -- Generating done
[4.616s] -- Build files have been written to: /home/jg/farmbot_ws/build/farmbot_gazebo_plugin
[4.637s] Invoked command in '/home/jg/farmbot_ws/build/farmbot_gazebo_plugin' returned '0': CMAKE_PREFIX_PATH=${CMAKE_PREFIX_PATH}:/opt/ros/foxy /usr/bin/cmake /home/jg/farmbot_ws/src/farmbot_gazebo_plugin -DCMAKE_INSTALL_PREFIX=/home/jg/farmbot_ws/install/farmbot_gazebo_plugin
[4.642s] Invoking command in '/home/jg/farmbot_ws/build/farmbot_gazebo_plugin': CMAKE_PREFIX_PATH=${CMAKE_PREFIX_PATH}:/opt/ros/foxy /usr/bin/cmake --build /home/jg/farmbot_ws/build/farmbot_gazebo_plugin -- -j10 -l10
[4.703s] [35m[1mScanning dependencies of target farmbot_gazebo_plugin[0m
[4.902s] [ 50%] [32mBuilding CXX object CMakeFiles/farmbot_gazebo_plugin.dir/src/farmbot_gazebo_plugin.cpp.o[0m
[32.728s] [100%] [32m[1mLinking CXX shared library libfarmbot_gazebo_plugin.so[0m
[34.009s] [100%] Built target farmbot_gazebo_plugin
[34.027s] Invoked command in '/home/jg/farmbot_ws/build/farmbot_gazebo_plugin' returned '0': CMAKE_PREFIX_PATH=${CMAKE_PREFIX_PATH}:/opt/ros/foxy /usr/bin/cmake --build /home/jg/farmbot_ws/build/farmbot_gazebo_plugin -- -j10 -l10
[34.068s] Invoking command in '/home/jg/farmbot_ws/build/farmbot_gazebo_plugin': CMAKE_PREFIX_PATH=${CMAKE_PREFIX_PATH}:/opt/ros/foxy /usr/bin/cmake --install /home/jg/farmbot_ws/build/farmbot_gazebo_plugin
[34.079s] -- Install configuration: ""
[34.079s] -- Installing: /home/jg/farmbot_ws/install/farmbot_gazebo_plugin/share/farmbot_gazebo_plugin/libfarmbot_gazebo_plugin.so
[34.092s] -- Set runtime path of "/home/jg/farmbot_ws/install/farmbot_gazebo_plugin/share/farmbot_gazebo_plugin/libfarmbot_gazebo_plugin.so" to ""
[34.092s] -- Installing: /home/jg/farmbot_ws/install/farmbot_gazebo_plugin/share/ament_index/resource_index/package_run_dependencies/farmbot_gazebo_plugin
[34.092s] -- Installing: /home/jg/farmbot_ws/install/farmbot_gazebo_plugin/share/ament_index/resource_index/parent_prefix_path/farmbot_gazebo_plugin
[34.093s] -- Installing: /home/jg/farmbot_ws/install/farmbot_gazebo_plugin/share/farmbot_gazebo_plugin/environment/ament_prefix_path.sh
[34.093s] -- Installing: /home/jg/farmbot_ws/install/farmbot_gazebo_plugin/share/farmbot_gazebo_plugin/environment/ament_prefix_path.dsv
[34.094s] -- Installing: /home/jg/farmbot_ws/install/farmbot_gazebo_plugin/share/farmbot_gazebo_plugin/environment/path.sh
[34.094s] -- Installing: /home/jg/farmbot_ws/install/farmbot_gazebo_plugin/share/farmbot_gazebo_plugin/environment/path.dsv
[34.094s] -- Installing: /home/jg/farmbot_ws/install/farmbot_gazebo_plugin/share/farmbot_gazebo_plugin/local_setup.bash
[34.095s] -- Installing: /home/jg/farmbot_ws/install/farmbot_gazebo_plugin/share/farmbot_gazebo_plugin/local_setup.sh
[34.095s] -- Installing: /home/jg/farmbot_ws/install/farmbot_gazebo_plugin/share/farmbot_gazebo_plugin/local_setup.zsh
[34.095s] -- Installing: /home/jg/farmbot_ws/install/farmbot_gazebo_plugin/share/farmbot_gazebo_plugin/local_setup.dsv
[34.095s] -- Installing: /home/jg/farmbot_ws/install/farmbot_gazebo_plugin/share/farmbot_gazebo_plugin/package.dsv
[34.095s] -- Installing: /home/jg/farmbot_ws/install/farmbot_gazebo_plugin/share/ament_index/resource_index/packages/farmbot_gazebo_plugin
[34.095s] -- Installing: /home/jg/farmbot_ws/install/farmbot_gazebo_plugin/share/farmbot_gazebo_plugin/cmake/farmbot_gazebo_pluginConfig.cmake
[34.096s] -- Installing: /home/jg/farmbot_ws/install/farmbot_gazebo_plugin/share/farmbot_gazebo_plugin/cmake/farmbot_gazebo_pluginConfig-version.cmake
[34.096s] -- Installing: /home/jg/farmbot_ws/install/farmbot_gazebo_plugin/share/farmbot_gazebo_plugin/package.xml
[34.102s] Invoked command in '/home/jg/farmbot_ws/build/farmbot_gazebo_plugin' returned '0': CMAKE_PREFIX_PATH=${CMAKE_PREFIX_PATH}:/opt/ros/foxy /usr/bin/cmake --install /home/jg/farmbot_ws/build/farmbot_gazebo_plugin
