running egg_info
creating ../../build/farmbot_description/farmbot_description.egg-info
writing ../../build/farmbot_description/farmbot_description.egg-info/PKG-INFO
writing dependency_links to ../../build/farmbot_description/farmbot_description.egg-info/dependency_links.txt
writing entry points to ../../build/farmbot_description/farmbot_description.egg-info/entry_points.txt
writing requirements to ../../build/farmbot_description/farmbot_description.egg-info/requires.txt
writing top-level names to ../../build/farmbot_description/farmbot_description.egg-info/top_level.txt
writing manifest file '../../build/farmbot_description/farmbot_description.egg-info/SOURCES.txt'
reading manifest file '../../build/farmbot_description/farmbot_description.egg-info/SOURCES.txt'
writing manifest file '../../build/farmbot_description/farmbot_description.egg-info/SOURCES.txt'
running build
running build_py
creating /home/jg/farmbot_ws/build/farmbot_description/build
creating /home/jg/farmbot_ws/build/farmbot_description/build/lib
creating /home/jg/farmbot_ws/build/farmbot_description/build/lib/farmbot_description
copying farmbot_description/__init__.py -> /home/jg/farmbot_ws/build/farmbot_description/build/lib/farmbot_description
running install
running install_lib
creating /home/jg/farmbot_ws/install/farmbot_description/lib/python3.8/site-packages/farmbot_description
copying /home/jg/farmbot_ws/build/farmbot_description/build/lib/farmbot_description/__init__.py -> /home/jg/farmbot_ws/install/farmbot_description/lib/python3.8/site-packages/farmbot_description
byte-compiling /home/jg/farmbot_ws/install/farmbot_description/lib/python3.8/site-packages/farmbot_description/__init__.py to __init__.cpython-38.pyc
running install_data
creating /home/jg/farmbot_ws/install/farmbot_description/share/ament_index
creating /home/jg/farmbot_ws/install/farmbot_description/share/ament_index/resource_index
creating /home/jg/farmbot_ws/install/farmbot_description/share/ament_index/resource_index/packages
copying resource/farmbot_description -> /home/jg/farmbot_ws/install/farmbot_description/share/ament_index/resource_index/packages
copying package.xml -> /home/jg/farmbot_ws/install/farmbot_description/share/farmbot_description
creating /home/jg/farmbot_ws/install/farmbot_description/share/farmbot_description/launch
copying launch/display.launch.py -> /home/jg/farmbot_ws/install/farmbot_description/share/farmbot_description/launch
copying launch/gazebo.launch.py -> /home/jg/farmbot_ws/install/farmbot_description/share/farmbot_description/launch
creating /home/jg/farmbot_ws/install/farmbot_description/share/farmbot_description/urdf
copying urdf/materials.xacro -> /home/jg/farmbot_ws/install/farmbot_description/share/farmbot_description/urdf
copying urdf/farmbot.trans -> /home/jg/farmbot_ws/install/farmbot_description/share/farmbot_description/urdf
copying urdf/farmbot.gazebo -> /home/jg/farmbot_ws/install/farmbot_description/share/farmbot_description/urdf
copying urdf/farmbot.xacro -> /home/jg/farmbot_ws/install/farmbot_description/share/farmbot_description/urdf
creating /home/jg/farmbot_ws/install/farmbot_description/share/farmbot_description/meshes
copying meshes/component__2__3.stl -> /home/jg/farmbot_ws/install/farmbot_description/share/farmbot_description/meshes
copying meshes/component__2__1.stl -> /home/jg/farmbot_ws/install/farmbot_description/share/farmbot_description/meshes
copying meshes/component__2__4.stl -> /home/jg/farmbot_ws/install/farmbot_description/share/farmbot_description/meshes
copying meshes/component__1__1.stl -> /home/jg/farmbot_ws/install/farmbot_description/share/farmbot_description/meshes
copying meshes/base_link.stl -> /home/jg/farmbot_ws/install/farmbot_description/share/farmbot_description/meshes
copying meshes/component__2__2.stl -> /home/jg/farmbot_ws/install/farmbot_description/share/farmbot_description/meshes
creating /home/jg/farmbot_ws/install/farmbot_description/share/farmbot_description/config
copying config/display.rviz -> /home/jg/farmbot_ws/install/farmbot_description/share/farmbot_description/config
running install_egg_info
Copying ../../build/farmbot_description/farmbot_description.egg-info to /home/jg/farmbot_ws/install/farmbot_description/lib/python3.8/site-packages/farmbot_description-0.0.0-py3.8.egg-info
running install_scripts
writing list of installed files to '/home/jg/farmbot_ws/build/farmbot_description/install.log'
