[100%] Built target farmbot_description_node
-- Install configuration: ""
-- Up-to-date: /home/jg/farmbot_ws/install/farmbot_description/lib/farmbot_description/farmbot_description_node
-- Up-to-date: /home/jg/farmbot_ws/install/farmbot_description/share/farmbot_description/launch
-- Up-to-date: /home/jg/farmbot_ws/install/farmbot_description/share/farmbot_description/launch/display.launch.py
-- Up-to-date: /home/jg/farmbot_ws/install/farmbot_description/share/farmbot_description/launch/spawn_car.launch.py
-- Up-to-date: /home/jg/farmbot_ws/install/farmbot_description/share/farmbot_description/launch/gazebo.launch.py
-- Up-to-date: /home/jg/farmbot_ws/install/farmbot_description/share/farmbot_description/meshes
-- Up-to-date: /home/jg/farmbot_ws/install/farmbot_description/share/farmbot_description/meshes/component__2__3.stl
-- Up-to-date: /home/jg/farmbot_ws/install/farmbot_description/share/farmbot_description/meshes/component__2__1.stl
-- Up-to-date: /home/jg/farmbot_ws/install/farmbot_description/share/farmbot_description/meshes/component__2__4.stl
-- Up-to-date: /home/jg/farmbot_ws/install/farmbot_description/share/farmbot_description/meshes/component__1__1.stl
-- Up-to-date: /home/jg/farmbot_ws/install/farmbot_description/share/farmbot_description/meshes/base_link.stl
-- Up-to-date: /home/jg/farmbot_ws/install/farmbot_description/share/farmbot_description/meshes/component__2__2.stl
-- Up-to-date: /home/jg/farmbot_ws/install/farmbot_description/share/farmbot_description/config
-- Up-to-date: /home/jg/farmbot_ws/install/farmbot_description/share/farmbot_description/config/display.rviz
-- Up-to-date: /home/jg/farmbot_ws/install/farmbot_description/share/farmbot_description/src
-- Up-to-date: /home/jg/farmbot_ws/install/farmbot_description/share/farmbot_description/src/farmbot_description_node.cpp
-- Up-to-date: /home/jg/farmbot_ws/install/farmbot_description/share/farmbot_description/urdf
-- Up-to-date: /home/jg/farmbot_ws/install/farmbot_description/share/farmbot_description/urdf/gazebo_control_skid.xacro
-- Up-to-date: /home/jg/farmbot_ws/install/farmbot_description/share/farmbot_description/urdf/materials.xacro
-- Up-to-date: /home/jg/farmbot_ws/install/farmbot_description/share/farmbot_description/urdf/farmbot.trans
-- Up-to-date: /home/jg/farmbot_ws/install/farmbot_description/share/farmbot_description/urdf/farmbot.gazebo
-- Up-to-date: /home/jg/farmbot_ws/install/farmbot_description/share/farmbot_description/urdf/farmbot.xacro
-- Up-to-date: /home/jg/farmbot_ws/install/farmbot_description/share/farmbot_description/urdf/gazebo_control.xacro
-- Up-to-date: /home/jg/farmbot_ws/install/farmbot_description/share/farmbot_description/urdf/farmbotWorkingArchieve.xacro
-- Up-to-date: /home/jg/farmbot_ws/install/farmbot_description/share/farmbot_description/worlds
-- Up-to-date: /home/jg/farmbot_ws/install/farmbot_description/share/farmbot_description/worlds/simple.world
-- Up-to-date: /home/jg/farmbot_ws/install/farmbot_description/share/farmbot_description/worlds/cafe.world
-- Up-to-date: /home/jg/farmbot_ws/install/farmbot_description/share/farmbot_description/worlds/cooneo_office.world
-- Up-to-date: /home/jg/farmbot_ws/install/farmbot_description/lib/farmbot_description/spawn_bot.py
-- Up-to-date: /home/jg/farmbot_ws/install/farmbot_description/share/farmbot_description//launch
-- Up-to-date: /home/jg/farmbot_ws/install/farmbot_description/share/farmbot_description//launch/display.launch.py
-- Up-to-date: /home/jg/farmbot_ws/install/farmbot_description/share/farmbot_description//launch/spawn_car.launch.py
-- Up-to-date: /home/jg/farmbot_ws/install/farmbot_description/share/farmbot_description//launch/gazebo.launch.py
-- Up-to-date: /home/jg/farmbot_ws/install/farmbot_description/share/farmbot_description//urdf
-- Up-to-date: /home/jg/farmbot_ws/install/farmbot_description/share/farmbot_description//urdf/gazebo_control_skid.xacro
-- Up-to-date: /home/jg/farmbot_ws/install/farmbot_description/share/farmbot_description//urdf/materials.xacro
-- Up-to-date: /home/jg/farmbot_ws/install/farmbot_description/share/farmbot_description//urdf/farmbot.trans
-- Up-to-date: /home/jg/farmbot_ws/install/farmbot_description/share/farmbot_description//urdf/farmbot.gazebo
-- Up-to-date: /home/jg/farmbot_ws/install/farmbot_description/share/farmbot_description//urdf/farmbot.xacro
-- Up-to-date: /home/jg/farmbot_ws/install/farmbot_description/share/farmbot_description//urdf/gazebo_control.xacro
-- Up-to-date: /home/jg/farmbot_ws/install/farmbot_description/share/farmbot_description//urdf/farmbotWorkingArchieve.xacro
-- Up-to-date: /home/jg/farmbot_ws/install/farmbot_description/share/farmbot_description//worlds
-- Up-to-date: /home/jg/farmbot_ws/install/farmbot_description/share/farmbot_description//worlds/simple.world
-- Up-to-date: /home/jg/farmbot_ws/install/farmbot_description/share/farmbot_description//worlds/cafe.world
-- Up-to-date: /home/jg/farmbot_ws/install/farmbot_description/share/farmbot_description//worlds/cooneo_office.world
-- Up-to-date: /home/jg/farmbot_ws/install/farmbot_description/share/farmbot_description//scripts
-- Up-to-date: /home/jg/farmbot_ws/install/farmbot_description/share/farmbot_description//scripts/spawn_bot.py
-- Up-to-date: /home/jg/farmbot_ws/install/farmbot_description/share/ament_index/resource_index/package_run_dependencies/farmbot_description
-- Installing: /home/jg/farmbot_ws/install/farmbot_description/share/ament_index/resource_index/parent_prefix_path/farmbot_description
-- Up-to-date: /home/jg/farmbot_ws/install/farmbot_description/share/farmbot_description/environment/ament_prefix_path.sh
-- Up-to-date: /home/jg/farmbot_ws/install/farmbot_description/share/farmbot_description/environment/ament_prefix_path.dsv
-- Up-to-date: /home/jg/farmbot_ws/install/farmbot_description/share/farmbot_description/environment/path.sh
-- Up-to-date: /home/jg/farmbot_ws/install/farmbot_description/share/farmbot_description/environment/path.dsv
-- Up-to-date: /home/jg/farmbot_ws/install/farmbot_description/share/farmbot_description/local_setup.bash
-- Up-to-date: /home/jg/farmbot_ws/install/farmbot_description/share/farmbot_description/local_setup.sh
-- Up-to-date: /home/jg/farmbot_ws/install/farmbot_description/share/farmbot_description/local_setup.zsh
-- Up-to-date: /home/jg/farmbot_ws/install/farmbot_description/share/farmbot_description/local_setup.dsv
-- Up-to-date: /home/jg/farmbot_ws/install/farmbot_description/share/farmbot_description/package.dsv
-- Up-to-date: /home/jg/farmbot_ws/install/farmbot_description/share/ament_index/resource_index/packages/farmbot_description
-- Up-to-date: /home/jg/farmbot_ws/install/farmbot_description/share/farmbot_description/cmake/farmbot_descriptionConfig.cmake
-- Up-to-date: /home/jg/farmbot_ws/install/farmbot_description/share/farmbot_description/cmake/farmbot_descriptionConfig-version.cmake
-- Up-to-date: /home/jg/farmbot_ws/install/farmbot_description/share/farmbot_description/package.xml
