[0.527s] DEBUG:colcon:Command line arguments: ['/usr/bin/colcon', 'build', '--symlink-install']
[0.527s] DEBUG:colcon:Parsed command line arguments: Namespace(allow_overriding=[], ament_cmake_args=None, base_paths=['.'], build_base='build', catkin_cmake_args=None, catkin_skip_building_tests=False, cmake_args=None, cmake_clean_cache=False, cmake_clean_first=False, cmake_force_configure=False, cmake_target=None, cmake_target_skip_unavailable=False, continue_on_error=False, event_handlers=None, executor='parallel', ignore_user_meta=False, install_base='install', log_base=None, log_level=None, main=<bound method BuildVerb.main of <colcon_core.verb.build.BuildVerb object at 0x7fa7153e0790>>, merge_install=False, metas=['./colcon.meta'], packages_above=None, packages_above_and_dependencies=None, packages_above_depth=None, packages_end=None, packages_ignore=None, packages_ignore_regex=None, packages_select=None, packages_select_build_failed=False, packages_select_by_dep=None, packages_select_regex=None, packages_select_test_failures=False, packages_skip=None, packages_skip_build_finished=False, packages_skip_by_dep=None, packages_skip_regex=None, packages_skip_test_passed=False, packages_skip_up_to=None, packages_start=None, packages_up_to=None, packages_up_to_regex=None, parallel_workers=10, paths=None, symlink_install=True, test_result_base=None, verb_extension=<colcon_core.verb.build.BuildVerb object at 0x7fa7153e0790>, verb_name='build', verb_parser=<colcon_defaults.argument_parser.defaults.DefaultArgumentsDecorator object at 0x7fa7153e0c70>)
[0.574s] Level 1:colcon.colcon_core.package_discovery:discover_packages(colcon_meta) check parameters
[0.574s] Level 1:colcon.colcon_core.package_discovery:discover_packages(recursive) check parameters
[0.575s] Level 1:colcon.colcon_core.package_discovery:discover_packages(ignore) check parameters
[0.575s] Level 1:colcon.colcon_core.package_discovery:discover_packages(path) check parameters
[0.575s] Level 1:colcon.colcon_core.package_discovery:discover_packages(colcon_meta) discover
[0.575s] Level 1:colcon.colcon_core.package_discovery:discover_packages(recursive) discover
[0.575s] INFO:colcon.colcon_core.package_discovery:Crawling recursively for packages in '/home/jg/farmbot_ws'
[0.576s] Level 1:colcon.colcon_core.package_identification:_identify(.) by extensions ['ignore', 'ignore_ament_install']
[0.576s] Level 1:colcon.colcon_core.package_identification:_identify(.) by extension 'ignore'
[0.576s] Level 1:colcon.colcon_core.package_identification:_identify(.) by extension 'ignore_ament_install'
[0.576s] Level 1:colcon.colcon_core.package_identification:_identify(.) by extensions ['colcon_pkg']
[0.577s] Level 1:colcon.colcon_core.package_identification:_identify(.) by extension 'colcon_pkg'
[0.577s] Level 1:colcon.colcon_core.package_identification:_identify(.) by extensions ['colcon_meta']
[0.577s] Level 1:colcon.colcon_core.package_identification:_identify(.) by extension 'colcon_meta'
[0.577s] Level 1:colcon.colcon_core.package_identification:_identify(.) by extensions ['ros']
[0.577s] Level 1:colcon.colcon_core.package_identification:_identify(.) by extension 'ros'
[0.609s] Level 1:colcon.colcon_core.package_identification:_identify(.) by extensions ['cmake', 'python']
[0.609s] Level 1:colcon.colcon_core.package_identification:_identify(.) by extension 'cmake'
[0.610s] Level 1:colcon.colcon_core.package_identification:_identify(.) by extension 'python'
[0.610s] Level 1:colcon.colcon_core.package_identification:_identify(.) by extensions ['python_setup_py']
[0.610s] Level 1:colcon.colcon_core.package_identification:_identify(.) by extension 'python_setup_py'
[0.610s] Level 1:colcon.colcon_core.package_identification:_identify(build) by extensions ['ignore', 'ignore_ament_install']
[0.611s] Level 1:colcon.colcon_core.package_identification:_identify(build) by extension 'ignore'
[0.611s] Level 1:colcon.colcon_core.package_identification:_identify(build) ignored
[0.611s] Level 1:colcon.colcon_core.package_identification:_identify(install) by extensions ['ignore', 'ignore_ament_install']
[0.612s] Level 1:colcon.colcon_core.package_identification:_identify(install) by extension 'ignore'
[0.612s] Level 1:colcon.colcon_core.package_identification:_identify(install) ignored
[0.612s] Level 1:colcon.colcon_core.package_identification:_identify(log) by extensions ['ignore', 'ignore_ament_install']
[0.612s] Level 1:colcon.colcon_core.package_identification:_identify(log) by extension 'ignore'
[0.613s] Level 1:colcon.colcon_core.package_identification:_identify(log) ignored
[0.613s] Level 1:colcon.colcon_core.package_identification:_identify(src) by extensions ['ignore', 'ignore_ament_install']
[0.613s] Level 1:colcon.colcon_core.package_identification:_identify(src) by extension 'ignore'
[0.613s] Level 1:colcon.colcon_core.package_identification:_identify(src) by extension 'ignore_ament_install'
[0.614s] Level 1:colcon.colcon_core.package_identification:_identify(src) by extensions ['colcon_pkg']
[0.614s] Level 1:colcon.colcon_core.package_identification:_identify(src) by extension 'colcon_pkg'
[0.614s] Level 1:colcon.colcon_core.package_identification:_identify(src) by extensions ['colcon_meta']
[0.614s] Level 1:colcon.colcon_core.package_identification:_identify(src) by extension 'colcon_meta'
[0.614s] Level 1:colcon.colcon_core.package_identification:_identify(src) by extensions ['ros']
[0.614s] Level 1:colcon.colcon_core.package_identification:_identify(src) by extension 'ros'
[0.615s] Level 1:colcon.colcon_core.package_identification:_identify(src) by extensions ['cmake', 'python']
[0.615s] Level 1:colcon.colcon_core.package_identification:_identify(src) by extension 'cmake'
[0.615s] Level 1:colcon.colcon_core.package_identification:_identify(src) by extension 'python'
[0.615s] Level 1:colcon.colcon_core.package_identification:_identify(src) by extensions ['python_setup_py']
[0.615s] Level 1:colcon.colcon_core.package_identification:_identify(src) by extension 'python_setup_py'
[0.616s] Level 1:colcon.colcon_core.package_identification:_identify(src/farmbot_description) by extensions ['ignore', 'ignore_ament_install']
[0.616s] Level 1:colcon.colcon_core.package_identification:_identify(src/farmbot_description) by extension 'ignore'
[0.616s] Level 1:colcon.colcon_core.package_identification:_identify(src/farmbot_description) by extension 'ignore_ament_install'
[0.616s] Level 1:colcon.colcon_core.package_identification:_identify(src/farmbot_description) by extensions ['colcon_pkg']
[0.616s] Level 1:colcon.colcon_core.package_identification:_identify(src/farmbot_description) by extension 'colcon_pkg'
[0.617s] Level 1:colcon.colcon_core.package_identification:_identify(src/farmbot_description) by extensions ['colcon_meta']
[0.617s] Level 1:colcon.colcon_core.package_identification:_identify(src/farmbot_description) by extension 'colcon_meta'
[0.617s] Level 1:colcon.colcon_core.package_identification:_identify(src/farmbot_description) by extensions ['ros']
[0.617s] Level 1:colcon.colcon_core.package_identification:_identify(src/farmbot_description) by extension 'ros'
[0.622s] DEBUG:colcon.colcon_core.package_identification:Package 'src/farmbot_description' with type 'ros.ament_python' and name 'farmbot_description'
[0.623s] Level 1:colcon.colcon_core.package_discovery:discover_packages(recursive) using defaults
[0.623s] Level 1:colcon.colcon_core.package_discovery:discover_packages(ignore) discover
[0.623s] Level 1:colcon.colcon_core.package_discovery:discover_packages(ignore) using defaults
[0.623s] Level 1:colcon.colcon_core.package_discovery:discover_packages(path) discover
[0.623s] Level 1:colcon.colcon_core.package_discovery:discover_packages(path) using defaults
[0.655s] Level 1:colcon.colcon_core.package_discovery:discover_packages(prefix_path) check parameters
[0.655s] Level 1:colcon.colcon_core.package_discovery:discover_packages(prefix_path) discover
[0.660s] DEBUG:colcon.colcon_installed_package_information.package_discovery:Found 1 installed packages in /home/jg/farmbot_ws/install
[0.662s] DEBUG:colcon.colcon_installed_package_information.package_discovery:Found 6 installed packages in /home/jg/car_ws/install
[0.663s] DEBUG:colcon.colcon_installed_package_information.package_discovery:Found 3 installed packages in /home/jg/neor_mini/mini_sim20_ws/install
[0.666s] DEBUG:colcon.colcon_installed_package_information.package_discovery:Found 315 installed packages in /opt/ros/foxy
[0.670s] Level 1:colcon.colcon_core.package_discovery:discover_packages(prefix_path) using defaults
[0.799s] Level 5:colcon.colcon_core.verb:set package 'farmbot_description' build argument 'cmake_args' from command line to 'None'
[0.799s] Level 5:colcon.colcon_core.verb:set package 'farmbot_description' build argument 'cmake_target' from command line to 'None'
[0.799s] Level 5:colcon.colcon_core.verb:set package 'farmbot_description' build argument 'cmake_target_skip_unavailable' from command line to 'False'
[0.799s] Level 5:colcon.colcon_core.verb:set package 'farmbot_description' build argument 'cmake_clean_cache' from command line to 'False'
[0.799s] Level 5:colcon.colcon_core.verb:set package 'farmbot_description' build argument 'cmake_clean_first' from command line to 'False'
[0.800s] Level 5:colcon.colcon_core.verb:set package 'farmbot_description' build argument 'cmake_force_configure' from command line to 'False'
[0.800s] Level 5:colcon.colcon_core.verb:set package 'farmbot_description' build argument 'ament_cmake_args' from command line to 'None'
[0.800s] Level 5:colcon.colcon_core.verb:set package 'farmbot_description' build argument 'catkin_cmake_args' from command line to 'None'
[0.800s] Level 5:colcon.colcon_core.verb:set package 'farmbot_description' build argument 'catkin_skip_building_tests' from command line to 'False'
[0.800s] DEBUG:colcon.colcon_core.verb:Building package 'farmbot_description' with the following arguments: {'ament_cmake_args': None, 'build_base': '/home/jg/farmbot_ws/build/farmbot_description', 'catkin_cmake_args': None, 'catkin_skip_building_tests': False, 'cmake_args': None, 'cmake_clean_cache': False, 'cmake_clean_first': False, 'cmake_force_configure': False, 'cmake_target': None, 'cmake_target_skip_unavailable': False, 'install_base': '/home/jg/farmbot_ws/install/farmbot_description', 'merge_install': False, 'path': '/home/jg/farmbot_ws/src/farmbot_description', 'symlink_install': True, 'test_result_base': None}
[0.801s] INFO:colcon.colcon_core.executor:Executing jobs using 'parallel' executor
[0.808s] DEBUG:colcon.colcon_parallel_executor.executor.parallel:run_until_complete
[0.809s] INFO:colcon.colcon_ros.task.ament_python.build:Building ROS package in '/home/jg/farmbot_ws/src/farmbot_description' with build type 'ament_python'
[0.809s] Level 1:colcon.colcon_core.shell:create_environment_hook('farmbot_description', 'ament_prefix_path')
[0.817s] INFO:colcon.colcon_core.plugin_system:Skipping extension 'colcon_core.shell.bat': Not used on non-Windows systems
[0.817s] INFO:colcon.colcon_core.shell:Creating environment hook '/home/jg/farmbot_ws/install/farmbot_description/share/farmbot_description/hook/ament_prefix_path.ps1'
[0.818s] INFO:colcon.colcon_core.shell:Creating environment descriptor '/home/jg/farmbot_ws/install/farmbot_description/share/farmbot_description/hook/ament_prefix_path.dsv'
[0.820s] INFO:colcon.colcon_core.shell:Creating environment hook '/home/jg/farmbot_ws/install/farmbot_description/share/farmbot_description/hook/ament_prefix_path.sh'
[0.823s] INFO:colcon.colcon_core.shell:Skip shell extension 'powershell' for command environment: Not usable outside of PowerShell
[0.824s] DEBUG:colcon.colcon_core.shell:Skip shell extension 'dsv' for command environment
[1.217s] INFO:colcon.colcon_core.task.python.build:Building Python package in '/home/jg/farmbot_ws/src/farmbot_description'
[1.220s] INFO:colcon.colcon_core.shell:Skip shell extension 'powershell' for command environment: Not usable outside of PowerShell
[1.220s] DEBUG:colcon.colcon_core.shell:Skip shell extension 'dsv' for command environment
[1.870s] DEBUG:colcon.colcon_core.event_handler.log_command:Invoking command in '/home/jg/farmbot_ws/build/farmbot_description': PYTHONPATH=/home/jg/farmbot_ws/build/farmbot_description/prefix_override:/home/jg/farmbot_ws/install/farmbot_description/lib/python3.8/site-packages:${PYTHONPATH} /usr/bin/python3 setup.py develop --editable --build-directory /home/jg/farmbot_ws/build/farmbot_description/build --no-deps install_data
[2.641s] Level 1:colcon.colcon_core.shell:create_environment_hook('farmbot_description', 'pythonpath_develop')
[2.645s] INFO:colcon.colcon_core.shell:Creating environment hook '/home/jg/farmbot_ws/build/farmbot_description/share/farmbot_description/hook/pythonpath_develop.ps1'
[2.646s] DEBUG:colcon.colcon_core.event_handler.log_command:Invoked command in '/home/jg/farmbot_ws/build/farmbot_description' returned '0': PYTHONPATH=/home/jg/farmbot_ws/build/farmbot_description/prefix_override:/home/jg/farmbot_ws/install/farmbot_description/lib/python3.8/site-packages:${PYTHONPATH} /usr/bin/python3 setup.py develop --editable --build-directory /home/jg/farmbot_ws/build/farmbot_description/build --no-deps install_data
[2.647s] INFO:colcon.colcon_core.shell:Creating environment descriptor '/home/jg/farmbot_ws/build/farmbot_description/share/farmbot_description/hook/pythonpath_develop.dsv'
[2.647s] INFO:colcon.colcon_core.shell:Creating environment hook '/home/jg/farmbot_ws/build/farmbot_description/share/farmbot_description/hook/pythonpath_develop.sh'
[2.657s] Level 1:colcon.colcon_core.environment:checking '/home/jg/farmbot_ws/install/farmbot_description' for CMake module files
[2.657s] Level 1:colcon.colcon_core.environment:checking '/home/jg/farmbot_ws/install/farmbot_description' for CMake config files
[2.658s] Level 1:colcon.colcon_core.environment:checking '/home/jg/farmbot_ws/install/farmbot_description/lib'
[2.659s] Level 1:colcon.colcon_core.environment:checking '/home/jg/farmbot_ws/install/farmbot_description/bin'
[2.659s] Level 1:colcon.colcon_core.environment:checking '/home/jg/farmbot_ws/install/farmbot_description/lib/pkgconfig/farmbot_description.pc'
[2.660s] Level 1:colcon.colcon_core.environment:checking '/home/jg/farmbot_ws/install/farmbot_description/lib/python3.8/site-packages'
[2.660s] Level 1:colcon.colcon_core.shell:create_environment_hook('farmbot_description', 'pythonpath')
[2.662s] INFO:colcon.colcon_core.shell:Creating environment hook '/home/jg/farmbot_ws/install/farmbot_description/share/farmbot_description/hook/pythonpath.ps1'
[2.663s] INFO:colcon.colcon_core.shell:Creating environment descriptor '/home/jg/farmbot_ws/install/farmbot_description/share/farmbot_description/hook/pythonpath.dsv'
[2.663s] INFO:colcon.colcon_core.shell:Creating environment hook '/home/jg/farmbot_ws/install/farmbot_description/share/farmbot_description/hook/pythonpath.sh'
[2.664s] Level 1:colcon.colcon_core.environment:checking '/home/jg/farmbot_ws/install/farmbot_description/bin'
[2.665s] Level 1:colcon.colcon_core.environment:create_environment_scripts_only(farmbot_description)
[2.667s] INFO:colcon.colcon_core.shell:Creating package script '/home/jg/farmbot_ws/install/farmbot_description/share/farmbot_description/package.ps1'
[2.669s] INFO:colcon.colcon_core.shell:Creating package descriptor '/home/jg/farmbot_ws/install/farmbot_description/share/farmbot_description/package.dsv'
[2.670s] INFO:colcon.colcon_core.shell:Creating package script '/home/jg/farmbot_ws/install/farmbot_description/share/farmbot_description/package.sh'
[2.671s] INFO:colcon.colcon_core.shell:Creating package script '/home/jg/farmbot_ws/install/farmbot_description/share/farmbot_description/package.bash'
[2.673s] INFO:colcon.colcon_core.shell:Creating package script '/home/jg/farmbot_ws/install/farmbot_description/share/farmbot_description/package.zsh'
[2.674s] Level 1:colcon.colcon_core.environment:create_file_with_runtime_dependencies(/home/jg/farmbot_ws/install/farmbot_description/share/colcon-core/packages/farmbot_description)
[2.675s] DEBUG:colcon.colcon_parallel_executor.executor.parallel:closing loop
[2.675s] DEBUG:colcon.colcon_parallel_executor.executor.parallel:loop closed
[2.676s] DEBUG:colcon.colcon_parallel_executor.executor.parallel:run_until_complete finished with '0'
[2.676s] DEBUG:colcon.colcon_core.event_reactor:joining thread
[2.688s] INFO:colcon.colcon_core.plugin_system:Skipping extension 'colcon_notification.desktop_notification.terminal_notifier': Not used on non-Darwin systems
[2.688s] INFO:colcon.colcon_core.plugin_system:Skipping extension 'colcon_notification.desktop_notification.win32': Not used on non-Windows systems
[2.688s] INFO:colcon.colcon_notification.desktop_notification:Sending desktop notification using 'notify2'
[2.726s] DEBUG:colcon.colcon_core.event_reactor:joined thread
[2.729s] INFO:colcon.colcon_core.shell:Creating prefix script '/home/jg/farmbot_ws/install/local_setup.ps1'
[2.731s] INFO:colcon.colcon_core.shell:Creating prefix util module '/home/jg/farmbot_ws/install/_local_setup_util_ps1.py'
[2.733s] INFO:colcon.colcon_core.shell:Creating prefix chain script '/home/jg/farmbot_ws/install/setup.ps1'
[2.736s] INFO:colcon.colcon_core.shell:Creating prefix script '/home/jg/farmbot_ws/install/local_setup.sh'
[2.737s] INFO:colcon.colcon_core.shell:Creating prefix util module '/home/jg/farmbot_ws/install/_local_setup_util_sh.py'
[2.738s] INFO:colcon.colcon_core.shell:Creating prefix chain script '/home/jg/farmbot_ws/install/setup.sh'
[2.743s] INFO:colcon.colcon_core.shell:Creating prefix script '/home/jg/farmbot_ws/install/local_setup.bash'
[2.744s] INFO:colcon.colcon_core.shell:Creating prefix chain script '/home/jg/farmbot_ws/install/setup.bash'
[2.747s] INFO:colcon.colcon_core.shell:Creating prefix script '/home/jg/farmbot_ws/install/local_setup.zsh'
[2.748s] INFO:colcon.colcon_core.shell:Creating prefix chain script '/home/jg/farmbot_ws/install/setup.zsh'
