[1.008s] Invoking command in '/home/jg/farmbot_ws/build/farmbot_description': PYTHONPATH=/home/jg/farmbot_ws/build/farmbot_description/prefix_override:/home/jg/farmbot_ws/install/farmbot_description/lib/python3.8/site-packages:${PYTHONPATH} /usr/bin/python3 setup.py develop --uninstall --editable --build-directory /home/jg/farmbot_ws/build/farmbot_description/build
[1.365s] running develop
[1.592s] Removing /home/jg/farmbot_ws/install/farmbot_description/lib/python3.8/site-packages/farmbot-description.egg-link (link to .)
[1.625s] Invoked command in '/home/jg/farmbot_ws/build/farmbot_description' returned '0': PYTHONPATH=/home/jg/farmbot_ws/build/farmbot_description/prefix_override:/home/jg/farmbot_ws/install/farmbot_description/lib/python3.8/site-packages:${PYTHONPATH} /usr/bin/python3 setup.py develop --uninstall --editable --build-directory /home/jg/farmbot_ws/build/farmbot_description/build
[1.631s] Invoking command in '/home/jg/farmbot_ws/src/farmbot_description': PYTHONPATH=/home/jg/farmbot_ws/build/farmbot_description/prefix_override:/home/jg/farmbot_ws/install/farmbot_description/lib/python3.8/site-packages:${PYTHONPATH} /usr/bin/python3 setup.py egg_info --egg-base ../../build/farmbot_description build --build-base /home/jg/farmbot_ws/build/farmbot_description/build install --record /home/jg/farmbot_ws/build/farmbot_description/install.log --install-scripts $base/lib/farmbot_description --single-version-externally-managed
[1.961s] running egg_info
[1.962s] writing ../../build/farmbot_description/farmbot_description.egg-info/PKG-INFO
[1.962s] writing dependency_links to ../../build/farmbot_description/farmbot_description.egg-info/dependency_links.txt
[1.963s] writing entry points to ../../build/farmbot_description/farmbot_description.egg-info/entry_points.txt
[1.963s] writing requirements to ../../build/farmbot_description/farmbot_description.egg-info/requires.txt
[1.963s] writing top-level names to ../../build/farmbot_description/farmbot_description.egg-info/top_level.txt
[2.013s] reading manifest file '../../build/farmbot_description/farmbot_description.egg-info/SOURCES.txt'
[2.014s] writing manifest file '../../build/farmbot_description/farmbot_description.egg-info/SOURCES.txt'
[2.014s] running build
[2.014s] running build_py
[2.015s] running install
[2.016s] running install_lib
[2.017s] creating /home/jg/farmbot_ws/install/farmbot_description/lib/python3.8/site-packages/farmbot_description
[2.018s] copying /home/jg/farmbot_ws/build/farmbot_description/build/lib/farmbot_description/__init__.py -> /home/jg/farmbot_ws/install/farmbot_description/lib/python3.8/site-packages/farmbot_description
[2.018s] byte-compiling /home/jg/farmbot_ws/install/farmbot_description/lib/python3.8/site-packages/farmbot_description/__init__.py to __init__.cpython-38.pyc
[2.020s] running install_data
[2.021s] running install_egg_info
[2.024s] Copying ../../build/farmbot_description/farmbot_description.egg-info to /home/jg/farmbot_ws/install/farmbot_description/lib/python3.8/site-packages/farmbot_description-0.0.0-py3.8.egg-info
[2.025s] running install_scripts
[2.051s] writing list of installed files to '/home/jg/farmbot_ws/build/farmbot_description/install.log'
[2.082s] Invoked command in '/home/jg/farmbot_ws/src/farmbot_description' returned '0': PYTHONPATH=/home/jg/farmbot_ws/build/farmbot_description/prefix_override:/home/jg/farmbot_ws/install/farmbot_description/lib/python3.8/site-packages:${PYTHONPATH} /usr/bin/python3 setup.py egg_info --egg-base ../../build/farmbot_description build --build-base /home/jg/farmbot_ws/build/farmbot_description/build install --record /home/jg/farmbot_ws/build/farmbot_description/install.log --install-scripts $base/lib/farmbot_description --single-version-externally-managed
