[0.484s] DEBUG:colcon:Command line arguments: ['/usr/bin/colcon', 'build']
[0.484s] DEBUG:colcon:Parsed command line arguments: Namespace(allow_overriding=[], ament_cmake_args=None, base_paths=['.'], build_base='build', catkin_cmake_args=None, catkin_skip_building_tests=False, cmake_args=None, cmake_clean_cache=False, cmake_clean_first=False, cmake_force_configure=False, cmake_target=None, cmake_target_skip_unavailable=False, continue_on_error=False, event_handlers=None, executor='parallel', ignore_user_meta=False, install_base='install', log_base=None, log_level=None, main=<bound method BuildVerb.main of <colcon_core.verb.build.BuildVerb object at 0x7f543595d9d0>>, merge_install=False, metas=['./colcon.meta'], packages_above=None, packages_above_and_dependencies=None, packages_above_depth=None, packages_end=None, packages_ignore=None, packages_ignore_regex=None, packages_select=None, packages_select_build_failed=False, packages_select_by_dep=None, packages_select_regex=None, packages_select_test_failures=False, packages_skip=None, packages_skip_build_finished=False, packages_skip_by_dep=None, packages_skip_regex=None, packages_skip_test_passed=False, packages_skip_up_to=None, packages_start=None, packages_up_to=None, packages_up_to_regex=None, parallel_workers=10, paths=None, symlink_install=False, test_result_base=None, verb_extension=<colcon_core.verb.build.BuildVerb object at 0x7f543595d9d0>, verb_name='build', verb_parser=<colcon_defaults.argument_parser.defaults.DefaultArgumentsDecorator object at 0x7f543595deb0>)
[0.527s] Level 1:colcon.colcon_core.package_discovery:discover_packages(colcon_meta) check parameters
[0.528s] Level 1:colcon.colcon_core.package_discovery:discover_packages(recursive) check parameters
[0.528s] Level 1:colcon.colcon_core.package_discovery:discover_packages(ignore) check parameters
[0.528s] Level 1:colcon.colcon_core.package_discovery:discover_packages(path) check parameters
[0.528s] Level 1:colcon.colcon_core.package_discovery:discover_packages(colcon_meta) discover
[0.528s] Level 1:colcon.colcon_core.package_discovery:discover_packages(recursive) discover
[0.528s] INFO:colcon.colcon_core.package_discovery:Crawling recursively for packages in '/home/jg/farmbot_ws'
[0.528s] Level 1:colcon.colcon_core.package_identification:_identify(.) by extensions ['ignore', 'ignore_ament_install']
[0.528s] Level 1:colcon.colcon_core.package_identification:_identify(.) by extension 'ignore'
[0.529s] Level 1:colcon.colcon_core.package_identification:_identify(.) by extension 'ignore_ament_install'
[0.529s] Level 1:colcon.colcon_core.package_identification:_identify(.) by extensions ['colcon_pkg']
[0.529s] Level 1:colcon.colcon_core.package_identification:_identify(.) by extension 'colcon_pkg'
[0.529s] Level 1:colcon.colcon_core.package_identification:_identify(.) by extensions ['colcon_meta']
[0.529s] Level 1:colcon.colcon_core.package_identification:_identify(.) by extension 'colcon_meta'
[0.529s] Level 1:colcon.colcon_core.package_identification:_identify(.) by extensions ['ros']
[0.529s] Level 1:colcon.colcon_core.package_identification:_identify(.) by extension 'ros'
[0.557s] Level 1:colcon.colcon_core.package_identification:_identify(.) by extensions ['cmake', 'python']
[0.558s] Level 1:colcon.colcon_core.package_identification:_identify(.) by extension 'cmake'
[0.558s] Level 1:colcon.colcon_core.package_identification:_identify(.) by extension 'python'
[0.558s] Level 1:colcon.colcon_core.package_identification:_identify(.) by extensions ['python_setup_py']
[0.558s] Level 1:colcon.colcon_core.package_identification:_identify(.) by extension 'python_setup_py'
[0.558s] Level 1:colcon.colcon_core.package_identification:_identify(build) by extensions ['ignore', 'ignore_ament_install']
[0.558s] Level 1:colcon.colcon_core.package_identification:_identify(build) by extension 'ignore'
[0.559s] Level 1:colcon.colcon_core.package_identification:_identify(build) ignored
[0.559s] Level 1:colcon.colcon_core.package_identification:_identify(install) by extensions ['ignore', 'ignore_ament_install']
[0.559s] Level 1:colcon.colcon_core.package_identification:_identify(install) by extension 'ignore'
[0.559s] Level 1:colcon.colcon_core.package_identification:_identify(install) ignored
[0.560s] Level 1:colcon.colcon_core.package_identification:_identify(log) by extensions ['ignore', 'ignore_ament_install']
[0.560s] Level 1:colcon.colcon_core.package_identification:_identify(log) by extension 'ignore'
[0.560s] Level 1:colcon.colcon_core.package_identification:_identify(log) ignored
[0.560s] Level 1:colcon.colcon_core.package_identification:_identify(src) by extensions ['ignore', 'ignore_ament_install']
[0.560s] Level 1:colcon.colcon_core.package_identification:_identify(src) by extension 'ignore'
[0.561s] Level 1:colcon.colcon_core.package_identification:_identify(src) by extension 'ignore_ament_install'
[0.561s] Level 1:colcon.colcon_core.package_identification:_identify(src) by extensions ['colcon_pkg']
[0.561s] Level 1:colcon.colcon_core.package_identification:_identify(src) by extension 'colcon_pkg'
[0.561s] Level 1:colcon.colcon_core.package_identification:_identify(src) by extensions ['colcon_meta']
[0.561s] Level 1:colcon.colcon_core.package_identification:_identify(src) by extension 'colcon_meta'
[0.561s] Level 1:colcon.colcon_core.package_identification:_identify(src) by extensions ['ros']
[0.561s] Level 1:colcon.colcon_core.package_identification:_identify(src) by extension 'ros'
[0.561s] Level 1:colcon.colcon_core.package_identification:_identify(src) by extensions ['cmake', 'python']
[0.561s] Level 1:colcon.colcon_core.package_identification:_identify(src) by extension 'cmake'
[0.561s] Level 1:colcon.colcon_core.package_identification:_identify(src) by extension 'python'
[0.562s] Level 1:colcon.colcon_core.package_identification:_identify(src) by extensions ['python_setup_py']
[0.562s] Level 1:colcon.colcon_core.package_identification:_identify(src) by extension 'python_setup_py'
[0.562s] Level 1:colcon.colcon_core.package_identification:_identify(src/farmbot_description) by extensions ['ignore', 'ignore_ament_install']
[0.562s] Level 1:colcon.colcon_core.package_identification:_identify(src/farmbot_description) by extension 'ignore'
[0.562s] Level 1:colcon.colcon_core.package_identification:_identify(src/farmbot_description) by extension 'ignore_ament_install'
[0.562s] Level 1:colcon.colcon_core.package_identification:_identify(src/farmbot_description) by extensions ['colcon_pkg']
[0.562s] Level 1:colcon.colcon_core.package_identification:_identify(src/farmbot_description) by extension 'colcon_pkg'
[0.563s] Level 1:colcon.colcon_core.package_identification:_identify(src/farmbot_description) by extensions ['colcon_meta']
[0.563s] Level 1:colcon.colcon_core.package_identification:_identify(src/farmbot_description) by extension 'colcon_meta'
[0.563s] Level 1:colcon.colcon_core.package_identification:_identify(src/farmbot_description) by extensions ['ros']
[0.563s] Level 1:colcon.colcon_core.package_identification:_identify(src/farmbot_description) by extension 'ros'
[0.567s] DEBUG:colcon.colcon_core.package_identification:Package 'src/farmbot_description' with type 'ros.ament_cmake' and name 'farmbot_description'
[0.568s] Level 1:colcon.colcon_core.package_identification:_identify(src/farmbot_gazebo_plugin) by extensions ['ignore', 'ignore_ament_install']
[0.568s] Level 1:colcon.colcon_core.package_identification:_identify(src/farmbot_gazebo_plugin) by extension 'ignore'
[0.568s] Level 1:colcon.colcon_core.package_identification:_identify(src/farmbot_gazebo_plugin) by extension 'ignore_ament_install'
[0.568s] Level 1:colcon.colcon_core.package_identification:_identify(src/farmbot_gazebo_plugin) by extensions ['colcon_pkg']
[0.569s] Level 1:colcon.colcon_core.package_identification:_identify(src/farmbot_gazebo_plugin) by extension 'colcon_pkg'
[0.569s] Level 1:colcon.colcon_core.package_identification:_identify(src/farmbot_gazebo_plugin) by extensions ['colcon_meta']
[0.569s] Level 1:colcon.colcon_core.package_identification:_identify(src/farmbot_gazebo_plugin) by extension 'colcon_meta'
[0.569s] Level 1:colcon.colcon_core.package_identification:_identify(src/farmbot_gazebo_plugin) by extensions ['ros']
[0.569s] Level 1:colcon.colcon_core.package_identification:_identify(src/farmbot_gazebo_plugin) by extension 'ros'
[0.571s] DEBUG:colcon.colcon_core.package_identification:Package 'src/farmbot_gazebo_plugin' with type 'ros.ament_cmake' and name 'farmbot_gazebo_plugin'
[0.571s] Level 1:colcon.colcon_core.package_discovery:discover_packages(recursive) using defaults
[0.571s] Level 1:colcon.colcon_core.package_discovery:discover_packages(ignore) discover
[0.571s] Level 1:colcon.colcon_core.package_discovery:discover_packages(ignore) using defaults
[0.571s] Level 1:colcon.colcon_core.package_discovery:discover_packages(path) discover
[0.571s] Level 1:colcon.colcon_core.package_discovery:discover_packages(path) using defaults
[0.602s] Level 1:colcon.colcon_core.package_discovery:discover_packages(prefix_path) check parameters
[0.602s] Level 1:colcon.colcon_core.package_discovery:discover_packages(prefix_path) discover
[0.604s] WARNING:colcon.colcon_ros.prefix_path.ament:The path '/home/jg/farmbot_ws/install/farmbot_gazebo_plugin' in the environment variable AMENT_PREFIX_PATH doesn't exist
[0.605s] WARNING:colcon.colcon_ros.prefix_path.ament:The path '/home/jg/farmbot_ws/install/farmbot_description' in the environment variable AMENT_PREFIX_PATH doesn't exist
[0.605s] WARNING:colcon.colcon_ros.prefix_path.catkin:The path '/home/jg/farmbot_ws/install/farmbot_gazebo_plugin' in the environment variable CMAKE_PREFIX_PATH doesn't exist
[0.606s] WARNING:colcon.colcon_ros.prefix_path.catkin:The path '/home/jg/farmbot_ws/install/farmbot_description' in the environment variable CMAKE_PREFIX_PATH doesn't exist
[0.608s] DEBUG:colcon.colcon_installed_package_information.package_discovery:Found 0 installed packages in /home/jg/farmbot_ws/install
[0.609s] DEBUG:colcon.colcon_installed_package_information.package_discovery:Found 6 installed packages in /home/jg/car_ws/install
[0.611s] DEBUG:colcon.colcon_installed_package_information.package_discovery:Found 3 installed packages in /home/jg/neor_mini/mini_sim20_ws/install
[0.614s] DEBUG:colcon.colcon_installed_package_information.package_discovery:Found 315 installed packages in /opt/ros/foxy
[0.618s] Level 1:colcon.colcon_core.package_discovery:discover_packages(prefix_path) using defaults
[0.744s] Level 5:colcon.colcon_core.verb:set package 'farmbot_description' build argument 'cmake_args' from command line to 'None'
[0.744s] Level 5:colcon.colcon_core.verb:set package 'farmbot_description' build argument 'cmake_target' from command line to 'None'
[0.744s] Level 5:colcon.colcon_core.verb:set package 'farmbot_description' build argument 'cmake_target_skip_unavailable' from command line to 'False'
[0.744s] Level 5:colcon.colcon_core.verb:set package 'farmbot_description' build argument 'cmake_clean_cache' from command line to 'False'
[0.744s] Level 5:colcon.colcon_core.verb:set package 'farmbot_description' build argument 'cmake_clean_first' from command line to 'False'
[0.744s] Level 5:colcon.colcon_core.verb:set package 'farmbot_description' build argument 'cmake_force_configure' from command line to 'False'
[0.744s] Level 5:colcon.colcon_core.verb:set package 'farmbot_description' build argument 'ament_cmake_args' from command line to 'None'
[0.744s] Level 5:colcon.colcon_core.verb:set package 'farmbot_description' build argument 'catkin_cmake_args' from command line to 'None'
[0.745s] Level 5:colcon.colcon_core.verb:set package 'farmbot_description' build argument 'catkin_skip_building_tests' from command line to 'False'
[0.745s] DEBUG:colcon.colcon_core.verb:Building package 'farmbot_description' with the following arguments: {'ament_cmake_args': None, 'build_base': '/home/jg/farmbot_ws/build/farmbot_description', 'catkin_cmake_args': None, 'catkin_skip_building_tests': False, 'cmake_args': None, 'cmake_clean_cache': False, 'cmake_clean_first': False, 'cmake_force_configure': False, 'cmake_target': None, 'cmake_target_skip_unavailable': False, 'install_base': '/home/jg/farmbot_ws/install/farmbot_description', 'merge_install': False, 'path': '/home/jg/farmbot_ws/src/farmbot_description', 'symlink_install': False, 'test_result_base': None}
[0.746s] Level 5:colcon.colcon_core.verb:set package 'farmbot_gazebo_plugin' build argument 'cmake_args' from command line to 'None'
[0.746s] Level 5:colcon.colcon_core.verb:set package 'farmbot_gazebo_plugin' build argument 'cmake_target' from command line to 'None'
[0.746s] Level 5:colcon.colcon_core.verb:set package 'farmbot_gazebo_plugin' build argument 'cmake_target_skip_unavailable' from command line to 'False'
[0.746s] Level 5:colcon.colcon_core.verb:set package 'farmbot_gazebo_plugin' build argument 'cmake_clean_cache' from command line to 'False'
[0.747s] Level 5:colcon.colcon_core.verb:set package 'farmbot_gazebo_plugin' build argument 'cmake_clean_first' from command line to 'False'
[0.747s] Level 5:colcon.colcon_core.verb:set package 'farmbot_gazebo_plugin' build argument 'cmake_force_configure' from command line to 'False'
[0.747s] Level 5:colcon.colcon_core.verb:set package 'farmbot_gazebo_plugin' build argument 'ament_cmake_args' from command line to 'None'
[0.747s] Level 5:colcon.colcon_core.verb:set package 'farmbot_gazebo_plugin' build argument 'catkin_cmake_args' from command line to 'None'
[0.747s] Level 5:colcon.colcon_core.verb:set package 'farmbot_gazebo_plugin' build argument 'catkin_skip_building_tests' from command line to 'False'
[0.747s] DEBUG:colcon.colcon_core.verb:Building package 'farmbot_gazebo_plugin' with the following arguments: {'ament_cmake_args': None, 'build_base': '/home/jg/farmbot_ws/build/farmbot_gazebo_plugin', 'catkin_cmake_args': None, 'catkin_skip_building_tests': False, 'cmake_args': None, 'cmake_clean_cache': False, 'cmake_clean_first': False, 'cmake_force_configure': False, 'cmake_target': None, 'cmake_target_skip_unavailable': False, 'install_base': '/home/jg/farmbot_ws/install/farmbot_gazebo_plugin', 'merge_install': False, 'path': '/home/jg/farmbot_ws/src/farmbot_gazebo_plugin', 'symlink_install': False, 'test_result_base': None}
[0.748s] INFO:colcon.colcon_core.executor:Executing jobs using 'parallel' executor
[0.754s] DEBUG:colcon.colcon_parallel_executor.executor.parallel:run_until_complete
[0.754s] INFO:colcon.colcon_ros.task.ament_cmake.build:Building ROS package in '/home/jg/farmbot_ws/src/farmbot_description' with build type 'ament_cmake'
[0.755s] INFO:colcon.colcon_cmake.task.cmake.build:Building CMake package in '/home/jg/farmbot_ws/src/farmbot_description'
[0.763s] INFO:colcon.colcon_core.plugin_system:Skipping extension 'colcon_core.shell.bat': Not used on non-Windows systems
[0.763s] INFO:colcon.colcon_core.shell:Skip shell extension 'powershell' for command environment: Not usable outside of PowerShell
[0.763s] DEBUG:colcon.colcon_core.shell:Skip shell extension 'dsv' for command environment
[0.776s] INFO:colcon.colcon_ros.task.ament_cmake.build:Building ROS package in '/home/jg/farmbot_ws/src/farmbot_gazebo_plugin' with build type 'ament_cmake'
[0.777s] INFO:colcon.colcon_cmake.task.cmake.build:Building CMake package in '/home/jg/farmbot_ws/src/farmbot_gazebo_plugin'
[0.780s] INFO:colcon.colcon_core.shell:Skip shell extension 'powershell' for command environment: Not usable outside of PowerShell
[0.780s] DEBUG:colcon.colcon_core.shell:Skip shell extension 'dsv' for command environment
[0.809s] DEBUG:colcon.colcon_core.event_handler.log_command:Invoking command in '/home/jg/farmbot_ws/build/farmbot_description': CMAKE_PREFIX_PATH=${CMAKE_PREFIX_PATH}:/opt/ros/foxy /usr/bin/cmake /home/jg/farmbot_ws/src/farmbot_description -DCMAKE_INSTALL_PREFIX=/home/jg/farmbot_ws/install/farmbot_description
[0.816s] DEBUG:colcon.colcon_core.event_handler.log_command:Invoking command in '/home/jg/farmbot_ws/build/farmbot_gazebo_plugin': CMAKE_PREFIX_PATH=${CMAKE_PREFIX_PATH}:/opt/ros/foxy /usr/bin/cmake /home/jg/farmbot_ws/src/farmbot_gazebo_plugin -DCMAKE_INSTALL_PREFIX=/home/jg/farmbot_ws/install/farmbot_gazebo_plugin
[3.203s] DEBUG:colcon.colcon_core.event_handler.log_command:Invoked command in '/home/jg/farmbot_ws/build/farmbot_description' returned '0': CMAKE_PREFIX_PATH=${CMAKE_PREFIX_PATH}:/opt/ros/foxy /usr/bin/cmake /home/jg/farmbot_ws/src/farmbot_description -DCMAKE_INSTALL_PREFIX=/home/jg/farmbot_ws/install/farmbot_description
[3.209s] DEBUG:colcon.colcon_core.event_handler.log_command:Invoking command in '/home/jg/farmbot_ws/build/farmbot_description': CMAKE_PREFIX_PATH=${CMAKE_PREFIX_PATH}:/opt/ros/foxy /usr/bin/cmake --build /home/jg/farmbot_ws/build/farmbot_description -- -j10 -l10
[3.412s] DEBUG:colcon.colcon_core.event_handler.log_command:Invoked command in '/home/jg/farmbot_ws/build/farmbot_description' returned '0': CMAKE_PREFIX_PATH=${CMAKE_PREFIX_PATH}:/opt/ros/foxy /usr/bin/cmake --build /home/jg/farmbot_ws/build/farmbot_description -- -j10 -l10
[3.464s] DEBUG:colcon.colcon_core.event_handler.log_command:Invoking command in '/home/jg/farmbot_ws/build/farmbot_description': CMAKE_PREFIX_PATH=${CMAKE_PREFIX_PATH}:/opt/ros/foxy /usr/bin/cmake --install /home/jg/farmbot_ws/build/farmbot_description
[3.488s] Level 1:colcon.colcon_core.environment:create_environment_scripts_only(farmbot_description)
[3.504s] Level 1:colcon.colcon_core.environment:checking '/home/jg/farmbot_ws/install/farmbot_description' for CMake module files
[3.507s] Level 1:colcon.colcon_core.environment:checking '/home/jg/farmbot_ws/install/farmbot_description' for CMake config files
[3.508s] DEBUG:colcon.colcon_core.event_handler.log_command:Invoked command in '/home/jg/farmbot_ws/build/farmbot_description' returned '0': CMAKE_PREFIX_PATH=${CMAKE_PREFIX_PATH}:/opt/ros/foxy /usr/bin/cmake --install /home/jg/farmbot_ws/build/farmbot_description
[3.508s] Level 1:colcon.colcon_core.shell:create_environment_hook('farmbot_description', 'cmake_prefix_path')
[3.511s] INFO:colcon.colcon_core.shell:Creating environment hook '/home/jg/farmbot_ws/install/farmbot_description/share/farmbot_description/hook/cmake_prefix_path.ps1'
[3.512s] INFO:colcon.colcon_core.shell:Creating environment descriptor '/home/jg/farmbot_ws/install/farmbot_description/share/farmbot_description/hook/cmake_prefix_path.dsv'
[3.513s] INFO:colcon.colcon_core.shell:Creating environment hook '/home/jg/farmbot_ws/install/farmbot_description/share/farmbot_description/hook/cmake_prefix_path.sh'
[3.514s] Level 1:colcon.colcon_core.environment:checking '/home/jg/farmbot_ws/install/farmbot_description/lib'
[3.515s] Level 1:colcon.colcon_core.environment:checking '/home/jg/farmbot_ws/install/farmbot_description/bin'
[3.515s] Level 1:colcon.colcon_core.environment:checking '/home/jg/farmbot_ws/install/farmbot_description/lib/pkgconfig/farmbot_description.pc'
[3.515s] Level 1:colcon.colcon_core.environment:checking '/home/jg/farmbot_ws/install/farmbot_description/lib/python3.8/site-packages'
[3.516s] Level 1:colcon.colcon_core.environment:checking '/home/jg/farmbot_ws/install/farmbot_description/bin'
[3.518s] INFO:colcon.colcon_core.shell:Creating package script '/home/jg/farmbot_ws/install/farmbot_description/share/farmbot_description/package.ps1'
[3.519s] INFO:colcon.colcon_core.shell:Creating package descriptor '/home/jg/farmbot_ws/install/farmbot_description/share/farmbot_description/package.dsv'
[3.520s] INFO:colcon.colcon_core.shell:Creating package script '/home/jg/farmbot_ws/install/farmbot_description/share/farmbot_description/package.sh'
[3.521s] INFO:colcon.colcon_core.shell:Creating package script '/home/jg/farmbot_ws/install/farmbot_description/share/farmbot_description/package.bash'
[3.522s] INFO:colcon.colcon_core.shell:Creating package script '/home/jg/farmbot_ws/install/farmbot_description/share/farmbot_description/package.zsh'
[3.523s] Level 1:colcon.colcon_core.environment:create_file_with_runtime_dependencies(/home/jg/farmbot_ws/install/farmbot_description/share/colcon-core/packages/farmbot_description)
[3.564s] Level 1:colcon.colcon_core.environment:create_environment_scripts_only(farmbot_description)
[3.568s] Level 1:colcon.colcon_core.environment:checking '/home/jg/farmbot_ws/install/farmbot_description' for CMake module files
[3.569s] Level 1:colcon.colcon_core.environment:checking '/home/jg/farmbot_ws/install/farmbot_description' for CMake config files
[3.569s] Level 1:colcon.colcon_core.shell:create_environment_hook('farmbot_description', 'cmake_prefix_path')
[3.572s] INFO:colcon.colcon_core.shell:Creating environment hook '/home/jg/farmbot_ws/install/farmbot_description/share/farmbot_description/hook/cmake_prefix_path.ps1'
[3.573s] INFO:colcon.colcon_core.shell:Creating environment descriptor '/home/jg/farmbot_ws/install/farmbot_description/share/farmbot_description/hook/cmake_prefix_path.dsv'
[3.573s] INFO:colcon.colcon_core.shell:Creating environment hook '/home/jg/farmbot_ws/install/farmbot_description/share/farmbot_description/hook/cmake_prefix_path.sh'
[3.574s] Level 1:colcon.colcon_core.environment:checking '/home/jg/farmbot_ws/install/farmbot_description/lib'
[3.575s] Level 1:colcon.colcon_core.environment:checking '/home/jg/farmbot_ws/install/farmbot_description/bin'
[3.575s] Level 1:colcon.colcon_core.environment:checking '/home/jg/farmbot_ws/install/farmbot_description/lib/pkgconfig/farmbot_description.pc'
[3.575s] Level 1:colcon.colcon_core.environment:checking '/home/jg/farmbot_ws/install/farmbot_description/lib/python3.8/site-packages'
[3.576s] Level 1:colcon.colcon_core.environment:checking '/home/jg/farmbot_ws/install/farmbot_description/bin'
[3.578s] INFO:colcon.colcon_core.shell:Creating package script '/home/jg/farmbot_ws/install/farmbot_description/share/farmbot_description/package.ps1'
[3.579s] INFO:colcon.colcon_core.shell:Creating package descriptor '/home/jg/farmbot_ws/install/farmbot_description/share/farmbot_description/package.dsv'
[3.580s] INFO:colcon.colcon_core.shell:Creating package script '/home/jg/farmbot_ws/install/farmbot_description/share/farmbot_description/package.sh'
[3.580s] INFO:colcon.colcon_core.shell:Creating package script '/home/jg/farmbot_ws/install/farmbot_description/share/farmbot_description/package.bash'
[3.581s] INFO:colcon.colcon_core.shell:Creating package script '/home/jg/farmbot_ws/install/farmbot_description/share/farmbot_description/package.zsh'
[3.582s] Level 1:colcon.colcon_core.environment:create_file_with_runtime_dependencies(/home/jg/farmbot_ws/install/farmbot_description/share/colcon-core/packages/farmbot_description)
[5.414s] DEBUG:colcon.colcon_core.event_handler.log_command:Invoked command in '/home/jg/farmbot_ws/build/farmbot_gazebo_plugin' returned '0': CMAKE_PREFIX_PATH=${CMAKE_PREFIX_PATH}:/opt/ros/foxy /usr/bin/cmake /home/jg/farmbot_ws/src/farmbot_gazebo_plugin -DCMAKE_INSTALL_PREFIX=/home/jg/farmbot_ws/install/farmbot_gazebo_plugin
[5.420s] DEBUG:colcon.colcon_core.event_handler.log_command:Invoking command in '/home/jg/farmbot_ws/build/farmbot_gazebo_plugin': CMAKE_PREFIX_PATH=${CMAKE_PREFIX_PATH}:/opt/ros/foxy /usr/bin/cmake --build /home/jg/farmbot_ws/build/farmbot_gazebo_plugin -- -j10 -l10
[34.804s] DEBUG:colcon.colcon_core.event_handler.log_command:Invoked command in '/home/jg/farmbot_ws/build/farmbot_gazebo_plugin' returned '0': CMAKE_PREFIX_PATH=${CMAKE_PREFIX_PATH}:/opt/ros/foxy /usr/bin/cmake --build /home/jg/farmbot_ws/build/farmbot_gazebo_plugin -- -j10 -l10
[34.846s] DEBUG:colcon.colcon_core.event_handler.log_command:Invoking command in '/home/jg/farmbot_ws/build/farmbot_gazebo_plugin': CMAKE_PREFIX_PATH=${CMAKE_PREFIX_PATH}:/opt/ros/foxy /usr/bin/cmake --install /home/jg/farmbot_ws/build/farmbot_gazebo_plugin
[34.875s] Level 1:colcon.colcon_core.environment:create_environment_scripts_only(farmbot_gazebo_plugin)
[34.879s] Level 1:colcon.colcon_core.environment:checking '/home/jg/farmbot_ws/install/farmbot_gazebo_plugin' for CMake module files
[34.880s] DEBUG:colcon.colcon_core.event_handler.log_command:Invoked command in '/home/jg/farmbot_ws/build/farmbot_gazebo_plugin' returned '0': CMAKE_PREFIX_PATH=${CMAKE_PREFIX_PATH}:/opt/ros/foxy /usr/bin/cmake --install /home/jg/farmbot_ws/build/farmbot_gazebo_plugin
[34.880s] Level 1:colcon.colcon_core.environment:checking '/home/jg/farmbot_ws/install/farmbot_gazebo_plugin' for CMake config files
[34.881s] Level 1:colcon.colcon_core.shell:create_environment_hook('farmbot_gazebo_plugin', 'cmake_prefix_path')
[34.883s] INFO:colcon.colcon_core.shell:Creating environment hook '/home/jg/farmbot_ws/install/farmbot_gazebo_plugin/share/farmbot_gazebo_plugin/hook/cmake_prefix_path.ps1'
[34.884s] INFO:colcon.colcon_core.shell:Creating environment descriptor '/home/jg/farmbot_ws/install/farmbot_gazebo_plugin/share/farmbot_gazebo_plugin/hook/cmake_prefix_path.dsv'
[34.885s] INFO:colcon.colcon_core.shell:Creating environment hook '/home/jg/farmbot_ws/install/farmbot_gazebo_plugin/share/farmbot_gazebo_plugin/hook/cmake_prefix_path.sh'
[34.886s] Level 1:colcon.colcon_core.environment:checking '/home/jg/farmbot_ws/install/farmbot_gazebo_plugin/bin'
[34.886s] Level 1:colcon.colcon_core.environment:checking '/home/jg/farmbot_ws/install/farmbot_gazebo_plugin/lib/pkgconfig/farmbot_gazebo_plugin.pc'
[34.886s] Level 1:colcon.colcon_core.environment:checking '/home/jg/farmbot_ws/install/farmbot_gazebo_plugin/lib/python3.8/site-packages'
[34.887s] Level 1:colcon.colcon_core.environment:checking '/home/jg/farmbot_ws/install/farmbot_gazebo_plugin/bin'
[34.889s] INFO:colcon.colcon_core.shell:Creating package script '/home/jg/farmbot_ws/install/farmbot_gazebo_plugin/share/farmbot_gazebo_plugin/package.ps1'
[34.890s] INFO:colcon.colcon_core.shell:Creating package descriptor '/home/jg/farmbot_ws/install/farmbot_gazebo_plugin/share/farmbot_gazebo_plugin/package.dsv'
[34.890s] INFO:colcon.colcon_core.shell:Creating package script '/home/jg/farmbot_ws/install/farmbot_gazebo_plugin/share/farmbot_gazebo_plugin/package.sh'
[34.891s] INFO:colcon.colcon_core.shell:Creating package script '/home/jg/farmbot_ws/install/farmbot_gazebo_plugin/share/farmbot_gazebo_plugin/package.bash'
[34.892s] INFO:colcon.colcon_core.shell:Creating package script '/home/jg/farmbot_ws/install/farmbot_gazebo_plugin/share/farmbot_gazebo_plugin/package.zsh'
[34.892s] Level 1:colcon.colcon_core.environment:create_file_with_runtime_dependencies(/home/jg/farmbot_ws/install/farmbot_gazebo_plugin/share/colcon-core/packages/farmbot_gazebo_plugin)
[34.934s] Level 1:colcon.colcon_core.environment:create_environment_scripts_only(farmbot_gazebo_plugin)
[34.937s] Level 1:colcon.colcon_core.environment:checking '/home/jg/farmbot_ws/install/farmbot_gazebo_plugin' for CMake module files
[34.937s] Level 1:colcon.colcon_core.environment:checking '/home/jg/farmbot_ws/install/farmbot_gazebo_plugin' for CMake config files
[34.938s] Level 1:colcon.colcon_core.shell:create_environment_hook('farmbot_gazebo_plugin', 'cmake_prefix_path')
[34.940s] INFO:colcon.colcon_core.shell:Creating environment hook '/home/jg/farmbot_ws/install/farmbot_gazebo_plugin/share/farmbot_gazebo_plugin/hook/cmake_prefix_path.ps1'
[34.942s] INFO:colcon.colcon_core.shell:Creating environment descriptor '/home/jg/farmbot_ws/install/farmbot_gazebo_plugin/share/farmbot_gazebo_plugin/hook/cmake_prefix_path.dsv'
[34.942s] INFO:colcon.colcon_core.shell:Creating environment hook '/home/jg/farmbot_ws/install/farmbot_gazebo_plugin/share/farmbot_gazebo_plugin/hook/cmake_prefix_path.sh'
[34.944s] Level 1:colcon.colcon_core.environment:checking '/home/jg/farmbot_ws/install/farmbot_gazebo_plugin/bin'
[34.944s] Level 1:colcon.colcon_core.environment:checking '/home/jg/farmbot_ws/install/farmbot_gazebo_plugin/lib/pkgconfig/farmbot_gazebo_plugin.pc'
[34.944s] Level 1:colcon.colcon_core.environment:checking '/home/jg/farmbot_ws/install/farmbot_gazebo_plugin/lib/python3.8/site-packages'
[34.944s] Level 1:colcon.colcon_core.environment:checking '/home/jg/farmbot_ws/install/farmbot_gazebo_plugin/bin'
[34.947s] INFO:colcon.colcon_core.shell:Creating package script '/home/jg/farmbot_ws/install/farmbot_gazebo_plugin/share/farmbot_gazebo_plugin/package.ps1'
[34.947s] INFO:colcon.colcon_core.shell:Creating package descriptor '/home/jg/farmbot_ws/install/farmbot_gazebo_plugin/share/farmbot_gazebo_plugin/package.dsv'
[34.948s] INFO:colcon.colcon_core.shell:Creating package script '/home/jg/farmbot_ws/install/farmbot_gazebo_plugin/share/farmbot_gazebo_plugin/package.sh'
[34.949s] INFO:colcon.colcon_core.shell:Creating package script '/home/jg/farmbot_ws/install/farmbot_gazebo_plugin/share/farmbot_gazebo_plugin/package.bash'
[34.950s] INFO:colcon.colcon_core.shell:Creating package script '/home/jg/farmbot_ws/install/farmbot_gazebo_plugin/share/farmbot_gazebo_plugin/package.zsh'
[34.950s] Level 1:colcon.colcon_core.environment:create_file_with_runtime_dependencies(/home/jg/farmbot_ws/install/farmbot_gazebo_plugin/share/colcon-core/packages/farmbot_gazebo_plugin)
[34.951s] DEBUG:colcon.colcon_parallel_executor.executor.parallel:closing loop
[34.952s] DEBUG:colcon.colcon_parallel_executor.executor.parallel:loop closed
[34.953s] DEBUG:colcon.colcon_parallel_executor.executor.parallel:run_until_complete finished with '0'
[34.953s] DEBUG:colcon.colcon_core.event_reactor:joining thread
[34.963s] INFO:colcon.colcon_core.plugin_system:Skipping extension 'colcon_notification.desktop_notification.terminal_notifier': Not used on non-Darwin systems
[34.963s] INFO:colcon.colcon_core.plugin_system:Skipping extension 'colcon_notification.desktop_notification.win32': Not used on non-Windows systems
[34.963s] INFO:colcon.colcon_notification.desktop_notification:Sending desktop notification using 'notify2'
[34.991s] DEBUG:colcon.colcon_core.event_reactor:joined thread
[34.994s] INFO:colcon.colcon_core.shell:Creating prefix script '/home/jg/farmbot_ws/install/local_setup.ps1'
[34.995s] INFO:colcon.colcon_core.shell:Creating prefix util module '/home/jg/farmbot_ws/install/_local_setup_util_ps1.py'
[34.997s] INFO:colcon.colcon_core.shell:Creating prefix chain script '/home/jg/farmbot_ws/install/setup.ps1'
[35.000s] INFO:colcon.colcon_core.shell:Creating prefix script '/home/jg/farmbot_ws/install/local_setup.sh'
[35.001s] INFO:colcon.colcon_core.shell:Creating prefix util module '/home/jg/farmbot_ws/install/_local_setup_util_sh.py'
[35.002s] INFO:colcon.colcon_core.shell:Creating prefix chain script '/home/jg/farmbot_ws/install/setup.sh'
[35.004s] INFO:colcon.colcon_core.shell:Creating prefix script '/home/jg/farmbot_ws/install/local_setup.bash'
[35.005s] INFO:colcon.colcon_core.shell:Creating prefix chain script '/home/jg/farmbot_ws/install/setup.bash'
[35.008s] INFO:colcon.colcon_core.shell:Creating prefix script '/home/jg/farmbot_ws/install/local_setup.zsh'
[35.008s] INFO:colcon.colcon_core.shell:Creating prefix chain script '/home/jg/farmbot_ws/install/setup.zsh'
