[0.044s] Invoking command in '/home/jg/farmbot_ws/build/farmbot_description': CMAKE_PREFIX_PATH=${CMAKE_PREFIX_PATH}:/opt/ros/foxy /usr/bin/cmake /home/jg/farmbot_ws/src/farmbot_description -DCMAKE_INSTALL_PREFIX=/home/jg/farmbot_ws/install/farmbot_description
[0.124s] -- The C compiler identification is GNU 9.4.0
[0.204s] -- The CXX compiler identification is GNU 9.4.0
[0.211s] -- Check for working C compiler: /usr/bin/cc
[0.312s] -- Check for working C compiler: /usr/bin/cc -- works
[0.313s] -- Detecting C compiler ABI info
[0.417s] -- Detecting C compiler ABI info - done
[0.433s] -- Detecting C compile features
[0.433s] -- Detecting C compile features - done
[0.437s] -- Check for working CXX compiler: /usr/bin/c++
[0.558s] -- Check for working CXX compiler: /usr/bin/c++ -- works
[0.559s] -- Detecting CXX compiler ABI info
[0.678s] -- Detecting CXX compiler ABI info - done
[0.695s] -- Detecting CXX compile features
[0.696s] -- Detecting CXX compile features - done
[0.700s] -- Found ament_cmake: 0.9.11 (/opt/ros/foxy/share/ament_cmake/cmake)
[0.738s] -- Found PythonInterp: /usr/bin/python3 (found suitable version "3.8.10", minimum required is "3") 
[0.738s] -- Using PYTHON_EXECUTABLE: /usr/bin/python3
[1.063s] -- Found rviz2: 8.2.7 (/opt/ros/foxy/share/rviz2/cmake)
[1.065s] -- Found rclcpp: 2.4.2 (/opt/ros/foxy/share/rclcpp/cmake)
[1.139s] -- Using all available rosidl_typesupport_c: rosidl_typesupport_fastrtps_c;rosidl_typesupport_introspection_c
[1.150s] -- Found rosidl_adapter: 1.3.0 (/opt/ros/foxy/share/rosidl_adapter/cmake)
[1.264s] -- Found OpenSSL: /usr/lib/x86_64-linux-gnu/libcrypto.so (found version "1.1.1f")  
[1.306s] -- Found FastRTPS: /opt/ros/foxy/include  
[1.425s] -- Using all available rosidl_typesupport_cpp: rosidl_typesupport_fastrtps_cpp;rosidl_typesupport_introspection_cpp
[1.516s] -- Found rmw_implementation_cmake: 1.0.3 (/opt/ros/foxy/share/rmw_implementation_cmake/cmake)
[1.519s] -- Using RMW implementation 'rmw_fastrtps_cpp' as default
[1.520s] -- Looking for pthread.h
[1.630s] -- Looking for pthread.h - found
[1.630s] -- Performing Test CMAKE_HAVE_LIBC_PTHREAD
[1.741s] -- Performing Test CMAKE_HAVE_LIBC_PTHREAD - Failed
[1.741s] -- Looking for pthread_create in pthreads
[1.834s] -- Looking for pthread_create in pthreads - not found
[1.834s] -- Looking for pthread_create in pthread
[1.939s] -- Looking for pthread_create in pthread - found
[1.941s] -- Found Threads: TRUE  
[2.172s] -- Found rclpy: 1.0.11 (/opt/ros/foxy/share/rclpy/cmake)
[2.175s] -- Found urdf: 2.4.0 (/opt/ros/foxy/share/urdf/cmake)
[2.220s] -- Found ament_lint_auto: 0.9.7 (/opt/ros/foxy/share/ament_lint_auto/cmake)
[2.415s] -- Added test 'copyright' to check source files copyright and LICENSE
[2.419s] -- Added test 'cppcheck' to perform static code analysis on C / C++ code
[2.419s] -- Configured cppcheck include dirs: $<BUILD_INTERFACE:/home/jg/farmbot_ws/src/farmbot_description/include>
[2.419s] -- Configured cppcheck exclude dirs and/or files: 
[2.422s] -- Added test 'cpplint' to check C / C++ code against the Google style
[2.422s] -- Configured cpplint exclude dirs and/or files: 
[2.423s] -- Added test 'flake8' to check Python code syntax and style conventions
[2.425s] -- Added test 'lint_cmake' to check CMake code style
[2.427s] -- Added test 'pep257' to check Python code against some of the style conventions in PEP 257
[2.430s] -- Added test 'uncrustify' to check C / C++ code style
[2.430s] -- Configured uncrustify additional arguments: 
[2.431s] -- Added test 'xmllint' to check XML markup files
[2.436s] -- Configuring done
[2.442s] -- Generating done
[2.444s] -- Build files have been written to: /home/jg/farmbot_ws/build/farmbot_description
[2.462s] Invoked command in '/home/jg/farmbot_ws/build/farmbot_description' returned '0': CMAKE_PREFIX_PATH=${CMAKE_PREFIX_PATH}:/opt/ros/foxy /usr/bin/cmake /home/jg/farmbot_ws/src/farmbot_description -DCMAKE_INSTALL_PREFIX=/home/jg/farmbot_ws/install/farmbot_description
[2.465s] Invoking command in '/home/jg/farmbot_ws/build/farmbot_description': CMAKE_PREFIX_PATH=${CMAKE_PREFIX_PATH}:/opt/ros/foxy /usr/bin/cmake --build /home/jg/farmbot_ws/build/farmbot_description -- -j10 -l10
[2.521s] [35m[1mScanning dependencies of target farmbot_description_node[0m
[2.537s] [ 50%] [32mBuilding CXX object CMakeFiles/farmbot_description_node.dir/src/farmbot_description_node.cpp.o[0m
[2.581s] [100%] [32m[1mLinking CXX executable farmbot_description_node[0m
[2.647s] [100%] Built target farmbot_description_node
[2.664s] Invoked command in '/home/jg/farmbot_ws/build/farmbot_description' returned '0': CMAKE_PREFIX_PATH=${CMAKE_PREFIX_PATH}:/opt/ros/foxy /usr/bin/cmake --build /home/jg/farmbot_ws/build/farmbot_description -- -j10 -l10
[2.703s] Invoking command in '/home/jg/farmbot_ws/build/farmbot_description': CMAKE_PREFIX_PATH=${CMAKE_PREFIX_PATH}:/opt/ros/foxy /usr/bin/cmake --install /home/jg/farmbot_ws/build/farmbot_description
[2.714s] -- Install configuration: ""
[2.714s] -- Installing: /home/jg/farmbot_ws/install/farmbot_description/lib/farmbot_description/farmbot_description_node
[2.715s] -- Up-to-date: /home/jg/farmbot_ws/install/farmbot_description/share/farmbot_description/launch
[2.715s] -- Up-to-date: /home/jg/farmbot_ws/install/farmbot_description/share/farmbot_description/launch/display.launch.py
[2.716s] -- Installing: /home/jg/farmbot_ws/install/farmbot_description/share/farmbot_description/launch/spawn_car.launch.py
[2.716s] -- Installing: /home/jg/farmbot_ws/install/farmbot_description/share/farmbot_description/launch/gazebo.launch.py
[2.716s] -- Up-to-date: /home/jg/farmbot_ws/install/farmbot_description/share/farmbot_description/meshes
[2.717s] -- Up-to-date: /home/jg/farmbot_ws/install/farmbot_description/share/farmbot_description/meshes/component__2__3.stl
[2.717s] -- Up-to-date: /home/jg/farmbot_ws/install/farmbot_description/share/farmbot_description/meshes/component__2__1.stl
[2.717s] -- Up-to-date: /home/jg/farmbot_ws/install/farmbot_description/share/farmbot_description/meshes/component__2__4.stl
[2.717s] -- Up-to-date: /home/jg/farmbot_ws/install/farmbot_description/share/farmbot_description/meshes/component__1__1.stl
[2.717s] -- Up-to-date: /home/jg/farmbot_ws/install/farmbot_description/share/farmbot_description/meshes/base_link.stl
[2.718s] -- Up-to-date: /home/jg/farmbot_ws/install/farmbot_description/share/farmbot_description/meshes/component__2__2.stl
[2.719s] -- Up-to-date: /home/jg/farmbot_ws/install/farmbot_description/share/farmbot_description/config
[2.720s] -- Installing: /home/jg/farmbot_ws/install/farmbot_description/share/farmbot_description/config/display.rviz
[2.721s] -- Installing: /home/jg/farmbot_ws/install/farmbot_description/share/farmbot_description/src
[2.724s] -- Installing: /home/jg/farmbot_ws/install/farmbot_description/share/farmbot_description/src/farmbot_description_node.cpp
[2.725s] -- Up-to-date: /home/jg/farmbot_ws/install/farmbot_description/share/farmbot_description/urdf
[2.726s] -- Up-to-date: /home/jg/farmbot_ws/install/farmbot_description/share/farmbot_description/urdf/gazebo_control_skid.xacro
[2.726s] -- Up-to-date: /home/jg/farmbot_ws/install/farmbot_description/share/farmbot_description/urdf/materials.xacro
[2.726s] -- Up-to-date: /home/jg/farmbot_ws/install/farmbot_description/share/farmbot_description/urdf/farmbot.trans
[2.726s] -- Up-to-date: /home/jg/farmbot_ws/install/farmbot_description/share/farmbot_description/urdf/farmbot.gazebo
[2.726s] -- Up-to-date: /home/jg/farmbot_ws/install/farmbot_description/share/farmbot_description/urdf/farmbot.xacro
[2.726s] -- Up-to-date: /home/jg/farmbot_ws/install/farmbot_description/share/farmbot_description/urdf/gazebo_control.xacro
[2.726s] -- Up-to-date: /home/jg/farmbot_ws/install/farmbot_description/share/farmbot_description/urdf/farmbotWorkingArchieve.xacro
[2.727s] CMake Error at cmake_install.cmake:57 (file):
[2.727s]   file INSTALL cannot find
[2.727s]   "/home/jg/farmbot_ws/src/farmbot_description/worlds": No such file or
[2.727s]   directory.
[2.727s] 
[2.727s] 
[2.728s] Invoked command in '/home/jg/farmbot_ws/build/farmbot_description' returned '1': CMAKE_PREFIX_PATH=${CMAKE_PREFIX_PATH}:/opt/ros/foxy /usr/bin/cmake --install /home/jg/farmbot_ws/build/farmbot_description
