[1.057s] Invoking command in '/home/jg/farmbot_ws/build/farmbot_description': PYTHONPATH=/home/jg/farmbot_ws/build/farmbot_description/prefix_override:/home/jg/farmbot_ws/install/farmbot_description/lib/python3.8/site-packages:${PYTHONPATH} /usr/bin/python3 setup.py develop --uninstall --editable --build-directory /home/jg/farmbot_ws/build/farmbot_description/build
[1.412s] running develop
[1.674s] Invoked command in '/home/jg/farmbot_ws/build/farmbot_description' returned '0': PYTHONPATH=/home/jg/farmbot_ws/build/farmbot_description/prefix_override:/home/jg/farmbot_ws/install/farmbot_description/lib/python3.8/site-packages:${PYTHONPATH} /usr/bin/python3 setup.py develop --uninstall --editable --build-directory /home/jg/farmbot_ws/build/farmbot_description/build
[1.677s] Invoking command in '/home/jg/farmbot_ws/src/farmbot_description': PYTHONPATH=/home/jg/farmbot_ws/build/farmbot_description/prefix_override:/home/jg/farmbot_ws/install/farmbot_description/lib/python3.8/site-packages:${PYTHONPATH} /usr/bin/python3 setup.py egg_info --egg-base ../../build/farmbot_description build --build-base /home/jg/farmbot_ws/build/farmbot_description/build install --record /home/jg/farmbot_ws/build/farmbot_description/install.log --install-scripts $base/lib/farmbot_description --single-version-externally-managed
[2.004s] running egg_info
[2.004s] writing ../../build/farmbot_description/farmbot_description.egg-info/PKG-INFO
[2.005s] writing dependency_links to ../../build/farmbot_description/farmbot_description.egg-info/dependency_links.txt
[2.005s] writing entry points to ../../build/farmbot_description/farmbot_description.egg-info/entry_points.txt
[2.005s] writing requirements to ../../build/farmbot_description/farmbot_description.egg-info/requires.txt
[2.006s] writing top-level names to ../../build/farmbot_description/farmbot_description.egg-info/top_level.txt
[2.055s] reading manifest file '../../build/farmbot_description/farmbot_description.egg-info/SOURCES.txt'
[2.056s] writing manifest file '../../build/farmbot_description/farmbot_description.egg-info/SOURCES.txt'
[2.057s] running build
[2.057s] running build_py
[2.057s] running install
[2.058s] running install_lib
[2.060s] running install_data
[2.061s] copying urdf/farmbot.xacro -> /home/jg/farmbot_ws/install/farmbot_description/share/farmbot_description/urdf
[2.062s] running install_egg_info
[2.064s] removing '/home/jg/farmbot_ws/install/farmbot_description/lib/python3.8/site-packages/farmbot_description-0.0.0-py3.8.egg-info' (and everything under it)
[2.065s] Copying ../../build/farmbot_description/farmbot_description.egg-info to /home/jg/farmbot_ws/install/farmbot_description/lib/python3.8/site-packages/farmbot_description-0.0.0-py3.8.egg-info
[2.066s] running install_scripts
[2.092s] writing list of installed files to '/home/jg/farmbot_ws/build/farmbot_description/install.log'
[2.122s] Invoked command in '/home/jg/farmbot_ws/src/farmbot_description' returned '0': PYTHONPATH=/home/jg/farmbot_ws/build/farmbot_description/prefix_override:/home/jg/farmbot_ws/install/farmbot_description/lib/python3.8/site-packages:${PYTHONPATH} /usr/bin/python3 setup.py egg_info --egg-base ../../build/farmbot_description build --build-base /home/jg/farmbot_ws/build/farmbot_description/build install --record /home/jg/farmbot_ws/build/farmbot_description/install.log --install-scripts $base/lib/farmbot_description --single-version-externally-managed
