[0.492s] DEBUG:colcon:Command line arguments: ['/usr/bin/colcon', 'build']
[0.492s] DEBUG:colcon:Parsed command line arguments: Namespace(allow_overriding=[], ament_cmake_args=None, base_paths=['.'], build_base='build', catkin_cmake_args=None, catkin_skip_building_tests=False, cmake_args=None, cmake_clean_cache=False, cmake_clean_first=False, cmake_force_configure=False, cmake_target=None, cmake_target_skip_unavailable=False, continue_on_error=False, event_handlers=None, executor='parallel', ignore_user_meta=False, install_base='install', log_base=None, log_level=None, main=<bound method BuildVerb.main of <colcon_core.verb.build.BuildVerb object at 0x7f1098bbfaf0>>, merge_install=False, metas=['./colcon.meta'], packages_above=None, packages_above_and_dependencies=None, packages_above_depth=None, packages_end=None, packages_ignore=None, packages_ignore_regex=None, packages_select=None, packages_select_build_failed=False, packages_select_by_dep=None, packages_select_regex=None, packages_select_test_failures=False, packages_skip=None, packages_skip_build_finished=False, packages_skip_by_dep=None, packages_skip_regex=None, packages_skip_test_passed=False, packages_skip_up_to=None, packages_start=None, packages_up_to=None, packages_up_to_regex=None, parallel_workers=10, paths=None, symlink_install=False, test_result_base=None, verb_extension=<colcon_core.verb.build.BuildVerb object at 0x7f1098bbfaf0>, verb_name='build', verb_parser=<colcon_defaults.argument_parser.defaults.DefaultArgumentsDecorator object at 0x7f1098bcc040>)
[0.534s] Level 1:colcon.colcon_core.package_discovery:discover_packages(colcon_meta) check parameters
[0.534s] Level 1:colcon.colcon_core.package_discovery:discover_packages(recursive) check parameters
[0.534s] Level 1:colcon.colcon_core.package_discovery:discover_packages(ignore) check parameters
[0.534s] Level 1:colcon.colcon_core.package_discovery:discover_packages(path) check parameters
[0.534s] Level 1:colcon.colcon_core.package_discovery:discover_packages(colcon_meta) discover
[0.535s] Level 1:colcon.colcon_core.package_discovery:discover_packages(recursive) discover
[0.535s] INFO:colcon.colcon_core.package_discovery:Crawling recursively for packages in '/home/jg/farmbot_ws'
[0.535s] Level 1:colcon.colcon_core.package_identification:_identify(.) by extensions ['ignore', 'ignore_ament_install']
[0.535s] Level 1:colcon.colcon_core.package_identification:_identify(.) by extension 'ignore'
[0.535s] Level 1:colcon.colcon_core.package_identification:_identify(.) by extension 'ignore_ament_install'
[0.535s] Level 1:colcon.colcon_core.package_identification:_identify(.) by extensions ['colcon_pkg']
[0.536s] Level 1:colcon.colcon_core.package_identification:_identify(.) by extension 'colcon_pkg'
[0.536s] Level 1:colcon.colcon_core.package_identification:_identify(.) by extensions ['colcon_meta']
[0.536s] Level 1:colcon.colcon_core.package_identification:_identify(.) by extension 'colcon_meta'
[0.536s] Level 1:colcon.colcon_core.package_identification:_identify(.) by extensions ['ros']
[0.536s] Level 1:colcon.colcon_core.package_identification:_identify(.) by extension 'ros'
[0.563s] Level 1:colcon.colcon_core.package_identification:_identify(.) by extensions ['cmake', 'python']
[0.563s] Level 1:colcon.colcon_core.package_identification:_identify(.) by extension 'cmake'
[0.564s] Level 1:colcon.colcon_core.package_identification:_identify(.) by extension 'python'
[0.564s] Level 1:colcon.colcon_core.package_identification:_identify(.) by extensions ['python_setup_py']
[0.564s] Level 1:colcon.colcon_core.package_identification:_identify(.) by extension 'python_setup_py'
[0.564s] Level 1:colcon.colcon_core.package_identification:_identify(build) by extensions ['ignore', 'ignore_ament_install']
[0.564s] Level 1:colcon.colcon_core.package_identification:_identify(build) by extension 'ignore'
[0.564s] Level 1:colcon.colcon_core.package_identification:_identify(build) ignored
[0.565s] Level 1:colcon.colcon_core.package_identification:_identify(install) by extensions ['ignore', 'ignore_ament_install']
[0.565s] Level 1:colcon.colcon_core.package_identification:_identify(install) by extension 'ignore'
[0.565s] Level 1:colcon.colcon_core.package_identification:_identify(install) ignored
[0.565s] Level 1:colcon.colcon_core.package_identification:_identify(log) by extensions ['ignore', 'ignore_ament_install']
[0.565s] Level 1:colcon.colcon_core.package_identification:_identify(log) by extension 'ignore'
[0.566s] Level 1:colcon.colcon_core.package_identification:_identify(log) ignored
[0.566s] Level 1:colcon.colcon_core.package_identification:_identify(src) by extensions ['ignore', 'ignore_ament_install']
[0.566s] Level 1:colcon.colcon_core.package_identification:_identify(src) by extension 'ignore'
[0.566s] Level 1:colcon.colcon_core.package_identification:_identify(src) by extension 'ignore_ament_install'
[0.566s] Level 1:colcon.colcon_core.package_identification:_identify(src) by extensions ['colcon_pkg']
[0.566s] Level 1:colcon.colcon_core.package_identification:_identify(src) by extension 'colcon_pkg'
[0.566s] Level 1:colcon.colcon_core.package_identification:_identify(src) by extensions ['colcon_meta']
[0.567s] Level 1:colcon.colcon_core.package_identification:_identify(src) by extension 'colcon_meta'
[0.567s] Level 1:colcon.colcon_core.package_identification:_identify(src) by extensions ['ros']
[0.567s] Level 1:colcon.colcon_core.package_identification:_identify(src) by extension 'ros'
[0.567s] Level 1:colcon.colcon_core.package_identification:_identify(src) by extensions ['cmake', 'python']
[0.567s] Level 1:colcon.colcon_core.package_identification:_identify(src) by extension 'cmake'
[0.567s] Level 1:colcon.colcon_core.package_identification:_identify(src) by extension 'python'
[0.567s] Level 1:colcon.colcon_core.package_identification:_identify(src) by extensions ['python_setup_py']
[0.567s] Level 1:colcon.colcon_core.package_identification:_identify(src) by extension 'python_setup_py'
[0.567s] Level 1:colcon.colcon_core.package_identification:_identify(src/farmbot_description) by extensions ['ignore', 'ignore_ament_install']
[0.568s] Level 1:colcon.colcon_core.package_identification:_identify(src/farmbot_description) by extension 'ignore'
[0.568s] Level 1:colcon.colcon_core.package_identification:_identify(src/farmbot_description) by extension 'ignore_ament_install'
[0.568s] Level 1:colcon.colcon_core.package_identification:_identify(src/farmbot_description) by extensions ['colcon_pkg']
[0.568s] Level 1:colcon.colcon_core.package_identification:_identify(src/farmbot_description) by extension 'colcon_pkg'
[0.568s] Level 1:colcon.colcon_core.package_identification:_identify(src/farmbot_description) by extensions ['colcon_meta']
[0.568s] Level 1:colcon.colcon_core.package_identification:_identify(src/farmbot_description) by extension 'colcon_meta'
[0.568s] Level 1:colcon.colcon_core.package_identification:_identify(src/farmbot_description) by extensions ['ros']
[0.568s] Level 1:colcon.colcon_core.package_identification:_identify(src/farmbot_description) by extension 'ros'
[0.572s] DEBUG:colcon.colcon_core.package_identification:Package 'src/farmbot_description' with type 'ros.ament_cmake' and name 'farmbot_description'
[0.573s] Level 1:colcon.colcon_core.package_identification:_identify(src/farmbot_gazebo_plugin) by extensions ['ignore', 'ignore_ament_install']
[0.573s] Level 1:colcon.colcon_core.package_identification:_identify(src/farmbot_gazebo_plugin) by extension 'ignore'
[0.573s] Level 1:colcon.colcon_core.package_identification:_identify(src/farmbot_gazebo_plugin) by extension 'ignore_ament_install'
[0.573s] Level 1:colcon.colcon_core.package_identification:_identify(src/farmbot_gazebo_plugin) by extensions ['colcon_pkg']
[0.573s] Level 1:colcon.colcon_core.package_identification:_identify(src/farmbot_gazebo_plugin) by extension 'colcon_pkg'
[0.573s] Level 1:colcon.colcon_core.package_identification:_identify(src/farmbot_gazebo_plugin) by extensions ['colcon_meta']
[0.573s] Level 1:colcon.colcon_core.package_identification:_identify(src/farmbot_gazebo_plugin) by extension 'colcon_meta'
[0.574s] Level 1:colcon.colcon_core.package_identification:_identify(src/farmbot_gazebo_plugin) by extensions ['ros']
[0.574s] Level 1:colcon.colcon_core.package_identification:_identify(src/farmbot_gazebo_plugin) by extension 'ros'
[0.575s] DEBUG:colcon.colcon_core.package_identification:Package 'src/farmbot_gazebo_plugin' with type 'ros.ament_cmake' and name 'farmbot_gazebo_plugin'
[0.575s] Level 1:colcon.colcon_core.package_discovery:discover_packages(recursive) using defaults
[0.575s] Level 1:colcon.colcon_core.package_discovery:discover_packages(ignore) discover
[0.576s] Level 1:colcon.colcon_core.package_discovery:discover_packages(ignore) using defaults
[0.576s] Level 1:colcon.colcon_core.package_discovery:discover_packages(path) discover
[0.576s] Level 1:colcon.colcon_core.package_discovery:discover_packages(path) using defaults
[0.604s] Level 1:colcon.colcon_core.package_discovery:discover_packages(prefix_path) check parameters
[0.604s] Level 1:colcon.colcon_core.package_discovery:discover_packages(prefix_path) discover
[0.609s] DEBUG:colcon.colcon_installed_package_information.package_discovery:Found 2 installed packages in /home/jg/farmbot_ws/install
[0.611s] DEBUG:colcon.colcon_installed_package_information.package_discovery:Found 6 installed packages in /home/jg/car_ws/install
[0.612s] DEBUG:colcon.colcon_installed_package_information.package_discovery:Found 3 installed packages in /home/jg/neor_mini/mini_sim20_ws/install
[0.615s] DEBUG:colcon.colcon_installed_package_information.package_discovery:Found 315 installed packages in /opt/ros/foxy
[0.618s] Level 1:colcon.colcon_core.package_discovery:discover_packages(prefix_path) using defaults
[0.737s] Level 5:colcon.colcon_core.verb:set package 'farmbot_description' build argument 'cmake_args' from command line to 'None'
[0.737s] Level 5:colcon.colcon_core.verb:set package 'farmbot_description' build argument 'cmake_target' from command line to 'None'
[0.737s] Level 5:colcon.colcon_core.verb:set package 'farmbot_description' build argument 'cmake_target_skip_unavailable' from command line to 'False'
[0.737s] Level 5:colcon.colcon_core.verb:set package 'farmbot_description' build argument 'cmake_clean_cache' from command line to 'False'
[0.737s] Level 5:colcon.colcon_core.verb:set package 'farmbot_description' build argument 'cmake_clean_first' from command line to 'False'
[0.737s] Level 5:colcon.colcon_core.verb:set package 'farmbot_description' build argument 'cmake_force_configure' from command line to 'False'
[0.737s] Level 5:colcon.colcon_core.verb:set package 'farmbot_description' build argument 'ament_cmake_args' from command line to 'None'
[0.737s] Level 5:colcon.colcon_core.verb:set package 'farmbot_description' build argument 'catkin_cmake_args' from command line to 'None'
[0.737s] Level 5:colcon.colcon_core.verb:set package 'farmbot_description' build argument 'catkin_skip_building_tests' from command line to 'False'
[0.738s] DEBUG:colcon.colcon_core.verb:Building package 'farmbot_description' with the following arguments: {'ament_cmake_args': None, 'build_base': '/home/jg/farmbot_ws/build/farmbot_description', 'catkin_cmake_args': None, 'catkin_skip_building_tests': False, 'cmake_args': None, 'cmake_clean_cache': False, 'cmake_clean_first': False, 'cmake_force_configure': False, 'cmake_target': None, 'cmake_target_skip_unavailable': False, 'install_base': '/home/jg/farmbot_ws/install/farmbot_description', 'merge_install': False, 'path': '/home/jg/farmbot_ws/src/farmbot_description', 'symlink_install': False, 'test_result_base': None}
[0.739s] Level 5:colcon.colcon_core.verb:set package 'farmbot_gazebo_plugin' build argument 'cmake_args' from command line to 'None'
[0.739s] Level 5:colcon.colcon_core.verb:set package 'farmbot_gazebo_plugin' build argument 'cmake_target' from command line to 'None'
[0.739s] Level 5:colcon.colcon_core.verb:set package 'farmbot_gazebo_plugin' build argument 'cmake_target_skip_unavailable' from command line to 'False'
[0.739s] Level 5:colcon.colcon_core.verb:set package 'farmbot_gazebo_plugin' build argument 'cmake_clean_cache' from command line to 'False'
[0.739s] Level 5:colcon.colcon_core.verb:set package 'farmbot_gazebo_plugin' build argument 'cmake_clean_first' from command line to 'False'
[0.739s] Level 5:colcon.colcon_core.verb:set package 'farmbot_gazebo_plugin' build argument 'cmake_force_configure' from command line to 'False'
[0.739s] Level 5:colcon.colcon_core.verb:set package 'farmbot_gazebo_plugin' build argument 'ament_cmake_args' from command line to 'None'
[0.740s] Level 5:colcon.colcon_core.verb:set package 'farmbot_gazebo_plugin' build argument 'catkin_cmake_args' from command line to 'None'
[0.740s] Level 5:colcon.colcon_core.verb:set package 'farmbot_gazebo_plugin' build argument 'catkin_skip_building_tests' from command line to 'False'
[0.740s] DEBUG:colcon.colcon_core.verb:Building package 'farmbot_gazebo_plugin' with the following arguments: {'ament_cmake_args': None, 'build_base': '/home/jg/farmbot_ws/build/farmbot_gazebo_plugin', 'catkin_cmake_args': None, 'catkin_skip_building_tests': False, 'cmake_args': None, 'cmake_clean_cache': False, 'cmake_clean_first': False, 'cmake_force_configure': False, 'cmake_target': None, 'cmake_target_skip_unavailable': False, 'install_base': '/home/jg/farmbot_ws/install/farmbot_gazebo_plugin', 'merge_install': False, 'path': '/home/jg/farmbot_ws/src/farmbot_gazebo_plugin', 'symlink_install': False, 'test_result_base': None}
[0.741s] INFO:colcon.colcon_core.executor:Executing jobs using 'parallel' executor
[0.746s] DEBUG:colcon.colcon_parallel_executor.executor.parallel:run_until_complete
[0.747s] INFO:colcon.colcon_ros.task.ament_cmake.build:Building ROS package in '/home/jg/farmbot_ws/src/farmbot_description' with build type 'ament_cmake'
[0.747s] INFO:colcon.colcon_cmake.task.cmake.build:Building CMake package in '/home/jg/farmbot_ws/src/farmbot_description'
[0.754s] INFO:colcon.colcon_core.plugin_system:Skipping extension 'colcon_core.shell.bat': Not used on non-Windows systems
[0.754s] INFO:colcon.colcon_core.shell:Skip shell extension 'powershell' for command environment: Not usable outside of PowerShell
[0.754s] DEBUG:colcon.colcon_core.shell:Skip shell extension 'dsv' for command environment
[0.767s] INFO:colcon.colcon_ros.task.ament_cmake.build:Building ROS package in '/home/jg/farmbot_ws/src/farmbot_gazebo_plugin' with build type 'ament_cmake'
[0.768s] INFO:colcon.colcon_cmake.task.cmake.build:Building CMake package in '/home/jg/farmbot_ws/src/farmbot_gazebo_plugin'
[0.770s] INFO:colcon.colcon_core.shell:Skip shell extension 'powershell' for command environment: Not usable outside of PowerShell
[0.771s] DEBUG:colcon.colcon_core.shell:Skip shell extension 'dsv' for command environment
[0.799s] DEBUG:colcon.colcon_core.event_handler.log_command:Invoking command in '/home/jg/farmbot_ws/build/farmbot_description': CMAKE_PREFIX_PATH=${CMAKE_PREFIX_PATH}:/opt/ros/foxy /usr/bin/cmake --build /home/jg/farmbot_ws/build/farmbot_description -- -j10 -l10
[0.808s] DEBUG:colcon.colcon_core.event_handler.log_command:Invoking command in '/home/jg/farmbot_ws/build/farmbot_gazebo_plugin': CMAKE_PREFIX_PATH=${CMAKE_PREFIX_PATH}:/opt/ros/foxy /usr/bin/cmake --build /home/jg/farmbot_ws/build/farmbot_gazebo_plugin -- -j10 -l10
[0.889s] DEBUG:colcon.colcon_core.event_handler.log_command:Invoked command in '/home/jg/farmbot_ws/build/farmbot_description' returned '0': CMAKE_PREFIX_PATH=${CMAKE_PREFIX_PATH}:/opt/ros/foxy /usr/bin/cmake --build /home/jg/farmbot_ws/build/farmbot_description -- -j10 -l10
[0.944s] DEBUG:colcon.colcon_core.event_handler.log_command:Invoking command in '/home/jg/farmbot_ws/build/farmbot_description': CMAKE_PREFIX_PATH=${CMAKE_PREFIX_PATH}:/opt/ros/foxy /usr/bin/cmake --install /home/jg/farmbot_ws/build/farmbot_description
[0.951s] DEBUG:colcon.colcon_core.event_handler.log_command:Invoked command in '/home/jg/farmbot_ws/build/farmbot_gazebo_plugin' returned '0': CMAKE_PREFIX_PATH=${CMAKE_PREFIX_PATH}:/opt/ros/foxy /usr/bin/cmake --build /home/jg/farmbot_ws/build/farmbot_gazebo_plugin -- -j10 -l10
[0.963s] Level 1:colcon.colcon_core.environment:create_environment_scripts_only(farmbot_description)
[0.981s] Level 1:colcon.colcon_core.environment:checking '/home/jg/farmbot_ws/install/farmbot_description' for CMake module files
[0.984s] Level 1:colcon.colcon_core.environment:checking '/home/jg/farmbot_ws/install/farmbot_description' for CMake config files
[0.991s] Level 1:colcon.colcon_core.shell:create_environment_hook('farmbot_description', 'cmake_prefix_path')
[0.993s] INFO:colcon.colcon_core.shell:Creating environment hook '/home/jg/farmbot_ws/install/farmbot_description/share/farmbot_description/hook/cmake_prefix_path.ps1'
[0.995s] INFO:colcon.colcon_core.shell:Creating environment descriptor '/home/jg/farmbot_ws/install/farmbot_description/share/farmbot_description/hook/cmake_prefix_path.dsv'
[0.997s] INFO:colcon.colcon_core.shell:Creating environment hook '/home/jg/farmbot_ws/install/farmbot_description/share/farmbot_description/hook/cmake_prefix_path.sh'
[0.997s] DEBUG:colcon.colcon_core.event_handler.log_command:Invoked command in '/home/jg/farmbot_ws/build/farmbot_description' returned '0': CMAKE_PREFIX_PATH=${CMAKE_PREFIX_PATH}:/opt/ros/foxy /usr/bin/cmake --install /home/jg/farmbot_ws/build/farmbot_description
[0.999s] Level 1:colcon.colcon_core.environment:checking '/home/jg/farmbot_ws/install/farmbot_description/lib'
[0.999s] Level 1:colcon.colcon_core.environment:checking '/home/jg/farmbot_ws/install/farmbot_description/bin'
[1.000s] Level 1:colcon.colcon_core.environment:checking '/home/jg/farmbot_ws/install/farmbot_description/lib/pkgconfig/farmbot_description.pc'
[1.000s] Level 1:colcon.colcon_core.environment:checking '/home/jg/farmbot_ws/install/farmbot_description/lib/python3.8/site-packages'
[1.001s] Level 1:colcon.colcon_core.environment:checking '/home/jg/farmbot_ws/install/farmbot_description/bin'
[1.003s] INFO:colcon.colcon_core.shell:Creating package script '/home/jg/farmbot_ws/install/farmbot_description/share/farmbot_description/package.ps1'
[1.004s] INFO:colcon.colcon_core.shell:Creating package descriptor '/home/jg/farmbot_ws/install/farmbot_description/share/farmbot_description/package.dsv'
[1.005s] INFO:colcon.colcon_core.shell:Creating package script '/home/jg/farmbot_ws/install/farmbot_description/share/farmbot_description/package.sh'
[1.006s] INFO:colcon.colcon_core.shell:Creating package script '/home/jg/farmbot_ws/install/farmbot_description/share/farmbot_description/package.bash'
[1.007s] INFO:colcon.colcon_core.shell:Creating package script '/home/jg/farmbot_ws/install/farmbot_description/share/farmbot_description/package.zsh'
[1.009s] Level 1:colcon.colcon_core.environment:create_file_with_runtime_dependencies(/home/jg/farmbot_ws/install/farmbot_description/share/colcon-core/packages/farmbot_description)
[1.019s] DEBUG:colcon.colcon_core.event_handler.log_command:Invoking command in '/home/jg/farmbot_ws/build/farmbot_gazebo_plugin': CMAKE_PREFIX_PATH=${CMAKE_PREFIX_PATH}:/opt/ros/foxy /usr/bin/cmake --install /home/jg/farmbot_ws/build/farmbot_gazebo_plugin
[1.037s] Level 1:colcon.colcon_core.environment:create_environment_scripts_only(farmbot_gazebo_plugin)
[1.040s] Level 1:colcon.colcon_core.environment:checking '/home/jg/farmbot_ws/install/farmbot_gazebo_plugin' for CMake module files
[1.043s] Level 1:colcon.colcon_core.environment:checking '/home/jg/farmbot_ws/install/farmbot_gazebo_plugin' for CMake config files
[1.046s] DEBUG:colcon.colcon_core.event_handler.log_command:Invoked command in '/home/jg/farmbot_ws/build/farmbot_gazebo_plugin' returned '0': CMAKE_PREFIX_PATH=${CMAKE_PREFIX_PATH}:/opt/ros/foxy /usr/bin/cmake --install /home/jg/farmbot_ws/build/farmbot_gazebo_plugin
[1.047s] Level 1:colcon.colcon_core.shell:create_environment_hook('farmbot_gazebo_plugin', 'cmake_prefix_path')
[1.049s] INFO:colcon.colcon_core.shell:Creating environment hook '/home/jg/farmbot_ws/install/farmbot_gazebo_plugin/share/farmbot_gazebo_plugin/hook/cmake_prefix_path.ps1'
[1.050s] INFO:colcon.colcon_core.shell:Creating environment descriptor '/home/jg/farmbot_ws/install/farmbot_gazebo_plugin/share/farmbot_gazebo_plugin/hook/cmake_prefix_path.dsv'
[1.050s] INFO:colcon.colcon_core.shell:Creating environment hook '/home/jg/farmbot_ws/install/farmbot_gazebo_plugin/share/farmbot_gazebo_plugin/hook/cmake_prefix_path.sh'
[1.051s] Level 1:colcon.colcon_core.environment:checking '/home/jg/farmbot_ws/install/farmbot_gazebo_plugin/bin'
[1.052s] Level 1:colcon.colcon_core.environment:checking '/home/jg/farmbot_ws/install/farmbot_gazebo_plugin/lib/pkgconfig/farmbot_gazebo_plugin.pc'
[1.052s] Level 1:colcon.colcon_core.environment:checking '/home/jg/farmbot_ws/install/farmbot_gazebo_plugin/lib/python3.8/site-packages'
[1.052s] Level 1:colcon.colcon_core.environment:checking '/home/jg/farmbot_ws/install/farmbot_gazebo_plugin/bin'
[1.055s] INFO:colcon.colcon_core.shell:Creating package script '/home/jg/farmbot_ws/install/farmbot_gazebo_plugin/share/farmbot_gazebo_plugin/package.ps1'
[1.056s] INFO:colcon.colcon_core.shell:Creating package descriptor '/home/jg/farmbot_ws/install/farmbot_gazebo_plugin/share/farmbot_gazebo_plugin/package.dsv'
[1.056s] INFO:colcon.colcon_core.shell:Creating package script '/home/jg/farmbot_ws/install/farmbot_gazebo_plugin/share/farmbot_gazebo_plugin/package.sh'
[1.057s] INFO:colcon.colcon_core.shell:Creating package script '/home/jg/farmbot_ws/install/farmbot_gazebo_plugin/share/farmbot_gazebo_plugin/package.bash'
[1.058s] INFO:colcon.colcon_core.shell:Creating package script '/home/jg/farmbot_ws/install/farmbot_gazebo_plugin/share/farmbot_gazebo_plugin/package.zsh'
[1.058s] Level 1:colcon.colcon_core.environment:create_file_with_runtime_dependencies(/home/jg/farmbot_ws/install/farmbot_gazebo_plugin/share/colcon-core/packages/farmbot_gazebo_plugin)
[1.066s] Level 1:colcon.colcon_core.environment:create_environment_scripts_only(farmbot_description)
[1.069s] Level 1:colcon.colcon_core.environment:checking '/home/jg/farmbot_ws/install/farmbot_description' for CMake module files
[1.070s] Level 1:colcon.colcon_core.environment:checking '/home/jg/farmbot_ws/install/farmbot_description' for CMake config files
[1.071s] Level 1:colcon.colcon_core.shell:create_environment_hook('farmbot_description', 'cmake_prefix_path')
[1.073s] INFO:colcon.colcon_core.shell:Creating environment hook '/home/jg/farmbot_ws/install/farmbot_description/share/farmbot_description/hook/cmake_prefix_path.ps1'
[1.074s] INFO:colcon.colcon_core.shell:Creating environment descriptor '/home/jg/farmbot_ws/install/farmbot_description/share/farmbot_description/hook/cmake_prefix_path.dsv'
[1.074s] INFO:colcon.colcon_core.shell:Creating environment hook '/home/jg/farmbot_ws/install/farmbot_description/share/farmbot_description/hook/cmake_prefix_path.sh'
[1.075s] Level 1:colcon.colcon_core.environment:checking '/home/jg/farmbot_ws/install/farmbot_description/lib'
[1.076s] Level 1:colcon.colcon_core.environment:checking '/home/jg/farmbot_ws/install/farmbot_description/bin'
[1.076s] Level 1:colcon.colcon_core.environment:checking '/home/jg/farmbot_ws/install/farmbot_description/lib/pkgconfig/farmbot_description.pc'
[1.076s] Level 1:colcon.colcon_core.environment:checking '/home/jg/farmbot_ws/install/farmbot_description/lib/python3.8/site-packages'
[1.077s] Level 1:colcon.colcon_core.environment:checking '/home/jg/farmbot_ws/install/farmbot_description/bin'
[1.079s] INFO:colcon.colcon_core.shell:Creating package script '/home/jg/farmbot_ws/install/farmbot_description/share/farmbot_description/package.ps1'
[1.080s] INFO:colcon.colcon_core.shell:Creating package descriptor '/home/jg/farmbot_ws/install/farmbot_description/share/farmbot_description/package.dsv'
[1.081s] INFO:colcon.colcon_core.shell:Creating package script '/home/jg/farmbot_ws/install/farmbot_description/share/farmbot_description/package.sh'
[1.082s] INFO:colcon.colcon_core.shell:Creating package script '/home/jg/farmbot_ws/install/farmbot_description/share/farmbot_description/package.bash'
[1.083s] INFO:colcon.colcon_core.shell:Creating package script '/home/jg/farmbot_ws/install/farmbot_description/share/farmbot_description/package.zsh'
[1.083s] Level 1:colcon.colcon_core.environment:create_file_with_runtime_dependencies(/home/jg/farmbot_ws/install/farmbot_description/share/colcon-core/packages/farmbot_description)
[1.097s] Level 1:colcon.colcon_core.environment:create_environment_scripts_only(farmbot_gazebo_plugin)
[1.100s] Level 1:colcon.colcon_core.environment:checking '/home/jg/farmbot_ws/install/farmbot_gazebo_plugin' for CMake module files
[1.101s] Level 1:colcon.colcon_core.environment:checking '/home/jg/farmbot_ws/install/farmbot_gazebo_plugin' for CMake config files
[1.102s] Level 1:colcon.colcon_core.shell:create_environment_hook('farmbot_gazebo_plugin', 'cmake_prefix_path')
[1.104s] INFO:colcon.colcon_core.shell:Creating environment hook '/home/jg/farmbot_ws/install/farmbot_gazebo_plugin/share/farmbot_gazebo_plugin/hook/cmake_prefix_path.ps1'
[1.104s] INFO:colcon.colcon_core.shell:Creating environment descriptor '/home/jg/farmbot_ws/install/farmbot_gazebo_plugin/share/farmbot_gazebo_plugin/hook/cmake_prefix_path.dsv'
[1.105s] INFO:colcon.colcon_core.shell:Creating environment hook '/home/jg/farmbot_ws/install/farmbot_gazebo_plugin/share/farmbot_gazebo_plugin/hook/cmake_prefix_path.sh'
[1.106s] Level 1:colcon.colcon_core.environment:checking '/home/jg/farmbot_ws/install/farmbot_gazebo_plugin/bin'
[1.106s] Level 1:colcon.colcon_core.environment:checking '/home/jg/farmbot_ws/install/farmbot_gazebo_plugin/lib/pkgconfig/farmbot_gazebo_plugin.pc'
[1.107s] Level 1:colcon.colcon_core.environment:checking '/home/jg/farmbot_ws/install/farmbot_gazebo_plugin/lib/python3.8/site-packages'
[1.107s] Level 1:colcon.colcon_core.environment:checking '/home/jg/farmbot_ws/install/farmbot_gazebo_plugin/bin'
[1.109s] INFO:colcon.colcon_core.shell:Creating package script '/home/jg/farmbot_ws/install/farmbot_gazebo_plugin/share/farmbot_gazebo_plugin/package.ps1'
[1.110s] INFO:colcon.colcon_core.shell:Creating package descriptor '/home/jg/farmbot_ws/install/farmbot_gazebo_plugin/share/farmbot_gazebo_plugin/package.dsv'
[1.111s] INFO:colcon.colcon_core.shell:Creating package script '/home/jg/farmbot_ws/install/farmbot_gazebo_plugin/share/farmbot_gazebo_plugin/package.sh'
[1.112s] INFO:colcon.colcon_core.shell:Creating package script '/home/jg/farmbot_ws/install/farmbot_gazebo_plugin/share/farmbot_gazebo_plugin/package.bash'
[1.113s] INFO:colcon.colcon_core.shell:Creating package script '/home/jg/farmbot_ws/install/farmbot_gazebo_plugin/share/farmbot_gazebo_plugin/package.zsh'
[1.113s] Level 1:colcon.colcon_core.environment:create_file_with_runtime_dependencies(/home/jg/farmbot_ws/install/farmbot_gazebo_plugin/share/colcon-core/packages/farmbot_gazebo_plugin)
[1.114s] DEBUG:colcon.colcon_parallel_executor.executor.parallel:closing loop
[1.115s] DEBUG:colcon.colcon_parallel_executor.executor.parallel:loop closed
[1.116s] DEBUG:colcon.colcon_parallel_executor.executor.parallel:run_until_complete finished with '0'
[1.116s] DEBUG:colcon.colcon_core.event_reactor:joining thread
[1.126s] INFO:colcon.colcon_core.plugin_system:Skipping extension 'colcon_notification.desktop_notification.terminal_notifier': Not used on non-Darwin systems
[1.126s] INFO:colcon.colcon_core.plugin_system:Skipping extension 'colcon_notification.desktop_notification.win32': Not used on non-Windows systems
[1.127s] INFO:colcon.colcon_notification.desktop_notification:Sending desktop notification using 'notify2'
[1.154s] DEBUG:colcon.colcon_core.event_reactor:joined thread
[1.157s] INFO:colcon.colcon_core.shell:Creating prefix script '/home/jg/farmbot_ws/install/local_setup.ps1'
[1.159s] INFO:colcon.colcon_core.shell:Creating prefix util module '/home/jg/farmbot_ws/install/_local_setup_util_ps1.py'
[1.162s] INFO:colcon.colcon_core.shell:Creating prefix chain script '/home/jg/farmbot_ws/install/setup.ps1'
[1.165s] INFO:colcon.colcon_core.shell:Creating prefix script '/home/jg/farmbot_ws/install/local_setup.sh'
[1.166s] INFO:colcon.colcon_core.shell:Creating prefix util module '/home/jg/farmbot_ws/install/_local_setup_util_sh.py'
[1.167s] INFO:colcon.colcon_core.shell:Creating prefix chain script '/home/jg/farmbot_ws/install/setup.sh'
[1.170s] INFO:colcon.colcon_core.shell:Creating prefix script '/home/jg/farmbot_ws/install/local_setup.bash'
[1.171s] INFO:colcon.colcon_core.shell:Creating prefix chain script '/home/jg/farmbot_ws/install/setup.bash'
[1.174s] INFO:colcon.colcon_core.shell:Creating prefix script '/home/jg/farmbot_ws/install/local_setup.zsh'
[1.175s] INFO:colcon.colcon_core.shell:Creating prefix chain script '/home/jg/farmbot_ws/install/setup.zsh'
