[0.043s] Invoking command in '/home/jg/farmbot_ws/build/farmbot_gazebo_plugin': CMAKE_PREFIX_PATH=${CMAKE_PREFIX_PATH}:/opt/ros/foxy /usr/bin/cmake --build /home/jg/farmbot_ws/build/farmbot_gazebo_plugin -- -j10 -l10
[0.160s] [100%] Built target farmbot_gazebo_plugin
[0.182s] Invoked command in '/home/jg/farmbot_ws/build/farmbot_gazebo_plugin' returned '0': CMAKE_PREFIX_PATH=${CMAKE_PREFIX_PATH}:/opt/ros/foxy /usr/bin/cmake --build /home/jg/farmbot_ws/build/farmbot_gazebo_plugin -- -j10 -l10
[0.237s] Invoking command in '/home/jg/farmbot_ws/build/farmbot_gazebo_plugin': CMAKE_PREFIX_PATH=${CMAKE_PREFIX_PATH}:/opt/ros/foxy /usr/bin/cmake --install /home/jg/farmbot_ws/build/farmbot_gazebo_plugin
[0.248s] -- Install configuration: ""
[0.249s] -- Up-to-date: /home/jg/farmbot_ws/install/farmbot_gazebo_plugin/share/farmbot_gazebo_plugin/libfarmbot_gazebo_plugin.so
[0.249s] -- Up-to-date: /home/jg/farmbot_ws/install/farmbot_gazebo_plugin/share/ament_index/resource_index/package_run_dependencies/farmbot_gazebo_plugin
[0.250s] -- Up-to-date: /home/jg/farmbot_ws/install/farmbot_gazebo_plugin/share/ament_index/resource_index/parent_prefix_path/farmbot_gazebo_plugin
[0.250s] -- Up-to-date: /home/jg/farmbot_ws/install/farmbot_gazebo_plugin/share/farmbot_gazebo_plugin/environment/ament_prefix_path.sh
[0.250s] -- Up-to-date: /home/jg/farmbot_ws/install/farmbot_gazebo_plugin/share/farmbot_gazebo_plugin/environment/ament_prefix_path.dsv
[0.250s] -- Up-to-date: /home/jg/farmbot_ws/install/farmbot_gazebo_plugin/share/farmbot_gazebo_plugin/environment/path.sh
[0.251s] -- Up-to-date: /home/jg/farmbot_ws/install/farmbot_gazebo_plugin/share/farmbot_gazebo_plugin/environment/path.dsv
[0.251s] -- Up-to-date: /home/jg/farmbot_ws/install/farmbot_gazebo_plugin/share/farmbot_gazebo_plugin/local_setup.bash
[0.251s] -- Up-to-date: /home/jg/farmbot_ws/install/farmbot_gazebo_plugin/share/farmbot_gazebo_plugin/local_setup.sh
[0.251s] -- Up-to-date: /home/jg/farmbot_ws/install/farmbot_gazebo_plugin/share/farmbot_gazebo_plugin/local_setup.zsh
[0.251s] -- Up-to-date: /home/jg/farmbot_ws/install/farmbot_gazebo_plugin/share/farmbot_gazebo_plugin/local_setup.dsv
[0.251s] -- Installing: /home/jg/farmbot_ws/install/farmbot_gazebo_plugin/share/farmbot_gazebo_plugin/package.dsv
[0.251s] -- Up-to-date: /home/jg/farmbot_ws/install/farmbot_gazebo_plugin/share/ament_index/resource_index/packages/farmbot_gazebo_plugin
[0.252s] -- Up-to-date: /home/jg/farmbot_ws/install/farmbot_gazebo_plugin/share/farmbot_gazebo_plugin/cmake/farmbot_gazebo_pluginConfig.cmake
[0.252s] -- Up-to-date: /home/jg/farmbot_ws/install/farmbot_gazebo_plugin/share/farmbot_gazebo_plugin/cmake/farmbot_gazebo_pluginConfig-version.cmake
[0.252s] -- Up-to-date: /home/jg/farmbot_ws/install/farmbot_gazebo_plugin/share/farmbot_gazebo_plugin/package.xml
[0.257s] Invoked command in '/home/jg/farmbot_ws/build/farmbot_gazebo_plugin' returned '0': CMAKE_PREFIX_PATH=${CMAKE_PREFIX_PATH}:/opt/ros/foxy /usr/bin/cmake --install /home/jg/farmbot_ws/build/farmbot_gazebo_plugin
