[1.130s] Invoking command in '/home/jg/farmbot_ws/build/farmbot_description': PYTHONPATH=/home/jg/farmbot_ws/build/farmbot_description/prefix_override:/home/jg/farmbot_ws/install/farmbot_description/lib/python3.8/site-packages:${PYTHONPATH} /usr/bin/python3 setup.py develop --uninstall --editable --build-directory /home/jg/farmbot_ws/build/farmbot_description/build
[1.536s] running develop
[1.799s] Invoked command in '/home/jg/farmbot_ws/build/farmbot_description' returned '0': PYTHONPATH=/home/jg/farmbot_ws/build/farmbot_description/prefix_override:/home/jg/farmbot_ws/install/farmbot_description/lib/python3.8/site-packages:${PYTHONPATH} /usr/bin/python3 setup.py develop --uninstall --editable --build-directory /home/jg/farmbot_ws/build/farmbot_description/build
[1.805s] Invoking command in '/home/jg/farmbot_ws/src/farmbot_description': PYTHONPATH=/home/jg/farmbot_ws/build/farmbot_description/prefix_override:/home/jg/farmbot_ws/install/farmbot_description/lib/python3.8/site-packages:${PYTHONPATH} /usr/bin/python3 setup.py egg_info --egg-base ../../build/farmbot_description build --build-base /home/jg/farmbot_ws/build/farmbot_description/build install --record /home/jg/farmbot_ws/build/farmbot_description/install.log --install-scripts $base/lib/farmbot_description --single-version-externally-managed
[2.141s] running egg_info
[2.142s] writing ../../build/farmbot_description/farmbot_description.egg-info/PKG-INFO
[2.142s] writing dependency_links to ../../build/farmbot_description/farmbot_description.egg-info/dependency_links.txt
[2.143s] writing entry points to ../../build/farmbot_description/farmbot_description.egg-info/entry_points.txt
[2.143s] writing requirements to ../../build/farmbot_description/farmbot_description.egg-info/requires.txt
[2.143s] writing top-level names to ../../build/farmbot_description/farmbot_description.egg-info/top_level.txt
[2.197s] reading manifest file '../../build/farmbot_description/farmbot_description.egg-info/SOURCES.txt'
[2.199s] writing manifest file '../../build/farmbot_description/farmbot_description.egg-info/SOURCES.txt'
[2.199s] running build
[2.199s] running build_py
[2.199s] running install
[2.201s] running install_lib
[2.203s] running install_data
[2.204s] copying urdf/farmbot.xacro -> /home/jg/farmbot_ws/install/farmbot_description/share/farmbot_description/urdf
[2.205s] running install_egg_info
[2.207s] removing '/home/jg/farmbot_ws/install/farmbot_description/lib/python3.8/site-packages/farmbot_description-0.0.0-py3.8.egg-info' (and everything under it)
[2.208s] Copying ../../build/farmbot_description/farmbot_description.egg-info to /home/jg/farmbot_ws/install/farmbot_description/lib/python3.8/site-packages/farmbot_description-0.0.0-py3.8.egg-info
[2.210s] running install_scripts
[2.240s] writing list of installed files to '/home/jg/farmbot_ws/build/farmbot_description/install.log'
[2.275s] Invoked command in '/home/jg/farmbot_ws/src/farmbot_description' returned '0': PYTHONPATH=/home/jg/farmbot_ws/build/farmbot_description/prefix_override:/home/jg/farmbot_ws/install/farmbot_description/lib/python3.8/site-packages:${PYTHONPATH} /usr/bin/python3 setup.py egg_info --egg-base ../../build/farmbot_description build --build-base /home/jg/farmbot_ws/build/farmbot_description/build install --record /home/jg/farmbot_ws/build/farmbot_description/install.log --install-scripts $base/lib/farmbot_description --single-version-externally-managed
