[0.038s] Invoking command in '/home/jg/farmbot_ws/build/farmbot_gazebo_plugin': CMAKE_PREFIX_PATH=${CMAKE_PREFIX_PATH}:/opt/ros/foxy /usr/bin/cmake --build /home/jg/farmbot_ws/build/farmbot_gazebo_plugin -- -j10 -l10
[0.147s] [100%] Built target farmbot_gazebo_plugin
[0.168s] Invoked command in '/home/jg/farmbot_ws/build/farmbot_gazebo_plugin' returned '0': CMAKE_PREFIX_PATH=${CMAKE_PREFIX_PATH}:/opt/ros/foxy /usr/bin/cmake --build /home/jg/farmbot_ws/build/farmbot_gazebo_plugin -- -j10 -l10
[0.222s] Invoking command in '/home/jg/farmbot_ws/build/farmbot_gazebo_plugin': CMAKE_PREFIX_PATH=${CMAKE_PREFIX_PATH}:/opt/ros/foxy /usr/bin/cmake --install /home/jg/farmbot_ws/build/farmbot_gazebo_plugin
[0.233s] -- Install configuration: ""
[0.233s] -- Installing: /home/jg/farmbot_ws/install/farmbot_gazebo_plugin/share/farmbot_gazebo_plugin/libfarmbot_gazebo_plugin.so
[0.245s] -- Set runtime path of "/home/jg/farmbot_ws/install/farmbot_gazebo_plugin/share/farmbot_gazebo_plugin/libfarmbot_gazebo_plugin.so" to ""
[0.245s] -- Installing: /home/jg/farmbot_ws/install/farmbot_gazebo_plugin/share/ament_index/resource_index/package_run_dependencies/farmbot_gazebo_plugin
[0.245s] -- Installing: /home/jg/farmbot_ws/install/farmbot_gazebo_plugin/share/ament_index/resource_index/parent_prefix_path/farmbot_gazebo_plugin
[0.246s] -- Installing: /home/jg/farmbot_ws/install/farmbot_gazebo_plugin/share/farmbot_gazebo_plugin/environment/ament_prefix_path.sh
[0.246s] -- Installing: /home/jg/farmbot_ws/install/farmbot_gazebo_plugin/share/farmbot_gazebo_plugin/environment/ament_prefix_path.dsv
[0.246s] -- Installing: /home/jg/farmbot_ws/install/farmbot_gazebo_plugin/share/farmbot_gazebo_plugin/environment/path.sh
[0.246s] -- Installing: /home/jg/farmbot_ws/install/farmbot_gazebo_plugin/share/farmbot_gazebo_plugin/environment/path.dsv
[0.247s] -- Installing: /home/jg/farmbot_ws/install/farmbot_gazebo_plugin/share/farmbot_gazebo_plugin/local_setup.bash
[0.247s] -- Installing: /home/jg/farmbot_ws/install/farmbot_gazebo_plugin/share/farmbot_gazebo_plugin/local_setup.sh
[0.247s] -- Installing: /home/jg/farmbot_ws/install/farmbot_gazebo_plugin/share/farmbot_gazebo_plugin/local_setup.zsh
[0.247s] -- Installing: /home/jg/farmbot_ws/install/farmbot_gazebo_plugin/share/farmbot_gazebo_plugin/local_setup.dsv
[0.248s] -- Installing: /home/jg/farmbot_ws/install/farmbot_gazebo_plugin/share/farmbot_gazebo_plugin/package.dsv
[0.248s] -- Installing: /home/jg/farmbot_ws/install/farmbot_gazebo_plugin/share/ament_index/resource_index/packages/farmbot_gazebo_plugin
[0.248s] -- Installing: /home/jg/farmbot_ws/install/farmbot_gazebo_plugin/share/farmbot_gazebo_plugin/cmake/farmbot_gazebo_pluginConfig.cmake
[0.248s] -- Installing: /home/jg/farmbot_ws/install/farmbot_gazebo_plugin/share/farmbot_gazebo_plugin/cmake/farmbot_gazebo_pluginConfig-version.cmake
[0.248s] -- Installing: /home/jg/farmbot_ws/install/farmbot_gazebo_plugin/share/farmbot_gazebo_plugin/package.xml
[0.255s] Invoked command in '/home/jg/farmbot_ws/build/farmbot_gazebo_plugin' returned '0': CMAKE_PREFIX_PATH=${CMAKE_PREFIX_PATH}:/opt/ros/foxy /usr/bin/cmake --install /home/jg/farmbot_ws/build/farmbot_gazebo_plugin
