[0.042s] Invoking command in '/home/jg/farmbot_ws/build/farmbot_gazebo_plugin': CMAKE_PREFIX_PATH=${CMAKE_PREFIX_PATH}:/opt/ros/foxy /usr/bin/cmake --build /home/jg/farmbot_ws/build/farmbot_gazebo_plugin -- -j10 -l10
[0.150s] [100%] Built target farmbot_gazebo_plugin
[0.175s] Invoked command in '/home/jg/farmbot_ws/build/farmbot_gazebo_plugin' returned '0': CMAKE_PREFIX_PATH=${CMAKE_PREFIX_PATH}:/opt/ros/foxy /usr/bin/cmake --build /home/jg/farmbot_ws/build/farmbot_gazebo_plugin -- -j10 -l10
[0.246s] Invoking command in '/home/jg/farmbot_ws/build/farmbot_gazebo_plugin': CMAKE_PREFIX_PATH=${CMAKE_PREFIX_PATH}:/opt/ros/foxy /usr/bin/cmake --install /home/jg/farmbot_ws/build/farmbot_gazebo_plugin
[0.257s] -- Install configuration: ""
[0.257s] -- Up-to-date: /home/jg/farmbot_ws/install/farmbot_gazebo_plugin/share/farmbot_gazebo_plugin/libfarmbot_gazebo_plugin.so
[0.258s] -- Up-to-date: /home/jg/farmbot_ws/install/farmbot_gazebo_plugin/share/ament_index/resource_index/package_run_dependencies/farmbot_gazebo_plugin
[0.259s] -- Up-to-date: /home/jg/farmbot_ws/install/farmbot_gazebo_plugin/share/ament_index/resource_index/parent_prefix_path/farmbot_gazebo_plugin
[0.260s] -- Up-to-date: /home/jg/farmbot_ws/install/farmbot_gazebo_plugin/share/farmbot_gazebo_plugin/environment/ament_prefix_path.sh
[0.260s] -- Up-to-date: /home/jg/farmbot_ws/install/farmbot_gazebo_plugin/share/farmbot_gazebo_plugin/environment/ament_prefix_path.dsv
[0.260s] -- Up-to-date: /home/jg/farmbot_ws/install/farmbot_gazebo_plugin/share/farmbot_gazebo_plugin/environment/path.sh
[0.260s] -- Up-to-date: /home/jg/farmbot_ws/install/farmbot_gazebo_plugin/share/farmbot_gazebo_plugin/environment/path.dsv
[0.261s] -- Up-to-date: /home/jg/farmbot_ws/install/farmbot_gazebo_plugin/share/farmbot_gazebo_plugin/local_setup.bash
[0.266s] -- Up-to-date: /home/jg/farmbot_ws/install/farmbot_gazebo_plugin/share/farmbot_gazebo_plugin/local_setup.sh
[0.267s] -- Up-to-date: /home/jg/farmbot_ws/install/farmbot_gazebo_plugin/share/farmbot_gazebo_plugin/local_setup.zsh
[0.268s] -- Up-to-date: /home/jg/farmbot_ws/install/farmbot_gazebo_plugin/share/farmbot_gazebo_plugin/local_setup.dsv
[0.269s] -- Installing: /home/jg/farmbot_ws/install/farmbot_gazebo_plugin/share/farmbot_gazebo_plugin/package.dsv
[0.270s] -- Up-to-date: /home/jg/farmbot_ws/install/farmbot_gazebo_plugin/share/ament_index/resource_index/packages/farmbot_gazebo_plugin
[0.270s] -- Up-to-date: /home/jg/farmbot_ws/install/farmbot_gazebo_plugin/share/farmbot_gazebo_plugin/cmake/farmbot_gazebo_pluginConfig.cmake
[0.270s] -- Up-to-date: /home/jg/farmbot_ws/install/farmbot_gazebo_plugin/share/farmbot_gazebo_plugin/cmake/farmbot_gazebo_pluginConfig-version.cmake
[0.271s] -- Up-to-date: /home/jg/farmbot_ws/install/farmbot_gazebo_plugin/share/farmbot_gazebo_plugin/package.xml
[0.271s] Invoked command in '/home/jg/farmbot_ws/build/farmbot_gazebo_plugin' returned '0': CMAKE_PREFIX_PATH=${CMAKE_PREFIX_PATH}:/opt/ros/foxy /usr/bin/cmake --install /home/jg/farmbot_ws/build/farmbot_gazebo_plugin
