[1.064s] Invoking command in '/home/jg/farmbot_ws/build/farmbot_description': PYTHONPATH=/home/jg/farmbot_ws/build/farmbot_description/prefix_override:/home/jg/farmbot_ws/install/farmbot_description/lib/python3.8/site-packages:${PYTHONPATH} /usr/bin/python3 setup.py develop --uninstall --editable --build-directory /home/jg/farmbot_ws/build/farmbot_description/build
[1.458s] running develop
[1.703s] Removing /home/jg/farmbot_ws/install/farmbot_description/lib/python3.8/site-packages/farmbot-description.egg-link (link to .)
[1.739s] Invoked command in '/home/jg/farmbot_ws/build/farmbot_description' returned '0': PYTHONPATH=/home/jg/farmbot_ws/build/farmbot_description/prefix_override:/home/jg/farmbot_ws/install/farmbot_description/lib/python3.8/site-packages:${PYTHONPATH} /usr/bin/python3 setup.py develop --uninstall --editable --build-directory /home/jg/farmbot_ws/build/farmbot_description/build
[1.745s] Invoking command in '/home/jg/farmbot_ws/src/farmbot_description': PYTHONPATH=/home/jg/farmbot_ws/build/farmbot_description/prefix_override:/home/jg/farmbot_ws/install/farmbot_description/lib/python3.8/site-packages:${PYTHONPATH} /usr/bin/python3 setup.py egg_info --egg-base ../../build/farmbot_description build --build-base /home/jg/farmbot_ws/build/farmbot_description/build install --record /home/jg/farmbot_ws/build/farmbot_description/install.log --install-scripts $base/lib/farmbot_description --single-version-externally-managed
[2.105s] running egg_info
[2.106s] writing ../../build/farmbot_description/farmbot_description.egg-info/PKG-INFO
[2.107s] writing dependency_links to ../../build/farmbot_description/farmbot_description.egg-info/dependency_links.txt
[2.108s] writing entry points to ../../build/farmbot_description/farmbot_description.egg-info/entry_points.txt
[2.108s] writing requirements to ../../build/farmbot_description/farmbot_description.egg-info/requires.txt
[2.108s] writing top-level names to ../../build/farmbot_description/farmbot_description.egg-info/top_level.txt
[2.160s] reading manifest file '../../build/farmbot_description/farmbot_description.egg-info/SOURCES.txt'
[2.162s] writing manifest file '../../build/farmbot_description/farmbot_description.egg-info/SOURCES.txt'
[2.162s] running build
[2.163s] running build_py
[2.163s] creating /home/jg/farmbot_ws/build/farmbot_description/build
[2.163s] creating /home/jg/farmbot_ws/build/farmbot_description/build/lib
[2.163s] creating /home/jg/farmbot_ws/build/farmbot_description/build/lib/farmbot_description
[2.164s] copying farmbot_description/__init__.py -> /home/jg/farmbot_ws/build/farmbot_description/build/lib/farmbot_description
[2.164s] running install
[2.165s] running install_lib
[2.166s] creating /home/jg/farmbot_ws/install/farmbot_description/lib/python3.8/site-packages/farmbot_description
[2.166s] copying /home/jg/farmbot_ws/build/farmbot_description/build/lib/farmbot_description/__init__.py -> /home/jg/farmbot_ws/install/farmbot_description/lib/python3.8/site-packages/farmbot_description
[2.167s] byte-compiling /home/jg/farmbot_ws/install/farmbot_description/lib/python3.8/site-packages/farmbot_description/__init__.py to __init__.cpython-38.pyc
[2.169s] running install_data
[2.170s] copying urdf/farmbot.xacro -> /home/jg/farmbot_ws/install/farmbot_description/share/farmbot_description/urdf
[2.171s] running install_egg_info
[2.173s] Copying ../../build/farmbot_description/farmbot_description.egg-info to /home/jg/farmbot_ws/install/farmbot_description/lib/python3.8/site-packages/farmbot_description-0.0.0-py3.8.egg-info
[2.176s] running install_scripts
[2.202s] writing list of installed files to '/home/jg/farmbot_ws/build/farmbot_description/install.log'
[2.237s] Invoked command in '/home/jg/farmbot_ws/src/farmbot_description' returned '0': PYTHONPATH=/home/jg/farmbot_ws/build/farmbot_description/prefix_override:/home/jg/farmbot_ws/install/farmbot_description/lib/python3.8/site-packages:${PYTHONPATH} /usr/bin/python3 setup.py egg_info --egg-base ../../build/farmbot_description build --build-base /home/jg/farmbot_ws/build/farmbot_description/build install --record /home/jg/farmbot_ws/build/farmbot_description/install.log --install-scripts $base/lib/farmbot_description --single-version-externally-managed
