running develop
running egg_info
creating farmbot_description.egg-info
writing farmbot_description.egg-info/PKG-INFO
writing dependency_links to farmbot_description.egg-info/dependency_links.txt
writing entry points to farmbot_description.egg-info/entry_points.txt
writing requirements to farmbot_description.egg-info/requires.txt
writing top-level names to farmbot_description.egg-info/top_level.txt
writing manifest file 'farmbot_description.egg-info/SOURCES.txt'
reading manifest file 'farmbot_description.egg-info/SOURCES.txt'
writing manifest file 'farmbot_description.egg-info/SOURCES.txt'
running build_ext
Creating /home/jg/farmbot_ws/install/farmbot_description/lib/python3.8/site-packages/site.py
Creating /home/jg/farmbot_ws/install/farmbot_description/lib/python3.8/site-packages/farmbot-description.egg-link (link to .)

Installed /home/jg/farmbot_ws/build/farmbot_description
running install_data
creating /home/jg/farmbot_ws/install/farmbot_description/share/ament_index
creating /home/jg/farmbot_ws/install/farmbot_description/share/ament_index/resource_index
creating /home/jg/farmbot_ws/install/farmbot_description/share/ament_index/resource_index/packages
copying resource/farmbot_description -> /home/jg/farmbot_ws/install/farmbot_description/share/ament_index/resource_index/packages
copying package.xml -> /home/jg/farmbot_ws/install/farmbot_description/share/farmbot_description
creating /home/jg/farmbot_ws/install/farmbot_description/share/farmbot_description/launch
copying launch/display.launch.py -> /home/jg/farmbot_ws/install/farmbot_description/share/farmbot_description/launch
copying launch/gazebo.launch.py -> /home/jg/farmbot_ws/install/farmbot_description/share/farmbot_description/launch
creating /home/jg/farmbot_ws/install/farmbot_description/share/farmbot_description/urdf
copying urdf/gazebo_control_acker.xacro -> /home/jg/farmbot_ws/install/farmbot_description/share/farmbot_description/urdf
copying urdf/gazebo_control_tricycle.xacro -> /home/jg/farmbot_ws/install/farmbot_description/share/farmbot_description/urdf
copying urdf/gazebo_control_skid.xacro -> /home/jg/farmbot_ws/install/farmbot_description/share/farmbot_description/urdf
copying urdf/materials.xacro -> /home/jg/farmbot_ws/install/farmbot_description/share/farmbot_description/urdf
copying urdf/inertial_macros.xacro -> /home/jg/farmbot_ws/install/farmbot_description/share/farmbot_description/urdf
copying urdf/farmbot.trans -> /home/jg/farmbot_ws/install/farmbot_description/share/farmbot_description/urdf
copying urdf/farmbot.gazebo -> /home/jg/farmbot_ws/install/farmbot_description/share/farmbot_description/urdf
copying urdf/farmbot.xacro -> /home/jg/farmbot_ws/install/farmbot_description/share/farmbot_description/urdf
copying urdf/lidar.xacro -> /home/jg/farmbot_ws/install/farmbot_description/share/farmbot_description/urdf
copying urdf/farmbotWorkingArchieve.xacro -> /home/jg/farmbot_ws/install/farmbot_description/share/farmbot_description/urdf
creating /home/jg/farmbot_ws/install/farmbot_description/share/farmbot_description/meshes
copying meshes/component__2__3.stl -> /home/jg/farmbot_ws/install/farmbot_description/share/farmbot_description/meshes
copying meshes/component__2__1.stl -> /home/jg/farmbot_ws/install/farmbot_description/share/farmbot_description/meshes
copying meshes/component__2__4.stl -> /home/jg/farmbot_ws/install/farmbot_description/share/farmbot_description/meshes
copying meshes/component__1__1.stl -> /home/jg/farmbot_ws/install/farmbot_description/share/farmbot_description/meshes
copying meshes/base_link.stl -> /home/jg/farmbot_ws/install/farmbot_description/share/farmbot_description/meshes
copying meshes/component__2__2.stl -> /home/jg/farmbot_ws/install/farmbot_description/share/farmbot_description/meshes
creating /home/jg/farmbot_ws/install/farmbot_description/share/farmbot_description/config
copying config/display.rviz -> /home/jg/farmbot_ws/install/farmbot_description/share/farmbot_description/config
