[0.051s] Invoking command in '/home/jg/farmbot_ws/build/farmbot_description': CMAKE_PREFIX_PATH=${CMAKE_PREFIX_PATH}:/opt/ros/foxy /usr/bin/cmake --build /home/jg/farmbot_ws/build/farmbot_description -- -j10 -l10
[0.121s] [100%] Built target farmbot_description_node
[0.139s] Invoked command in '/home/jg/farmbot_ws/build/farmbot_description' returned '0': CMAKE_PREFIX_PATH=${CMAKE_PREFIX_PATH}:/opt/ros/foxy /usr/bin/cmake --build /home/jg/farmbot_ws/build/farmbot_description -- -j10 -l10
[0.196s] Invoking command in '/home/jg/farmbot_ws/build/farmbot_description': CMAKE_PREFIX_PATH=${CMAKE_PREFIX_PATH}:/opt/ros/foxy /usr/bin/cmake --install /home/jg/farmbot_ws/build/farmbot_description
[0.208s] -- Install configuration: ""
[0.208s] -- Up-to-date: /home/jg/farmbot_ws/install/farmbot_description/lib/farmbot_description/farmbot_description_node
[0.209s] -- Up-to-date: /home/jg/farmbot_ws/install/farmbot_description/share/farmbot_description/launch
[0.210s] -- Up-to-date: /home/jg/farmbot_ws/install/farmbot_description/share/farmbot_description/launch/display.launch.py
[0.210s] -- Up-to-date: /home/jg/farmbot_ws/install/farmbot_description/share/farmbot_description/launch/spawn_car.launch.py
[0.210s] -- Up-to-date: /home/jg/farmbot_ws/install/farmbot_description/share/farmbot_description/launch/gazebo.launch.py
[0.211s] -- Up-to-date: /home/jg/farmbot_ws/install/farmbot_description/share/farmbot_description/meshes
[0.211s] -- Up-to-date: /home/jg/farmbot_ws/install/farmbot_description/share/farmbot_description/meshes/component__2__3.stl
[0.211s] -- Up-to-date: /home/jg/farmbot_ws/install/farmbot_description/share/farmbot_description/meshes/component__2__1.stl
[0.212s] -- Up-to-date: /home/jg/farmbot_ws/install/farmbot_description/share/farmbot_description/meshes/component__2__4.stl
[0.212s] -- Up-to-date: /home/jg/farmbot_ws/install/farmbot_description/share/farmbot_description/meshes/component__1__1.stl
[0.212s] -- Up-to-date: /home/jg/farmbot_ws/install/farmbot_description/share/farmbot_description/meshes/base_link.stl
[0.212s] -- Up-to-date: /home/jg/farmbot_ws/install/farmbot_description/share/farmbot_description/meshes/component__2__2.stl
[0.213s] -- Up-to-date: /home/jg/farmbot_ws/install/farmbot_description/share/farmbot_description/config
[0.213s] -- Up-to-date: /home/jg/farmbot_ws/install/farmbot_description/share/farmbot_description/config/display.rviz
[0.213s] -- Up-to-date: /home/jg/farmbot_ws/install/farmbot_description/share/farmbot_description/src
[0.213s] -- Up-to-date: /home/jg/farmbot_ws/install/farmbot_description/share/farmbot_description/src/farmbot_description_node.cpp
[0.213s] -- Up-to-date: /home/jg/farmbot_ws/install/farmbot_description/share/farmbot_description/urdf
[0.213s] -- Up-to-date: /home/jg/farmbot_ws/install/farmbot_description/share/farmbot_description/urdf/gazebo_control_skid.xacro
[0.213s] -- Up-to-date: /home/jg/farmbot_ws/install/farmbot_description/share/farmbot_description/urdf/materials.xacro
[0.213s] -- Up-to-date: /home/jg/farmbot_ws/install/farmbot_description/share/farmbot_description/urdf/farmbot.trans
[0.213s] -- Up-to-date: /home/jg/farmbot_ws/install/farmbot_description/share/farmbot_description/urdf/farmbot.gazebo
[0.214s] -- Up-to-date: /home/jg/farmbot_ws/install/farmbot_description/share/farmbot_description/urdf/farmbot.xacro
[0.215s] -- Up-to-date: /home/jg/farmbot_ws/install/farmbot_description/share/farmbot_description/urdf/gazebo_control.xacro
[0.217s] -- Up-to-date: /home/jg/farmbot_ws/install/farmbot_description/share/farmbot_description/urdf/farmbotWorkingArchieve.xacro
[0.217s] -- Up-to-date: /home/jg/farmbot_ws/install/farmbot_description/share/farmbot_description/worlds
[0.220s] -- Up-to-date: /home/jg/farmbot_ws/install/farmbot_description/share/farmbot_description/worlds/simple.world
[0.221s] -- Up-to-date: /home/jg/farmbot_ws/install/farmbot_description/share/farmbot_description/worlds/cafe.world
[0.221s] -- Up-to-date: /home/jg/farmbot_ws/install/farmbot_description/share/farmbot_description/worlds/cooneo_office.world
[0.222s] -- Up-to-date: /home/jg/farmbot_ws/install/farmbot_description/lib/farmbot_description/spawn_bot.py
[0.222s] -- Up-to-date: /home/jg/farmbot_ws/install/farmbot_description/share/farmbot_description//launch
[0.223s] -- Up-to-date: /home/jg/farmbot_ws/install/farmbot_description/share/farmbot_description//launch/display.launch.py
[0.223s] -- Up-to-date: /home/jg/farmbot_ws/install/farmbot_description/share/farmbot_description//launch/spawn_car.launch.py
[0.225s] -- Up-to-date: /home/jg/farmbot_ws/install/farmbot_description/share/farmbot_description//launch/gazebo.launch.py
[0.225s] -- Up-to-date: /home/jg/farmbot_ws/install/farmbot_description/share/farmbot_description//urdf
[0.226s] -- Up-to-date: /home/jg/farmbot_ws/install/farmbot_description/share/farmbot_description//urdf/gazebo_control_skid.xacro
[0.227s] -- Up-to-date: /home/jg/farmbot_ws/install/farmbot_description/share/farmbot_description//urdf/materials.xacro
[0.228s] -- Up-to-date: /home/jg/farmbot_ws/install/farmbot_description/share/farmbot_description//urdf/farmbot.trans
[0.231s] -- Up-to-date: /home/jg/farmbot_ws/install/farmbot_description/share/farmbot_description//urdf/farmbot.gazebo
[0.234s] -- Up-to-date: /home/jg/farmbot_ws/install/farmbot_description/share/farmbot_description//urdf/farmbot.xacro
[0.235s] -- Up-to-date: /home/jg/farmbot_ws/install/farmbot_description/share/farmbot_description//urdf/gazebo_control.xacro
[0.236s] -- Up-to-date: /home/jg/farmbot_ws/install/farmbot_description/share/farmbot_description//urdf/farmbotWorkingArchieve.xacro
[0.237s] -- Up-to-date: /home/jg/farmbot_ws/install/farmbot_description/share/farmbot_description//worlds
[0.237s] -- Up-to-date: /home/jg/farmbot_ws/install/farmbot_description/share/farmbot_description//worlds/simple.world
[0.238s] -- Up-to-date: /home/jg/farmbot_ws/install/farmbot_description/share/farmbot_description//worlds/cafe.world
[0.238s] -- Up-to-date: /home/jg/farmbot_ws/install/farmbot_description/share/farmbot_description//worlds/cooneo_office.world
[0.239s] -- Up-to-date: /home/jg/farmbot_ws/install/farmbot_description/share/farmbot_description//scripts
[0.239s] -- Up-to-date: /home/jg/farmbot_ws/install/farmbot_description/share/farmbot_description//scripts/spawn_bot.py
[0.239s] -- Up-to-date: /home/jg/farmbot_ws/install/farmbot_description/share/ament_index/resource_index/package_run_dependencies/farmbot_description
[0.239s] -- Up-to-date: /home/jg/farmbot_ws/install/farmbot_description/share/ament_index/resource_index/parent_prefix_path/farmbot_description
[0.240s] -- Up-to-date: /home/jg/farmbot_ws/install/farmbot_description/share/farmbot_description/environment/ament_prefix_path.sh
[0.240s] -- Up-to-date: /home/jg/farmbot_ws/install/farmbot_description/share/farmbot_description/environment/ament_prefix_path.dsv
[0.240s] -- Up-to-date: /home/jg/farmbot_ws/install/farmbot_description/share/farmbot_description/environment/path.sh
[0.241s] -- Up-to-date: /home/jg/farmbot_ws/install/farmbot_description/share/farmbot_description/environment/path.dsv
[0.241s] -- Up-to-date: /home/jg/farmbot_ws/install/farmbot_description/share/farmbot_description/local_setup.bash
[0.242s] -- Up-to-date: /home/jg/farmbot_ws/install/farmbot_description/share/farmbot_description/local_setup.sh
[0.242s] -- Up-to-date: /home/jg/farmbot_ws/install/farmbot_description/share/farmbot_description/local_setup.zsh
[0.242s] -- Up-to-date: /home/jg/farmbot_ws/install/farmbot_description/share/farmbot_description/local_setup.dsv
[0.243s] -- Installing: /home/jg/farmbot_ws/install/farmbot_description/share/farmbot_description/package.dsv
[0.243s] -- Up-to-date: /home/jg/farmbot_ws/install/farmbot_description/share/ament_index/resource_index/packages/farmbot_description
[0.243s] -- Up-to-date: /home/jg/farmbot_ws/install/farmbot_description/share/farmbot_description/cmake/farmbot_descriptionConfig.cmake
[0.247s] -- Up-to-date: /home/jg/farmbot_ws/install/farmbot_description/share/farmbot_description/cmake/farmbot_descriptionConfig-version.cmake
[0.247s] -- Up-to-date: /home/jg/farmbot_ws/install/farmbot_description/share/farmbot_description/package.xml
[0.249s] Invoked command in '/home/jg/farmbot_ws/build/farmbot_description' returned '0': CMAKE_PREFIX_PATH=${CMAKE_PREFIX_PATH}:/opt/ros/foxy /usr/bin/cmake --install /home/jg/farmbot_ws/build/farmbot_description
