running develop
Removing /home/jg/farmbot_ws/install/farmbot_description/lib/python3.8/site-packages/farmbot-description.egg-link (link to .)
running egg_info
writing ../../build/farmbot_description/farmbot_description.egg-info/PKG-INFO
writing dependency_links to ../../build/farmbot_description/farmbot_description.egg-info/dependency_links.txt
writing entry points to ../../build/farmbot_description/farmbot_description.egg-info/entry_points.txt
writing requirements to ../../build/farmbot_description/farmbot_description.egg-info/requires.txt
writing top-level names to ../../build/farmbot_description/farmbot_description.egg-info/top_level.txt
reading manifest file '../../build/farmbot_description/farmbot_description.egg-info/SOURCES.txt'
writing manifest file '../../build/farmbot_description/farmbot_description.egg-info/SOURCES.txt'
running build
running build_py
running install
running install_lib
creating /home/jg/farmbot_ws/install/farmbot_description/lib/python3.8/site-packages/farmbot_description
copying /home/jg/farmbot_ws/build/farmbot_description/build/lib/farmbot_description/__init__.py -> /home/jg/farmbot_ws/install/farmbot_description/lib/python3.8/site-packages/farmbot_description
byte-compiling /home/jg/farmbot_ws/install/farmbot_description/lib/python3.8/site-packages/farmbot_description/__init__.py to __init__.cpython-38.pyc
running install_data
copying urdf/farmbot.xacro -> /home/jg/farmbot_ws/install/farmbot_description/share/farmbot_description/urdf
running install_egg_info
Copying ../../build/farmbot_description/farmbot_description.egg-info to /home/jg/farmbot_ws/install/farmbot_description/lib/python3.8/site-packages/farmbot_description-0.0.0-py3.8.egg-info
running install_scripts
writing list of installed files to '/home/jg/farmbot_ws/build/farmbot_description/install.log'
