[0.425s] Invoking command in '/home/jg/farmbot_ws/build/farmbot_gazebo_plugin': CMAKE_PREFIX_PATH=${CMAKE_PREFIX_PATH}:/opt/ros/foxy /usr/bin/cmake /home/jg/farmbot_ws/src/farmbot_gazebo_plugin -DCMAKE_INSTALL_PREFIX=/home/jg/farmbot_ws/install/farmbot_gazebo_plugin
[0.617s] -- The C compiler identification is GNU 9.4.0
[0.759s] -- The CXX compiler identification is GNU 9.4.0
[0.775s] -- Check for working C compiler: /usr/bin/cc
[0.910s] -- Check for working C compiler: /usr/bin/cc -- works
[0.910s] -- Detecting C compiler ABI info
[1.055s] -- Detecting C compiler ABI info - done
[1.069s] -- Detecting C compile features
[1.069s] -- Detecting C compile features - done
[1.075s] -- Check for working CXX compiler: /usr/bin/c++
[1.223s] -- Check for working CXX compiler: /usr/bin/c++ -- works
[1.224s] -- Detecting CXX compiler ABI info
[1.364s] -- Detecting CXX compiler ABI info - done
[1.381s] -- Detecting CXX compile features
[1.381s] -- Detecting CXX compile features - done
[1.402s] -- Found PkgConfig: /usr/bin/pkg-config (found version "0.29.1") 
[1.408s] -- Checking for module 'bullet>=2.82'
[1.448s] --   Found bullet, version 2.88
[1.668s] -- Found ccd: /usr/include (found suitable version "2.0", minimum required is "2.0") 
[1.772s] -- Found fcl: /usr/include (found suitable version "0.5.0", minimum required is "0.3.2") 
[1.872s] -- Found assimp: /usr/include (found version "5.0.0") 
[1.941s] -- Found DART: /usr/include (Required is at least version "6.6") found components: dart 
[2.524s] -- Found Boost: /usr/lib/x86_64-linux-gnu/cmake/Boost-1.71.0/BoostConfig.cmake (found suitable version "1.71.0", minimum required is "1.40.0") found components: thread system filesystem program_options regex iostreams date_time 
[2.573s] -- Found Protobuf: /usr/lib/x86_64-linux-gnu/libprotobuf.so;-lpthread (found version "3.6.1") 
[2.585s] -- Looking for ignition-math6 -- found version 6.13.0
[2.602s] -- Searching for dependencies of ignition-math6
[2.607s] -- Looking for OGRE...
[2.608s] -- OGRE_PREFIX_WATCH changed.
[2.616s] -- Checking for module 'OGRE'
[2.642s] --   Found OGRE, version 1.9.0
[2.703s] -- Found Ogre Ghadamon (1.9.0)
[2.724s] -- Found OGRE: optimized;/usr/lib/x86_64-linux-gnu/libOgreMain.so;debug;/usr/lib/x86_64-linux-gnu/libOgreMain.so
[2.740s] -- Looking for OGRE_Paging...
[2.753s] -- Found OGRE_Paging: optimized;/usr/lib/x86_64-linux-gnu/libOgrePaging.so;debug;/usr/lib/x86_64-linux-gnu/libOgrePaging.so
[2.753s] -- Looking for OGRE_Terrain...
[2.764s] -- Found OGRE_Terrain: optimized;/usr/lib/x86_64-linux-gnu/libOgreTerrain.so;debug;/usr/lib/x86_64-linux-gnu/libOgreTerrain.so
[2.764s] -- Looking for OGRE_Property...
[2.776s] -- Found OGRE_Property: optimized;/usr/lib/x86_64-linux-gnu/libOgreProperty.so;debug;/usr/lib/x86_64-linux-gnu/libOgreProperty.so
[2.777s] -- Looking for OGRE_RTShaderSystem...
[2.788s] -- Found OGRE_RTShaderSystem: optimized;/usr/lib/x86_64-linux-gnu/libOgreRTShaderSystem.so;debug;/usr/lib/x86_64-linux-gnu/libOgreRTShaderSystem.so
[2.788s] -- Looking for OGRE_Volume...
[2.799s] -- Found OGRE_Volume: optimized;/usr/lib/x86_64-linux-gnu/libOgreVolume.so;debug;/usr/lib/x86_64-linux-gnu/libOgreVolume.so
[2.800s] -- Looking for OGRE_Overlay...
[2.811s] -- Found OGRE_Overlay: optimized;/usr/lib/x86_64-linux-gnu/libOgreOverlay.so;debug;/usr/lib/x86_64-linux-gnu/libOgreOverlay.so
[3.058s] -- Looking for ignition-math6 -- found version 6.13.0
[3.063s] -- Looking for ignition-transport8 -- found version 8.3.0
[3.065s] -- Searching for dependencies of ignition-transport8
[3.092s] -- Found Protobuf: /usr/lib/x86_64-linux-gnu/libprotobuf.so;-lpthread (found suitable version "3.6.1", minimum required is "3") 
[3.109s] -- Config-file not installed for ZeroMQ -- checking for pkg-config
[3.117s] -- Checking for module 'libzmq >= 4'
[3.144s] --   Found libzmq , version 4.3.2
[3.206s] -- Found ZeroMQ: TRUE (Required is at least version "4") 
[3.216s] -- Checking for module 'uuid'
[3.241s] --   Found uuid, version 2.34.0
[3.300s] -- Found UUID: TRUE  
[3.305s] -- Looking for ignition-msgs5 -- found version 5.10.0
[3.306s] -- Searching for dependencies of ignition-msgs5
[3.335s] -- Looking for ignition-math6 -- found version 6.13.0
[3.344s] -- Checking for module 'tinyxml2'
[3.369s] --   Found tinyxml2, version 6.2.0
[3.431s] -- Looking for ignition-msgs5 -- found version 5.10.0
[3.437s] -- Looking for ignition-common3 -- found version 3.14.2
[3.437s] -- Searching for dependencies of ignition-common3
[3.438s] -- Looking for dlfcn.h - found
[3.441s] -- Looking for libdl - found
[3.444s] -- Found DL: TRUE  
[3.461s] -- Searching for <ignition-common3> component [graphics]
[3.465s] -- Looking for ignition-common3-graphics -- found version 3.14.2
[3.466s] -- Searching for dependencies of ignition-common3-graphics
[3.466s] -- Looking for ignition-math6 -- found version 6.13.0
[3.473s] -- Looking for ignition-fuel_tools4 -- found version 4.6.0
[3.473s] -- Searching for dependencies of ignition-fuel_tools4
[3.595s] -- Found CURL: /usr/lib/x86_64-linux-gnu/libcurl.so (found version "7.68.0")  
[3.610s] -- Checking for module 'jsoncpp'
[3.639s] --   Found jsoncpp, version 1.7.4
[3.697s] -- Found JSONCPP: TRUE  
[3.709s] -- Checking for module 'libzip'
[3.734s] --   Found libzip, version 1.5.1
[3.792s] -- Found ZIP: TRUE  
[3.792s] -- Looking for ignition-common3 -- found version 3.14.2
[3.793s] -- Looking for ignition-math6 -- found version 6.13.0
[3.794s] -- Looking for ignition-msgs5 -- found version 5.10.0
[3.800s] -- Found gazebo_ros: 3.5.3 (/opt/ros/foxy/share/gazebo_ros/cmake)
[3.851s] -- Found PythonInterp: /usr/bin/python3 (found suitable version "3.8.10", minimum required is "3") 
[3.851s] -- Using PYTHON_EXECUTABLE: /usr/bin/python3
[4.616s] -- Using all available rosidl_typesupport_c: rosidl_typesupport_fastrtps_c;rosidl_typesupport_introspection_c
[4.641s] -- Found rosidl_adapter: 1.3.0 (/opt/ros/foxy/share/rosidl_adapter/cmake)
[4.850s] -- Found OpenSSL: /usr/lib/x86_64-linux-gnu/libcrypto.so (found version "1.1.1f")  
[4.921s] -- Found FastRTPS: /opt/ros/foxy/include  
[5.165s] -- Using all available rosidl_typesupport_cpp: rosidl_typesupport_fastrtps_cpp;rosidl_typesupport_introspection_cpp
[5.355s] -- Found rmw_implementation_cmake: 1.0.3 (/opt/ros/foxy/share/rmw_implementation_cmake/cmake)
[5.362s] -- Using RMW implementation 'rmw_fastrtps_cpp' as default
[5.367s] -- Found Threads: TRUE  
[5.810s] -- Gazebo version: 11.11
[5.828s] -- Found gazebo_ros_pkgs: 3.5.3 (/opt/ros/foxy/share/gazebo_ros_pkgs/cmake)
[5.833s] -- Found sensor_msgs: 2.0.5 (/opt/ros/foxy/share/sensor_msgs/cmake)
[6.115s] -- Found ackermann_msgs: 2.0.2 (/opt/ros/foxy/share/ackermann_msgs/cmake)
[6.214s] -- Found tf2: 0.13.13 (/opt/ros/foxy/share/tf2/cmake)
[6.257s] -- Found tf2_ros: 0.13.13 (/opt/ros/foxy/share/tf2_ros/cmake)
[7.288s] -- Found ament_lint_auto: 0.9.7 (/opt/ros/foxy/share/ament_lint_auto/cmake)
[7.430s] -- Configuring done
[7.530s] -- Generating done
[7.536s] -- Build files have been written to: /home/jg/farmbot_ws/build/farmbot_gazebo_plugin
[7.574s] Invoked command in '/home/jg/farmbot_ws/build/farmbot_gazebo_plugin' returned '0': CMAKE_PREFIX_PATH=${CMAKE_PREFIX_PATH}:/opt/ros/foxy /usr/bin/cmake /home/jg/farmbot_ws/src/farmbot_gazebo_plugin -DCMAKE_INSTALL_PREFIX=/home/jg/farmbot_ws/install/farmbot_gazebo_plugin
[7.578s] Invoking command in '/home/jg/farmbot_ws/build/farmbot_gazebo_plugin': CMAKE_PREFIX_PATH=${CMAKE_PREFIX_PATH}:/opt/ros/foxy /usr/bin/cmake --build /home/jg/farmbot_ws/build/farmbot_gazebo_plugin -- -j10 -l10
[7.702s] [35m[1mScanning dependencies of target farmbot_gazebo_plugin[0m
[7.945s] [ 50%] [32mBuilding CXX object CMakeFiles/farmbot_gazebo_plugin.dir/src/farmbot_gazebo_plugin.cpp.o[0m
[20.294s] [01m[K/home/jg/farmbot_ws/src/farmbot_gazebo_plugin/src/farmbot_gazebo_plugin.cpp:10:1:[m[K [01;31m[Kerror: [m[K‘[01m[KCarGazeboPlugin[m[K’ does not name a type
[20.294s]    10 | [01;31m[KCarGazeboPlugin[m[K::CarGazeboPlugin()
[20.294s]       | [01;31m[K^~~~~~~~~~~~~~~[m[K
[20.295s] [01m[K/home/jg/farmbot_ws/src/farmbot_gazebo_plugin/src/farmbot_gazebo_plugin.cpp:11:27:[m[K [01;31m[Kerror: [m[Kexpected unqualified-id before ‘[01m[K,[m[K’ token
[20.295s]    11 |     : robot_namespace_{""}[01;31m[K,[m[K
[20.295s]       |                           [01;31m[K^[m[K
[20.295s] [01m[K/home/jg/farmbot_ws/src/farmbot_gazebo_plugin/src/farmbot_gazebo_plugin.cpp:12:21:[m[K [01;31m[Kerror: [m[Kexpected constructor, destructor, or type conversion before ‘[01m[K{[m[K’ token
[20.295s]    12 |       last_sim_time_[01;31m[K{[m[K0},
[20.295s]       |                     [01;31m[K^[m[K
[20.295s] [01m[K/home/jg/farmbot_ws/src/farmbot_gazebo_plugin/src/farmbot_gazebo_plugin.cpp:12:24:[m[K [01;31m[Kerror: [m[Kexpected unqualified-id before ‘[01m[K,[m[K’ token
[20.296s]    12 |       last_sim_time_{0}[01;31m[K,[m[K
[20.296s]       |                        [01;31m[K^[m[K
[20.296s] [01m[K/home/jg/farmbot_ws/src/farmbot_gazebo_plugin/src/farmbot_gazebo_plugin.cpp:13:24:[m[K [01;31m[Kerror: [m[Kexpected constructor, destructor, or type conversion before ‘[01m[K{[m[K’ token
[20.296s]    13 |       last_update_time_[01;31m[K{[m[K0},
[20.296s]       |                        [01;31m[K^[m[K
[20.296s] [01m[K/home/jg/farmbot_ws/src/farmbot_gazebo_plugin/src/farmbot_gazebo_plugin.cpp:13:27:[m[K [01;31m[Kerror: [m[Kexpected unqualified-id before ‘[01m[K,[m[K’ token
[20.296s]    13 |       last_update_time_{0}[01;31m[K,[m[K
[20.297s]       |                           [01;31m[K^[m[K
[20.297s] [01m[K/home/jg/farmbot_ws/src/farmbot_gazebo_plugin/src/farmbot_gazebo_plugin.cpp:14:24:[m[K [01;31m[Kerror: [m[Kexpected constructor, destructor, or type conversion before ‘[01m[K{[m[K’ token
[20.297s]    14 |       update_period_ms_[01;31m[K{[m[K8} {}
[20.297s]       |                        [01;31m[K^[m[K
[20.297s] [01m[K/home/jg/farmbot_ws/src/farmbot_gazebo_plugin/src/farmbot_gazebo_plugin.cpp:14:28:[m[K [01;31m[Kerror: [m[Kexpected unqualified-id before ‘[01m[K{[m[K’ token
[20.297s]    14 |       update_period_ms_{8} [01;31m[K{[m[K}
[20.297s]       |                            [01;31m[K^[m[K
[20.297s] [01m[K/home/jg/farmbot_ws/src/farmbot_gazebo_plugin/src/farmbot_gazebo_plugin.cpp:16:6:[m[K [01;31m[Kerror: [m[K‘[01m[KCarGazeboPlugin[m[K’ has not been declared
[20.298s]    16 | void [01;31m[KCarGazeboPlugin[m[K::Load(gazebo::physics::ModelPtr model, sdf::ElementPtr sdf) {
[20.298s]       |      [01;31m[K^~~~~~~~~~~~~~~[m[K
[20.301s] [01m[K/home/jg/farmbot_ws/src/farmbot_gazebo_plugin/src/farmbot_gazebo_plugin.cpp:[m[K In function ‘[01m[Kvoid farmbot_gazebo_plugin::Load(gazebo::physics::ModelPtr, sdf::v9::ElementPtr)[m[K’:
[20.301s] [01m[K/home/jg/farmbot_ws/src/farmbot_gazebo_plugin/src/farmbot_gazebo_plugin.cpp:18:3:[m[K [01;31m[Kerror: [m[K‘[01m[Kmodel_[m[K’ was not declared in this scope; did you mean ‘[01m[Kmodel[m[K’?
[20.301s]    18 |   [01;31m[Kmodel_[m[K = model;
[20.301s]       |   [01;31m[K^~~~~~[m[K
[20.302s]       |   [32m[Kmodel[m[K
[20.305s] [01m[K/home/jg/farmbot_ws/src/farmbot_gazebo_plugin/src/farmbot_gazebo_plugin.cpp:19:3:[m[K [01;31m[Kerror: [m[K‘[01m[Kworld_[m[K’ was not declared in this scope
[20.305s]    19 |   [01;31m[Kworld_[m[K = model_->GetWorld();
[20.305s]       |   [01;31m[K^~~~~~[m[K
[20.319s] [01m[K/home/jg/farmbot_ws/src/farmbot_gazebo_plugin/src/farmbot_gazebo_plugin.cpp:24:5:[m[K [01;31m[Kerror: [m[K‘[01m[Krobot_namespace_[m[K’ was not declared in this scope
[20.320s]    24 |     [01;31m[Krobot_namespace_[m[K =  sdf->GetElement("robotNamespace")->Get<std::string>() + "/";
[20.320s]       |     [01;31m[K^~~~~~~~~~~~~~~~[m[K
[20.326s] [01m[K/home/jg/farmbot_ws/src/farmbot_gazebo_plugin/src/farmbot_gazebo_plugin.cpp:28:3:[m[K [01;31m[Kerror: [m[K‘[01m[Kros_node_[m[K’ was not declared in this scope; did you mean ‘[01m[Krcl_node_t[m[K’?
[20.326s]    28 |   [01;31m[Kros_node_[m[K = gazebo_ros::Node::Get(sdf);
[20.326s]       |   [01;31m[K^~~~~~~~~[m[K
[20.327s]       |   [32m[Krcl_node_t[m[K
[20.327s] In file included from [01m[K/opt/ros/foxy/include/rclcpp/service.hpp:34[m[K,
[20.328s]                  from [01m[K/opt/ros/foxy/include/rclcpp/callback_group.hpp:25[m[K,
[20.328s]                  from [01m[K/opt/ros/foxy/include/rclcpp/any_executable.hpp:20[m[K,
[20.328s]                  from [01m[K/opt/ros/foxy/include/rclcpp/memory_strategy.hpp:24[m[K,
[20.328s]                  from [01m[K/opt/ros/foxy/include/rclcpp/memory_strategies.hpp:18[m[K,
[20.328s]                  from [01m[K/opt/ros/foxy/include/rclcpp/executor_options.hpp:20[m[K,
[20.328s]                  from [01m[K/opt/ros/foxy/include/rclcpp/executor.hpp:33[m[K,
[20.328s]                  from [01m[K/opt/ros/foxy/include/rclcpp/executors/multi_threaded_executor.hpp:26[m[K,
[20.329s]                  from [01m[K/opt/ros/foxy/include/rclcpp/executors.hpp:21[m[K,
[20.329s]                  from [01m[K/opt/ros/foxy/include/rclcpp/rclcpp.hpp:146[m[K,
[20.329s]                  from [01m[K/opt/ros/foxy/include/tf2_ros/transform_broadcaster.h:36[m[K,
[20.329s]                  from [01m[K/home/jg/farmbot_ws/src/farmbot_gazebo_plugin/src/farmbot_gazebo_plugin.hpp:4[m[K,
[20.329s]                  from [01m[K/home/jg/farmbot_ws/src/farmbot_gazebo_plugin/src/farmbot_gazebo_plugin.cpp:1[m[K:
[20.329s] [01m[K/home/jg/farmbot_ws/src/farmbot_gazebo_plugin/src/farmbot_gazebo_plugin.cpp:29:3:[m[K [01;31m[Kerror: [m[Ktemplate argument 1 is invalid
[20.329s]    29 |   [01;31m[KRCLCPP_INFO[m[K(ros_node_->get_logger(), "Loading Car Gazebo Plugin");
[20.330s]       |   [01;31m[K^~~~~~~~~~~[m[K
[20.330s] [01m[K/home/jg/farmbot_ws/src/farmbot_gazebo_plugin/src/farmbot_gazebo_plugin.cpp:29:3:[m[K [01;31m[Kerror: [m[Ktemplate argument 1 is invalid
[20.330s]    29 |   [01;31m[KRCLCPP_INFO[m[K(ros_node_->get_logger(), "Loading Car Gazebo Plugin");
[20.330s]       |   [01;31m[K^~~~~~~~~~~[m[K
[20.330s] [01m[K/home/jg/farmbot_ws/src/farmbot_gazebo_plugin/src/farmbot_gazebo_plugin.cpp:29:3:[m[K [01;31m[Kerror: [m[Ktemplate argument 1 is invalid
[20.330s]    29 |   [01;31m[KRCLCPP_INFO[m[K(ros_node_->get_logger(), "Loading Car Gazebo Plugin");
[20.330s]       |   [01;31m[K^~~~~~~~~~~[m[K
[20.342s] [01m[K/home/jg/farmbot_ws/src/farmbot_gazebo_plugin/src/farmbot_gazebo_plugin.cpp:35:3:[m[K [01;31m[Kerror: [m[K‘[01m[Kjoint_state_pub_[m[K’ was not declared in this scope
[20.342s]    35 |   [01;31m[Kjoint_state_pub_[m[K = ros_node_->create_publisher<JointState>("/joint_states", qos);
[20.343s]       |   [01;31m[K^~~~~~~~~~~~~~~~[m[K
[20.345s] [01m[K/home/jg/farmbot_ws/src/farmbot_gazebo_plugin/src/farmbot_gazebo_plugin.cpp:35:50:[m[K [01;31m[Kerror: [m[K‘[01m[KJointState[m[K’ was not declared in this scope
[20.345s]    35 |   joint_state_pub_ = ros_node_->create_publisher<[01;31m[KJointState[m[K>("/joint_states", qos);
[20.346s]       |                                                  [01;31m[K^~~~~~~~~~[m[K
[20.346s] [01m[K/home/jg/farmbot_ws/src/farmbot_gazebo_plugin/src/farmbot_gazebo_plugin.cpp:35:50:[m[K [01;36m[Knote: [m[Ksuggested alternatives:
[20.346s] In file included from [01m[K/usr/include/gazebo-11/gazebo/physics/ModelState.hh:30[m[K,
[20.346s]                  from [01m[K/usr/include/gazebo-11/gazebo/physics/Model.hh:29[m[K,
[20.346s]                  from [01m[K/usr/include/gazebo-11/gazebo/physics/Actor.hh:27[m[K,
[20.346s]                  from [01m[K/usr/include/gazebo-11/gazebo/physics/physics.hh:2[m[K,
[20.346s]                  from [01m[K/home/jg/farmbot_ws/src/farmbot_gazebo_plugin/src/farmbot_gazebo_plugin.hpp:8[m[K,
[20.346s]                  from [01m[K/home/jg/farmbot_ws/src/farmbot_gazebo_plugin/src/farmbot_gazebo_plugin.cpp:1[m[K:
[20.347s] [01m[K/usr/include/gazebo-11/gazebo/physics/JointState.hh:36:30:[m[K [01;36m[Knote: [m[K  ‘[01m[Kgazebo::physics::JointState[m[K’
[20.347s]    36 |     class GZ_PHYSICS_VISIBLE [01;36m[KJointState[m[K : public State
[20.347s]       |                              [01;36m[K^~~~~~~~~~[m[K
[20.347s] In file included from [01m[K/opt/ros/foxy/include/sensor_msgs/msg/joint_state.hpp:7[m[K,
[20.347s]                  from [01m[K/home/jg/farmbot_ws/src/farmbot_gazebo_plugin/src/farmbot_gazebo_plugin.hpp:12[m[K,
[20.347s]                  from [01m[K/home/jg/farmbot_ws/src/farmbot_gazebo_plugin/src/farmbot_gazebo_plugin.cpp:1[m[K:
[20.348s] [01m[K/opt/ros/foxy/include/sensor_msgs/msg/detail/joint_state__struct.hpp:166:7:[m[K [01;36m[Knote: [m[K  ‘[01m[Ksensor_msgs::msg::JointState[m[K’
[20.348s]   166 | using [01;36m[KJointState[m[K =
[20.348s]       |       [01;36m[K^~~~~~~~~~[m[K
[20.354s] [01m[K/home/jg/farmbot_ws/src/farmbot_gazebo_plugin/src/farmbot_gazebo_plugin.cpp:35:62:[m[K [01;35m[Kwarning: [m[Kleft operand of comma operator has no effect [[01;35m[K-Wunused-value[m[K]
[20.354s]    35 |   joint_state_pub_ = ros_node_->create_publisher<JointState>([01;35m[K"/joint_states"[m[K, qos);
[20.354s]       |                                                              [01;35m[K^~~~~~~~~~~~~~~[m[K
[20.355s] [01m[K/home/jg/farmbot_ws/src/farmbot_gazebo_plugin/src/farmbot_gazebo_plugin.cpp:50:5:[m[K [01;31m[Kerror: [m[K‘[01m[Kjoints_[m[K’ was not declared in this scope
[20.355s]    50 |     [01;31m[Kjoints_[m[K[name] = std::make_pair(j, pid);
[20.355s]       |     [01;31m[K^~~~~~~[m[K
[20.362s] [01m[K/home/jg/farmbot_ws/src/farmbot_gazebo_plugin/src/farmbot_gazebo_plugin.cpp:51:5:[m[K [01;31m[Kerror: [m[K‘[01m[Kjoint_targets_[m[K’ was not declared in this scope
[20.362s]    51 |     [01;31m[Kjoint_targets_[m[K[name] = 0.0;
[20.363s]       |     [01;31m[K^~~~~~~~~~~~~~[m[K
[20.363s] In file included from [01m[K/opt/ros/foxy/include/rclcpp/service.hpp:34[m[K,
[20.363s]                  from [01m[K/opt/ros/foxy/include/rclcpp/callback_group.hpp:25[m[K,
[20.363s]                  from [01m[K/opt/ros/foxy/include/rclcpp/any_executable.hpp:20[m[K,
[20.363s]                  from [01m[K/opt/ros/foxy/include/rclcpp/memory_strategy.hpp:24[m[K,
[20.363s]                  from [01m[K/opt/ros/foxy/include/rclcpp/memory_strategies.hpp:18[m[K,
[20.363s]                  from [01m[K/opt/ros/foxy/include/rclcpp/executor_options.hpp:20[m[K,
[20.364s]                  from [01m[K/opt/ros/foxy/include/rclcpp/executor.hpp:33[m[K,
[20.364s]                  from [01m[K/opt/ros/foxy/include/rclcpp/executors/multi_threaded_executor.hpp:26[m[K,
[20.364s]                  from [01m[K/opt/ros/foxy/include/rclcpp/executors.hpp:21[m[K,
[20.364s]                  from [01m[K/opt/ros/foxy/include/rclcpp/rclcpp.hpp:146[m[K,
[20.364s]                  from [01m[K/opt/ros/foxy/include/tf2_ros/transform_broadcaster.h:36[m[K,
[20.364s]                  from [01m[K/home/jg/farmbot_ws/src/farmbot_gazebo_plugin/src/farmbot_gazebo_plugin.hpp:4[m[K,
[20.364s]                  from [01m[K/home/jg/farmbot_ws/src/farmbot_gazebo_plugin/src/farmbot_gazebo_plugin.cpp:1[m[K:
[20.364s] [01m[K/home/jg/farmbot_ws/src/farmbot_gazebo_plugin/src/farmbot_gazebo_plugin.cpp:54:3:[m[K [01;31m[Kerror: [m[Ktemplate argument 1 is invalid
[20.365s]    54 |   [01;31m[KRCLCPP_DEBUG[m[K(ros_node_->get_logger(), "Got joints:");
[20.365s]       |   [01;31m[K^~~~~~~~~~~~[m[K
[20.365s] [01m[K/home/jg/farmbot_ws/src/farmbot_gazebo_plugin/src/farmbot_gazebo_plugin.cpp:54:3:[m[K [01;31m[Kerror: [m[Ktemplate argument 1 is invalid
[20.365s]    54 |   [01;31m[KRCLCPP_DEBUG[m[K(ros_node_->get_logger(), "Got joints:");
[20.365s]       |   [01;31m[K^~~~~~~~~~~~[m[K
[20.365s] [01m[K/home/jg/farmbot_ws/src/farmbot_gazebo_plugin/src/farmbot_gazebo_plugin.cpp:54:3:[m[K [01;31m[Kerror: [m[Ktemplate argument 1 is invalid
[20.365s]    54 |   [01;31m[KRCLCPP_DEBUG[m[K(ros_node_->get_logger(), "Got joints:");
[20.365s]       |   [01;31m[K^~~~~~~~~~~~[m[K
[20.372s] [01m[K/home/jg/farmbot_ws/src/farmbot_gazebo_plugin/src/farmbot_gazebo_plugin.cpp:55:24:[m[K [01;31m[Kerror: [m[K‘[01m[Kjoints_[m[K’ was not declared in this scope
[20.372s]    55 |   for (auto const& j : [01;31m[Kjoints_[m[K) {
[20.372s]       |                        [01;31m[K^~~~~~~[m[K
[20.372s] In file included from [01m[K/opt/ros/foxy/include/rclcpp/service.hpp:34[m[K,
[20.372s]                  from [01m[K/opt/ros/foxy/include/rclcpp/callback_group.hpp:25[m[K,
[20.372s]                  from [01m[K/opt/ros/foxy/include/rclcpp/any_executable.hpp:20[m[K,
[20.372s]                  from [01m[K/opt/ros/foxy/include/rclcpp/memory_strategy.hpp:24[m[K,
[20.373s]                  from [01m[K/opt/ros/foxy/include/rclcpp/memory_strategies.hpp:18[m[K,
[20.373s]                  from [01m[K/opt/ros/foxy/include/rclcpp/executor_options.hpp:20[m[K,
[20.373s]                  from [01m[K/opt/ros/foxy/include/rclcpp/executor.hpp:33[m[K,
[20.373s]                  from [01m[K/opt/ros/foxy/include/rclcpp/executors/multi_threaded_executor.hpp:26[m[K,
[20.373s]                  from [01m[K/opt/ros/foxy/include/rclcpp/executors.hpp:21[m[K,
[20.373s]                  from [01m[K/opt/ros/foxy/include/rclcpp/rclcpp.hpp:146[m[K,
[20.373s]                  from [01m[K/opt/ros/foxy/include/tf2_ros/transform_broadcaster.h:36[m[K,
[20.373s]                  from [01m[K/home/jg/farmbot_ws/src/farmbot_gazebo_plugin/src/farmbot_gazebo_plugin.hpp:4[m[K,
[20.374s]                  from [01m[K/home/jg/farmbot_ws/src/farmbot_gazebo_plugin/src/farmbot_gazebo_plugin.cpp:1[m[K:
[20.374s] [01m[K/home/jg/farmbot_ws/src/farmbot_gazebo_plugin/src/farmbot_gazebo_plugin.cpp:56:5:[m[K [01;31m[Kerror: [m[Ktemplate argument 1 is invalid
[20.374s]    56 |     [01;31m[KRCLCPP_DEBUG[m[K(ros_node_->get_logger(), j.first.c_str());
[20.374s]       |     [01;31m[K^~~~~~~~~~~~[m[K
[20.374s] [01m[K/home/jg/farmbot_ws/src/farmbot_gazebo_plugin/src/farmbot_gazebo_plugin.cpp:56:5:[m[K [01;31m[Kerror: [m[Ktemplate argument 1 is invalid
[20.374s]    56 |     [01;31m[KRCLCPP_DEBUG[m[K(ros_node_->get_logger(), j.first.c_str());
[20.374s]       |     [01;31m[K^~~~~~~~~~~~[m[K
[20.374s] [01m[K/home/jg/farmbot_ws/src/farmbot_gazebo_plugin/src/farmbot_gazebo_plugin.cpp:56:5:[m[K [01;31m[Kerror: [m[Ktemplate argument 1 is invalid
[20.375s]    56 |     [01;31m[KRCLCPP_DEBUG[m[K(ros_node_->get_logger(), j.first.c_str());
[20.375s]       |     [01;31m[K^~~~~~~~~~~~[m[K
[20.387s] [01m[K/home/jg/farmbot_ws/src/farmbot_gazebo_plugin/src/farmbot_gazebo_plugin.cpp:59:3:[m[K [01;31m[Kerror: [m[K‘[01m[Ktf_broadcaster_[m[K’ was not declared in this scope
[20.387s]    59 |   [01;31m[Ktf_broadcaster_[m[K = std::make_unique<tf2_ros::TransformBroadcaster>(*ros_node_);
[20.387s]       |   [01;31m[K^~~~~~~~~~~~~~~[m[K
[20.387s] In file included from [01m[K/opt/ros/foxy/include/rclcpp/service.hpp:34[m[K,
[20.387s]                  from [01m[K/opt/ros/foxy/include/rclcpp/callback_group.hpp:25[m[K,
[20.387s]                  from [01m[K/opt/ros/foxy/include/rclcpp/any_executable.hpp:20[m[K,
[20.387s]                  from [01m[K/opt/ros/foxy/include/rclcpp/memory_strategy.hpp:24[m[K,
[20.388s]                  from [01m[K/opt/ros/foxy/include/rclcpp/memory_strategies.hpp:18[m[K,
[20.388s]                  from [01m[K/opt/ros/foxy/include/rclcpp/executor_options.hpp:20[m[K,
[20.388s]                  from [01m[K/opt/ros/foxy/include/rclcpp/executor.hpp:33[m[K,
[20.388s]                  from [01m[K/opt/ros/foxy/include/rclcpp/executors/multi_threaded_executor.hpp:26[m[K,
[20.388s]                  from [01m[K/opt/ros/foxy/include/rclcpp/executors.hpp:21[m[K,
[20.388s]                  from [01m[K/opt/ros/foxy/include/rclcpp/rclcpp.hpp:146[m[K,
[20.388s]                  from [01m[K/opt/ros/foxy/include/tf2_ros/transform_broadcaster.h:36[m[K,
[20.389s]                  from [01m[K/home/jg/farmbot_ws/src/farmbot_gazebo_plugin/src/farmbot_gazebo_plugin.hpp:4[m[K,
[20.389s]                  from [01m[K/home/jg/farmbot_ws/src/farmbot_gazebo_plugin/src/farmbot_gazebo_plugin.cpp:1[m[K:
[20.389s] [01m[K/home/jg/farmbot_ws/src/farmbot_gazebo_plugin/src/farmbot_gazebo_plugin.cpp:62:3:[m[K [01;31m[Kerror: [m[Ktemplate argument 1 is invalid
[20.389s]    62 |   [01;31m[KRCLCPP_DEBUG[m[K(ros_node_->get_logger(), "Connected to model %s", model_->GetName().c_str());
[20.389s]       |   [01;31m[K^~~~~~~~~~~~[m[K
[20.389s] [01m[K/home/jg/farmbot_ws/src/farmbot_gazebo_plugin/src/farmbot_gazebo_plugin.cpp:62:3:[m[K [01;31m[Kerror: [m[Ktemplate argument 1 is invalid
[20.389s]    62 |   [01;31m[KRCLCPP_DEBUG[m[K(ros_node_->get_logger(), "Connected to model %s", model_->GetName().c_str());
[20.389s]       |   [01;31m[K^~~~~~~~~~~~[m[K
[20.390s] [01m[K/home/jg/farmbot_ws/src/farmbot_gazebo_plugin/src/farmbot_gazebo_plugin.cpp:62:3:[m[K [01;31m[Kerror: [m[Ktemplate argument 1 is invalid
[20.390s]    62 |   [01;31m[KRCLCPP_DEBUG[m[K(ros_node_->get_logger(), "Connected to model %s", model_->GetName().c_str());
[20.390s]       |   [01;31m[K^~~~~~~~~~~~[m[K
[20.393s] [01m[K/home/jg/farmbot_ws/src/farmbot_gazebo_plugin/src/farmbot_gazebo_plugin.cpp:64:3:[m[K [01;31m[Kerror: [m[K‘[01m[Kjc[m[K’ was not declared in this scope; did you mean ‘[01m[Kjn[m[K’?
[20.393s]    64 |   [01;31m[Kjc[m[K = model_->GetJointController();
[20.393s]       |   [01;31m[K^~[m[K
[20.393s]       |   [32m[Kjn[m[K
[20.397s] [01m[K/home/jg/farmbot_ws/src/farmbot_gazebo_plugin/src/farmbot_gazebo_plugin.cpp:67:3:[m[K [01;31m[Kerror: [m[K‘[01m[Kfl_pid[m[K’ was not declared in this scope; did you mean ‘[01m[Ksi_pid[m[K’?
[20.397s]    67 |   [01;31m[Kfl_pid[m[K = gazebo::common::PID(10, 30, 0);
[20.397s]       |   [01;31m[K^~~~~~[m[K
[20.397s]       |   [32m[Ksi_pid[m[K
[20.405s] [01m[K/home/jg/farmbot_ws/src/farmbot_gazebo_plugin/src/farmbot_gazebo_plugin.cpp:68:3:[m[K [01;31m[Kerror: [m[K‘[01m[Kfl_str_joint[m[K’ was not declared in this scope
[20.406s]    68 |   [01;31m[Kfl_str_joint[m[K = get_joint("front_steer_left_joint");
[20.406s]       |   [01;31m[K^~~~~~~~~~~~[m[K
[20.414s] [01m[K/home/jg/farmbot_ws/src/farmbot_gazebo_plugin/src/farmbot_gazebo_plugin.cpp:68:18:[m[K [01;31m[Kerror: [m[K‘[01m[Kget_joint[m[K’ was not declared in this scope
[20.415s]    68 |   fl_str_joint = [01;31m[Kget_joint[m[K("front_steer_left_joint");
[20.415s]       |                  [01;31m[K^~~~~~~~~[m[K
[20.424s] [01m[K/home/jg/farmbot_ws/src/farmbot_gazebo_plugin/src/farmbot_gazebo_plugin.cpp:73:3:[m[K [01;31m[Kerror: [m[K‘[01m[Kfr_pid[m[K’ was not declared in this scope; did you mean ‘[01m[Ksi_pid[m[K’?
[20.424s]    73 |   [01;31m[Kfr_pid[m[K = gazebo::common::PID(10, 30, 0);
[20.424s]       |   [01;31m[K^~~~~~[m[K
[20.424s]       |   [32m[Ksi_pid[m[K
[20.437s] [01m[K/home/jg/farmbot_ws/src/farmbot_gazebo_plugin/src/farmbot_gazebo_plugin.cpp:74:3:[m[K [01;31m[Kerror: [m[K‘[01m[Kfr_str_joint[m[K’ was not declared in this scope
[20.438s]    74 |   [01;31m[Kfr_str_joint[m[K = get_joint("front_steer_right_joint");
[20.438s]       |   [01;31m[K^~~~~~~~~~~~[m[K
[20.456s] [01m[K/home/jg/farmbot_ws/src/farmbot_gazebo_plugin/src/farmbot_gazebo_plugin.cpp:77:3:[m[K [01;31m[Kerror: [m[K‘[01m[Kfl_axle_joint[m[K’ was not declared in this scope
[20.457s]    77 |   [01;31m[Kfl_axle_joint[m[K = get_joint("front_left_wheel_joint");
[20.457s]       |   [01;31m[K^~~~~~~~~~~~~[m[K
[20.474s] [01m[K/home/jg/farmbot_ws/src/farmbot_gazebo_plugin/src/farmbot_gazebo_plugin.cpp:78:3:[m[K [01;31m[Kerror: [m[K‘[01m[Kfr_axle_joint[m[K’ was not declared in this scope
[20.474s]    78 |   [01;31m[Kfr_axle_joint[m[K = get_joint("front_right_wheel_joint");
[20.474s]       |   [01;31m[K^~~~~~~~~~~~~[m[K
[20.486s] [01m[K/home/jg/farmbot_ws/src/farmbot_gazebo_plugin/src/farmbot_gazebo_plugin.cpp:81:3:[m[K [01;31m[Kerror: [m[K‘[01m[Kbl_pid[m[K’ was not declared in this scope; did you mean ‘[01m[Ksi_pid[m[K’?
[20.486s]    81 |   [01;31m[Kbl_pid[m[K = gazebo::common::PID(1, 10, 0.0);
[20.486s]       |   [01;31m[K^~~~~~[m[K
[20.486s]       |   [32m[Ksi_pid[m[K
[20.505s] [01m[K/home/jg/farmbot_ws/src/farmbot_gazebo_plugin/src/farmbot_gazebo_plugin.cpp:82:3:[m[K [01;31m[Kerror: [m[K‘[01m[Kbl_axle_joint[m[K’ was not declared in this scope
[20.505s]    82 |   [01;31m[Kbl_axle_joint[m[K = get_joint("left_rear_joint");
[20.506s]       |   [01;31m[K^~~~~~~~~~~~~[m[K
[20.519s] [01m[K/home/jg/farmbot_ws/src/farmbot_gazebo_plugin/src/farmbot_gazebo_plugin.cpp:85:3:[m[K [01;31m[Kerror: [m[K‘[01m[Kbr_pid[m[K’ was not declared in this scope; did you mean ‘[01m[Ksi_pid[m[K’?
[20.519s]    85 |   [01;31m[Kbr_pid[m[K = gazebo::common::PID(1, 10, 0.0);
[20.520s]       |   [01;31m[K^~~~~~[m[K
[20.520s]       |   [32m[Ksi_pid[m[K
[20.539s] [01m[K/home/jg/farmbot_ws/src/farmbot_gazebo_plugin/src/farmbot_gazebo_plugin.cpp:86:3:[m[K [01;31m[Kerror: [m[K‘[01m[Kbr_axle_joint[m[K’ was not declared in this scope
[20.539s]    86 |   [01;31m[Kbr_axle_joint[m[K = get_joint("right_rear_joint");
[20.540s]       |   [01;31m[K^~~~~~~~~~~~~[m[K
[20.553s] [01m[K/home/jg/farmbot_ws/src/farmbot_gazebo_plugin/src/farmbot_gazebo_plugin.cpp:90:3:[m[K [01;31m[Kerror: [m[K‘[01m[Kackermann_pub[m[K’ was not declared in this scope; did you mean ‘[01m[Kackermann_msgs[m[K’?
[20.553s]    90 |   [01;31m[Kackermann_pub[m[K = ros_node_->create_publisher<ackermann_msgs::msg::AckermannDriveStamped>("/" + model_->GetName() + "/cmd_ackermann", 10);
[20.554s]       |   [01;31m[K^~~~~~~~~~~~~[m[K
[20.554s]       |   [32m[Kackermann_msgs[m[K
[20.555s] [01m[K/home/jg/farmbot_ws/src/farmbot_gazebo_plugin/src/farmbot_gazebo_plugin.cpp:90:89:[m[K [01;31m[Kerror: [m[Kexpected primary-expression before ‘[01m[K>[m[K’ token
[20.555s]    90 | ros_node_->create_publisher<ackermann_msgs::msg::AckermannDriveStamped[01;31m[K>[m[K("/" + model_->GetName() + "/cmd_ackermann", 10);
[20.555s]       |                                                                       [01;31m[K^[m[K
[20.556s] 
[20.569s] [01m[K/home/jg/farmbot_ws/src/farmbot_gazebo_plugin/src/farmbot_gazebo_plugin.cpp:91:3:[m[K [01;31m[Kerror: [m[K‘[01m[Kpose_pub[m[K’ was not declared in this scope
[20.569s]    91 |   [01;31m[Kpose_pub[m[K = ros_node_->create_publisher<geometry_msgs::msg::PoseStamped>("/" + model_->GetName() + "/pose", qos);
[20.570s]       |   [01;31m[K^~~~~~~~[m[K
[20.570s] [01m[K/home/jg/farmbot_ws/src/farmbot_gazebo_plugin/src/farmbot_gazebo_plugin.cpp:91:73:[m[K [01;31m[Kerror: [m[Kexpected primary-expression before ‘[01m[K>[m[K’ token
[20.570s]    91 | pose_pub = ros_node_->create_publisher<geometry_msgs::msg::PoseStamped[01;31m[K>[m[K("/" + model_->GetName() + "/pose", qos);
[20.571s]       |                                                                       [01;31m[K^[m[K
[20.571s] 
[20.581s] [01m[K/home/jg/farmbot_ws/src/farmbot_gazebo_plugin/src/farmbot_gazebo_plugin.cpp:94:3:[m[K [01;31m[Kerror: [m[K‘[01m[Kjoy_sub[m[K’ was not declared in this scope
[20.581s]    94 |   [01;31m[Kjoy_sub[m[K = ros_node_->create_subscription<sensor_msgs::msg::Joy>("/joy", 2, std::bind(&CarGazeboPlugin::joy_callback, this, std::placeholders::_1));
[20.582s]       |   [01;31m[K^~~~~~~[m[K
[20.582s] [01m[K/home/jg/farmbot_ws/src/farmbot_gazebo_plugin/src/farmbot_gazebo_plugin.cpp:94:65:[m[K [01;31m[Kerror: [m[Kexpected primary-expression before ‘[01m[K>[m[K’ token
[20.582s]    94 |   joy_sub = ros_node_->create_subscription<sensor_msgs::msg::Joy[01;31m[K>[m[K("/joy", 2, std::bind(&CarGazeboPlugin::joy_callback, this, std::placeholders::_1));
[20.582s]       |                                                                 [01;31m[K^[m[K
[20.583s] [01m[K/home/jg/farmbot_ws/src/farmbot_gazebo_plugin/src/farmbot_gazebo_plugin.cpp:94:67:[m[K [01;35m[Kwarning: [m[Kleft operand of comma operator has no effect [[01;35m[K-Wunused-value[m[K]
[20.583s]    94 |   joy_sub = ros_node_->create_subscription<sensor_msgs::msg::Joy>([01;35m[K"/joy"[m[K, 2, std::bind(&CarGazeboPlugin::joy_callback, this, std::placeholders::_1));
[20.583s]       |                                                                   [01;35m[K^~~~~~[m[K
[20.584s] [01m[K/home/jg/farmbot_ws/src/farmbot_gazebo_plugin/src/farmbot_gazebo_plugin.cpp:94:89:[m[K [01;31m[Kerror: [m[K‘[01m[KCarGazeboPlugin[m[K’ has not been declared
[20.584s]    94 | de_->create_subscription<sensor_msgs::msg::Joy>("/joy", 2, std::bind(&[01;31m[KCarGazeboPlugin[m[K::joy_callback, this, std::placeholders::_1));
[20.584s]       |                                                                       [01;31m[K^~~~~~~~~~~~~~~[m[K
[20.585s] 
[20.585s] [01m[K/home/jg/farmbot_ws/src/farmbot_gazebo_plugin/src/farmbot_gazebo_plugin.cpp:94:120:[m[K [01;31m[Kerror: [m[Kinvalid use of ‘[01m[Kthis[m[K’ in non-member function
[20.585s]    94 | _msgs::msg::Joy>("/joy", 2, std::bind(&CarGazeboPlugin::joy_callback, [01;31m[Kthis[m[K, std::placeholders::_1));
[20.586s]       |                                                                       [01;31m[K^~~~[m[K
[20.586s] 
[20.595s] [01m[K/home/jg/farmbot_ws/src/farmbot_gazebo_plugin/src/farmbot_gazebo_plugin.cpp:95:3:[m[K [01;31m[Kerror: [m[K‘[01m[Kackermann_sub[m[K’ was not declared in this scope; did you mean ‘[01m[Kackermann_msgs[m[K’?
[20.595s]    95 |   [01;31m[Kackermann_sub[m[K = ros_node_->create_subscription<ackermann_msgs::msg::AckermannDriveStamped>("/" + model_->GetName() + "/cmd_ackermann", 2, std::bind(&CarGazeboPlugin::ackermann_callback, this, std::placeholders::_1));
[20.596s]       |   [01;31m[K^~~~~~~~~~~~~[m[K
[20.596s]       |   [32m[Kackermann_msgs[m[K
[20.596s] [01m[K/home/jg/farmbot_ws/src/farmbot_gazebo_plugin/src/farmbot_gazebo_plugin.cpp:95:92:[m[K [01;31m[Kerror: [m[Kexpected primary-expression before ‘[01m[K>[m[K’ token
[20.597s]    95 | _node_->create_subscription<ackermann_msgs::msg::AckermannDriveStamped[01;31m[K>[m[K("/" + model_->GetName() + "/cmd_ackermann", 2, std::bind(&CarGazeboPlugin::ackermann_callback, this, std::placeholders::_1));
[20.597s]       |                                                                       [01;31m[K^[m[K
[20.597s] 
[20.597s] [01m[K/home/jg/farmbot_ws/src/farmbot_gazebo_plugin/src/farmbot_gazebo_plugin.cpp:95:152:[m[K [01;31m[Kerror: [m[K‘[01m[KCarGazeboPlugin[m[K’ has not been declared
[20.598s]    95 | iveStamped>("/" + model_->GetName() + "/cmd_ackermann", 2, std::bind(&[01;31m[KCarGazeboPlugin[m[K::ackermann_callback, this, std::placeholders::_1));
[20.598s]       |                                                                       [01;31m[K^~~~~~~~~~~~~~~[m[K
[20.598s] 
[20.598s] [01m[K/home/jg/farmbot_ws/src/farmbot_gazebo_plugin/src/farmbot_gazebo_plugin.cpp:95:189:[m[K [01;31m[Kerror: [m[Kinvalid use of ‘[01m[Kthis[m[K’ in non-member function
[20.599s]    95 |  "/cmd_ackermann", 2, std::bind(&CarGazeboPlugin::ackermann_callback, [01;31m[Kthis[m[K, std::placeholders::_1));
[20.599s]       |                                                                       [01;31m[K^~~~[m[K
[20.599s] 
[20.612s] [01m[K/home/jg/farmbot_ws/src/farmbot_gazebo_plugin/src/farmbot_gazebo_plugin.cpp:96:3:[m[K [01;31m[Kerror: [m[K‘[01m[Kcmd_vel_sub[m[K’ was not declared in this scope
[20.613s]    96 |   [01;31m[Kcmd_vel_sub[m[K = ros_node_->create_subscription<geometry_msgs::msg::Twist>("/cmd_vel", 2, std::bind(&CarGazeboPlugin::twist_callback, this, std::placeholders::_1));
[20.613s]       |   [01;31m[K^~~~~~~~~~~[m[K
[20.613s] [01m[K/home/jg/farmbot_ws/src/farmbot_gazebo_plugin/src/farmbot_gazebo_plugin.cpp:96:73:[m[K [01;31m[Kerror: [m[Kexpected primary-expression before ‘[01m[K>[m[K’ token
[20.613s]    96 | cmd_vel_sub = ros_node_->create_subscription<geometry_msgs::msg::Twist[01;31m[K>[m[K("/cmd_vel", 2, std::bind(&CarGazeboPlugin::twist_callback, this, std::placeholders::_1));
[20.614s]       |                                                                       [01;31m[K^[m[K
[20.614s] 
[20.614s] [01m[K/home/jg/farmbot_ws/src/farmbot_gazebo_plugin/src/farmbot_gazebo_plugin.cpp:96:75:[m[K [01;35m[Kwarning: [m[Kleft operand of comma operator has no effect [[01;35m[K-Wunused-value[m[K]
[20.614s]    96 | d_vel_sub = ros_node_->create_subscription<geometry_msgs::msg::Twist>([01;35m[K"/cmd_vel"[m[K, 2, std::bind(&CarGazeboPlugin::twist_callback, this, std::placeholders::_1));
[20.615s]       |                                                                       [01;35m[K^~~~~~~~~~[m[K
[20.615s] 
[20.615s] [01m[K/home/jg/farmbot_ws/src/farmbot_gazebo_plugin/src/farmbot_gazebo_plugin.cpp:96:101:[m[K [01;31m[Kerror: [m[K‘[01m[KCarGazeboPlugin[m[K’ has not been declared
[20.615s]    96 | ate_subscription<geometry_msgs::msg::Twist>("/cmd_vel", 2, std::bind(&[01;31m[KCarGazeboPlugin[m[K::twist_callback, this, std::placeholders::_1));
[20.616s]       |                                                                       [01;31m[K^~~~~~~~~~~~~~~[m[K
[20.616s] 
[20.616s] [01m[K/home/jg/farmbot_ws/src/farmbot_gazebo_plugin/src/farmbot_gazebo_plugin.cpp:96:134:[m[K [01;31m[Kerror: [m[Kinvalid use of ‘[01m[Kthis[m[K’ in non-member function
[20.616s]    96 | sg::Twist>("/cmd_vel", 2, std::bind(&CarGazeboPlugin::twist_callback, [01;31m[Kthis[m[K, std::placeholders::_1));
[20.617s]       |                                                                       [01;31m[K^~~~[m[K
[20.617s] 
[20.645s] [01m[K/home/jg/farmbot_ws/src/farmbot_gazebo_plugin/src/farmbot_gazebo_plugin.cpp:99:3:[m[K [01;31m[Kerror: [m[K‘[01m[Kupdate_connection_[m[K’ was not declared in this scope
[20.645s]    99 |   [01;31m[Kupdate_connection_[m[K = gazebo::event::Events::ConnectWorldUpdateBegin(std::bind(&CarGazeboPlugin::Update, this));
[20.646s]       |   [01;31m[K^~~~~~~~~~~~~~~~~~[m[K
[20.647s] [01m[K/home/jg/farmbot_ws/src/farmbot_gazebo_plugin/src/farmbot_gazebo_plugin.cpp:99:82:[m[K [01;31m[Kerror: [m[K‘[01m[KCarGazeboPlugin[m[K’ has not been declared
[20.648s]    99 | nnection_ = gazebo::event::Events::ConnectWorldUpdateBegin(std::bind(&[01;31m[KCarGazeboPlugin[m[K::Update, this));
[20.648s]       |                                                                       [01;31m[K^~~~~~~~~~~~~~~[m[K
[20.648s] 
[20.648s] [01m[K/home/jg/farmbot_ws/src/farmbot_gazebo_plugin/src/farmbot_gazebo_plugin.cpp:99:107:[m[K [01;31m[Kerror: [m[Kinvalid use of ‘[01m[Kthis[m[K’ in non-member function
[20.649s]    99 | ::Events::ConnectWorldUpdateBegin(std::bind(&CarGazeboPlugin::Update, [01;31m[Kthis[m[K));
[20.649s]       |                                                                       [01;31m[K^~~~[m[K
[20.649s] 
[20.650s] [01m[K/home/jg/farmbot_ws/src/farmbot_gazebo_plugin/src/farmbot_gazebo_plugin.cpp:[m[K At global scope:
[20.654s] [01m[K/home/jg/farmbot_ws/src/farmbot_gazebo_plugin/src/farmbot_gazebo_plugin.cpp:102:6:[m[K [01;31m[Kerror: [m[K‘[01m[KCarGazeboPlugin[m[K’ has not been declared
[20.655s]   102 | void [01;31m[KCarGazeboPlugin[m[K::Update() {
[20.655s]       |      [01;31m[K^~~~~~~~~~~~~~~[m[K
[20.658s] [01m[K/home/jg/farmbot_ws/src/farmbot_gazebo_plugin/src/farmbot_gazebo_plugin.cpp:[m[K In function ‘[01m[Kvoid farmbot_gazebo_plugin::Update()[m[K’:
[20.658s] [01m[K/home/jg/farmbot_ws/src/farmbot_gazebo_plugin/src/farmbot_gazebo_plugin.cpp:103:19:[m[K [01;31m[Kerror: [m[K‘[01m[Kworld_[m[K’ was not declared in this scope
[20.658s]   103 |   auto cur_time = [01;31m[Kworld_[m[K->SimTime();
[20.659s]       |                   [01;31m[K^~~~~~[m[K
[20.683s] [01m[K/home/jg/farmbot_ws/src/farmbot_gazebo_plugin/src/farmbot_gazebo_plugin.cpp:104:7:[m[K [01;31m[Kerror: [m[K‘[01m[Klast_sim_time_[m[K’ was not declared in this scope
[20.683s]   104 |   if ([01;31m[Klast_sim_time_[m[K == 0) {
[20.684s]       |       [01;31m[K^~~~~~~~~~~~~~[m[K
[20.708s] [01m[K/home/jg/farmbot_ws/src/farmbot_gazebo_plugin/src/farmbot_gazebo_plugin.cpp:106:5:[m[K [01;31m[Kerror: [m[K‘[01m[Klast_update_time_[m[K’ was not declared in this scope
[20.709s]   106 |     [01;31m[Klast_update_time_[m[K = cur_time;
[20.709s]       |     [01;31m[K^~~~~~~~~~~~~~~~~[m[K
[20.734s] [01m[K/home/jg/farmbot_ws/src/farmbot_gazebo_plugin/src/farmbot_gazebo_plugin.cpp:112:32:[m[K [01;31m[Kerror: [m[K‘[01m[Klast_update_time_[m[K’ was not declared in this scope
[20.734s]   112 |   auto update_dt = (cur_time - [01;31m[Klast_update_time_[m[K).Double();
[20.734s]       |                                [01;31m[K^~~~~~~~~~~~~~~~~[m[K
[20.759s] [01m[K/home/jg/farmbot_ws/src/farmbot_gazebo_plugin/src/farmbot_gazebo_plugin.cpp:113:27:[m[K [01;31m[Kerror: [m[K‘[01m[Kupdate_period_ms_[m[K’ was not declared in this scope
[20.760s]   113 |   if (update_dt * 1000 >= [01;31m[Kupdate_period_ms_[m[K) {
[20.760s]       |                           [01;31m[K^~~~~~~~~~~~~~~~~[m[K
[20.770s] [01m[K/home/jg/farmbot_ws/src/farmbot_gazebo_plugin/src/farmbot_gazebo_plugin.cpp:115:17:[m[K [01;31m[Kerror: [m[K‘[01m[Kmodel_[m[K’ was not declared in this scope; did you mean ‘[01m[Kmode_t[m[K’?
[20.770s]   115 |     auto pose = [01;31m[Kmodel_[m[K->WorldPose();
[20.771s]       |                 [01;31m[K^~~~~~[m[K
[20.771s]       |                 [32m[Kmode_t[m[K
[20.781s] [01m[K/home/jg/farmbot_ws/src/farmbot_gazebo_plugin/src/farmbot_gazebo_plugin.cpp:119:29:[m[K [01;31m[Kerror: [m[K‘[01m[Kros_node_[m[K’ was not declared in this scope; did you mean ‘[01m[Krcl_node_t[m[K’?
[20.782s]   119 |     pose_msg.header.stamp = [01;31m[Kros_node_[m[K->now();
[20.782s]       |                             [01;31m[K^~~~~~~~~[m[K
[20.782s]       |                             [32m[Krcl_node_t[m[K
[20.796s] [01m[K/home/jg/farmbot_ws/src/farmbot_gazebo_plugin/src/farmbot_gazebo_plugin.cpp:128:5:[m[K [01;31m[Kerror: [m[K‘[01m[Kpose_pub[m[K’ was not declared in this scope
[20.796s]   128 |     [01;31m[Kpose_pub[m[K->publish(pose_msg);
[20.796s]       |     [01;31m[K^~~~~~~~[m[K
[20.822s] [01m[K/home/jg/farmbot_ws/src/farmbot_gazebo_plugin/src/farmbot_gazebo_plugin.cpp:155:7:[m[K [01;31m[Kerror: [m[K‘[01m[Ktf_broadcaster_[m[K’ was not declared in this scope
[20.822s]   155 |       [01;31m[Ktf_broadcaster_[m[K->sendTransform(t);
[20.823s]       |       [01;31m[K^~~~~~~~~~~~~~~[m[K
[20.826s] [01m[K/home/jg/farmbot_ws/src/farmbot_gazebo_plugin/src/farmbot_gazebo_plugin.cpp:159:16:[m[K [01;31m[Kerror: [m[K‘[01m[KJointState[m[K’ was not declared in this scope
[20.826s]   159 |     auto msg = [01;31m[KJointState[m[K{};
[20.827s]       |                [01;31m[K^~~~~~~~~~[m[K
[20.827s] [01m[K/home/jg/farmbot_ws/src/farmbot_gazebo_plugin/src/farmbot_gazebo_plugin.cpp:159:16:[m[K [01;36m[Knote: [m[Ksuggested alternatives:
[20.827s] In file included from [01m[K/usr/include/gazebo-11/gazebo/physics/ModelState.hh:30[m[K,
[20.827s]                  from [01m[K/usr/include/gazebo-11/gazebo/physics/Model.hh:29[m[K,
[20.828s]                  from [01m[K/usr/include/gazebo-11/gazebo/physics/Actor.hh:27[m[K,
[20.828s]                  from [01m[K/usr/include/gazebo-11/gazebo/physics/physics.hh:2[m[K,
[20.828s]                  from [01m[K/home/jg/farmbot_ws/src/farmbot_gazebo_plugin/src/farmbot_gazebo_plugin.hpp:8[m[K,
[20.828s]                  from [01m[K/home/jg/farmbot_ws/src/farmbot_gazebo_plugin/src/farmbot_gazebo_plugin.cpp:1[m[K:
[20.829s] [01m[K/usr/include/gazebo-11/gazebo/physics/JointState.hh:36:30:[m[K [01;36m[Knote: [m[K  ‘[01m[Kgazebo::physics::JointState[m[K’
[20.829s]    36 |     class GZ_PHYSICS_VISIBLE [01;36m[KJointState[m[K : public State
[20.829s]       |                              [01;36m[K^~~~~~~~~~[m[K
[20.829s] In file included from [01m[K/opt/ros/foxy/include/sensor_msgs/msg/joint_state.hpp:7[m[K,
[20.829s]                  from [01m[K/home/jg/farmbot_ws/src/farmbot_gazebo_plugin/src/farmbot_gazebo_plugin.hpp:12[m[K,
[20.830s]                  from [01m[K/home/jg/farmbot_ws/src/farmbot_gazebo_plugin/src/farmbot_gazebo_plugin.cpp:1[m[K:
[20.830s] [01m[K/opt/ros/foxy/include/sensor_msgs/msg/detail/joint_state__struct.hpp:166:7:[m[K [01;36m[Knote: [m[K  ‘[01m[Ksensor_msgs::msg::JointState[m[K’
[20.830s]   166 | using [01;36m[KJointState[m[K =
[20.830s]       |       [01;36m[K^~~~~~~~~~[m[K
[20.839s] [01m[K/home/jg/farmbot_ws/src/farmbot_gazebo_plugin/src/farmbot_gazebo_plugin.cpp:162:20:[m[K [01;31m[Kerror: [m[K‘[01m[Kjoints_[m[K’ was not declared in this scope
[20.839s]   162 |     for (auto& j : [01;31m[Kjoints_[m[K) {
[20.839s]       |                    [01;31m[K^~~~~~~[m[K
[20.863s] [01m[K/home/jg/farmbot_ws/src/farmbot_gazebo_plugin/src/farmbot_gazebo_plugin.cpp:169:5:[m[K [01;31m[Kerror: [m[K‘[01m[Kjoint_state_pub_[m[K’ was not declared in this scope
[20.863s]   169 |     [01;31m[Kjoint_state_pub_[m[K->publish(msg);
[20.864s]       |     [01;31m[K^~~~~~~~~~~~~~~~[m[K
[20.884s] [01m[K/home/jg/farmbot_ws/src/farmbot_gazebo_plugin/src/farmbot_gazebo_plugin.cpp:173:3:[m[K [01;31m[Kerror: [m[K‘[01m[Klast_sim_time_[m[K’ was not declared in this scope
[20.885s]   173 |   [01;31m[Klast_sim_time_[m[K = cur_time;
[20.885s]       |   [01;31m[K^~~~~~~~~~~~~~[m[K
[20.885s] In file included from [01m[K/home/jg/farmbot_ws/src/farmbot_gazebo_plugin/src/farmbot_gazebo_plugin.hpp:7[m[K,
[20.885s]                  from [01m[K/home/jg/farmbot_ws/src/farmbot_gazebo_plugin/src/farmbot_gazebo_plugin.cpp:1[m[K:
[20.886s] [01m[K/home/jg/farmbot_ws/src/farmbot_gazebo_plugin/src/farmbot_gazebo_plugin.cpp:[m[K In function ‘[01m[Kgazebo::ModelPlugin* farmbot_gazebo_plugin::RegisterPlugin()[m[K’:
[20.886s] [01m[K/home/jg/farmbot_ws/src/farmbot_gazebo_plugin/src/farmbot_gazebo_plugin.cpp:176:26:[m[K [01;31m[Kerror: [m[Kexpected type-specifier before ‘[01m[KCarGazeboPlugin[m[K’
[20.886s]   176 | GZ_REGISTER_MODEL_PLUGIN([01;31m[KCarGazeboPlugin[m[K)
[20.886s]       |                          [01;31m[K^~~~~~~~~~~~~~~[m[K
[20.887s] [01m[K/usr/include/gazebo-11/gazebo/common/Plugin.hh:459:16:[m[K [01;36m[Knote: [m[Kin definition of macro ‘[01m[KGZ_REGISTER_MODEL_PLUGIN[m[K’
[20.887s]   459 |     return new [01;36m[Kclassname[m[K();\
[20.887s]       |                [01;36m[K^~~~~~~~~[m[K
[20.887s] [01m[K/home/jg/farmbot_ws/src/farmbot_gazebo_plugin/src/farmbot_gazebo_plugin.cpp:176:26:[m[K [01;31m[Kerror: [m[Kexpected ‘[01m[K;[m[K’ before ‘[01m[KCarGazeboPlugin[m[K’
[20.887s]   176 | GZ_REGISTER_MODEL_PLUGIN([01;31m[KCarGazeboPlugin[m[K)
[20.888s]       |                          [01;31m[K^~~~~~~~~~~~~~~[m[K
[20.888s] [01m[K/usr/include/gazebo-11/gazebo/common/Plugin.hh:459:16:[m[K [01;36m[Knote: [m[Kin definition of macro ‘[01m[KGZ_REGISTER_MODEL_PLUGIN[m[K’
[20.888s]   459 |     return new [01;36m[Kclassname[m[K();\
[20.888s]       |                [01;36m[K^~~~~~~~~[m[K
[20.897s] [01m[K/home/jg/farmbot_ws/src/farmbot_gazebo_plugin/src/farmbot_gazebo_plugin.cpp:176:26:[m[K [01;31m[Kerror: [m[K‘[01m[KCarGazeboPlugin[m[K’ was not declared in this scope; did you mean ‘[01m[Kneor_mini_gazebo_plugin::CarGazeboPlugin[m[K’?
[20.898s]   176 | GZ_REGISTER_MODEL_PLUGIN([01;31m[KCarGazeboPlugin[m[K)
[20.898s]       |                          [01;31m[K^~~~~~~~~~~~~~~[m[K
[20.898s] [01m[K/usr/include/gazebo-11/gazebo/common/Plugin.hh:459:16:[m[K [01;36m[Knote: [m[Kin definition of macro ‘[01m[KGZ_REGISTER_MODEL_PLUGIN[m[K’
[20.898s]   459 |     return new [01;36m[Kclassname[m[K();\
[20.898s]       |                [01;36m[K^~~~~~~~~[m[K
[20.898s] In file included from [01m[K/home/jg/farmbot_ws/src/farmbot_gazebo_plugin/src/farmbot_gazebo_plugin.cpp:1[m[K:
[20.899s] [01m[K/home/jg/farmbot_ws/src/farmbot_gazebo_plugin/src/farmbot_gazebo_plugin.hpp:111:9:[m[K [01;36m[Knote: [m[K‘[01m[Kneor_mini_gazebo_plugin::CarGazeboPlugin[m[K’ declared here
[20.899s]   111 |   class [01;36m[KCarGazeboPlugin[m[K : public gazebo::ModelPlugin
[20.899s]       |         [01;36m[K^~~~~~~~~~~~~~~[m[K
[24.817s] make[2]: *** [CMakeFiles/farmbot_gazebo_plugin.dir/build.make:63: CMakeFiles/farmbot_gazebo_plugin.dir/src/farmbot_gazebo_plugin.cpp.o] Error 1
[24.817s] make[1]: *** [CMakeFiles/Makefile2:78: CMakeFiles/farmbot_gazebo_plugin.dir/all] Error 2
[24.817s] make: *** [Makefile:141: all] Error 2
[24.822s] Invoked command in '/home/jg/farmbot_ws/build/farmbot_gazebo_plugin' returned '2': CMAKE_PREFIX_PATH=${CMAKE_PREFIX_PATH}:/opt/ros/foxy /usr/bin/cmake --build /home/jg/farmbot_ws/build/farmbot_gazebo_plugin -- -j10 -l10
