/home/jg/farmbot_ws/install/farmbot_description/lib/python3.8/site-packages/farmbot_description/__init__.py
/home/jg/farmbot_ws/install/farmbot_description/lib/python3.8/site-packages/farmbot_description/__pycache__/__init__.cpython-38.pyc
/home/jg/farmbot_ws/install/farmbot_description/share/ament_index/resource_index/packages/farmbot_description
/home/jg/farmbot_ws/install/farmbot_description/share/farmbot_description/package.xml
/home/jg/farmbot_ws/install/farmbot_description/share/farmbot_description/launch/display.launch.py
/home/jg/farmbot_ws/install/farmbot_description/share/farmbot_description/launch/gazebo.launch.py
/home/jg/farmbot_ws/install/farmbot_description/share/farmbot_description/urdf/gazebo_control_skid.xacro
/home/jg/farmbot_ws/install/farmbot_description/share/farmbot_description/urdf/materials.xacro
/home/jg/farmbot_ws/install/farmbot_description/share/farmbot_description/urdf/inertial_macros.xacro
/home/jg/farmbot_ws/install/farmbot_description/share/farmbot_description/urdf/farmbot.trans
/home/jg/farmbot_ws/install/farmbot_description/share/farmbot_description/urdf/farmbot.gazebo
/home/jg/farmbot_ws/install/farmbot_description/share/farmbot_description/urdf/farmbot.xacro
/home/jg/farmbot_ws/install/farmbot_description/share/farmbot_description/urdf/lidar.xacro
/home/jg/farmbot_ws/install/farmbot_description/share/farmbot_description/urdf/gazebo_control.xacro
/home/jg/farmbot_ws/install/farmbot_description/share/farmbot_description/urdf/farmbotWorkingArchieve.xacro
/home/jg/farmbot_ws/install/farmbot_description/share/farmbot_description/meshes/component__2__3.stl
/home/jg/farmbot_ws/install/farmbot_description/share/farmbot_description/meshes/component__2__1.stl
/home/jg/farmbot_ws/install/farmbot_description/share/farmbot_description/meshes/component__2__4.stl
/home/jg/farmbot_ws/install/farmbot_description/share/farmbot_description/meshes/component__1__1.stl
/home/jg/farmbot_ws/install/farmbot_description/share/farmbot_description/meshes/base_link.stl
/home/jg/farmbot_ws/install/farmbot_description/share/farmbot_description/meshes/component__2__2.stl
/home/jg/farmbot_ws/install/farmbot_description/share/farmbot_description/config/display.rviz
/home/jg/farmbot_ws/install/farmbot_description/lib/python3.8/site-packages/farmbot_description-0.0.0-py3.8.egg-info/SOURCES.txt
/home/jg/farmbot_ws/install/farmbot_description/lib/python3.8/site-packages/farmbot_description-0.0.0-py3.8.egg-info/zip-safe
/home/jg/farmbot_ws/install/farmbot_description/lib/python3.8/site-packages/farmbot_description-0.0.0-py3.8.egg-info/top_level.txt
/home/jg/farmbot_ws/install/farmbot_description/lib/python3.8/site-packages/farmbot_description-0.0.0-py3.8.egg-info/PKG-INFO
/home/jg/farmbot_ws/install/farmbot_description/lib/python3.8/site-packages/farmbot_description-0.0.0-py3.8.egg-info/requires.txt
/home/jg/farmbot_ws/install/farmbot_description/lib/python3.8/site-packages/farmbot_description-0.0.0-py3.8.egg-info/entry_points.txt
/home/jg/farmbot_ws/install/farmbot_description/lib/python3.8/site-packages/farmbot_description-0.0.0-py3.8.egg-info/dependency_links.txt
